
ledbtn.elf:     file format elf32-avr

Sections:
Idx Name          Size      VMA       LMA       File off  Algn
  0 .data         00000000  00800100  0000015a  000001ce  2**0
                  CONTENTS, ALLOC, LOAD, DATA
  1 .text         0000015a  00000000  00000000  00000074  2**1
                  CONTENTS, ALLOC, LOAD, READONLY, CODE
  2 .stab         000005c4  00000000  00000000  000001d0  2**2
                  CONTENTS, READONLY, DEBUGGING
  3 .stabstr      00000cd0  00000000  00000000  00000794  2**0
                  CONTENTS, READONLY, DEBUGGING
  4 .comment      00000011  00000000  00000000  00001464  2**0
                  CONTENTS, READONLY
  5 .note.gnu.avr.deviceinfo 00000040  00000000  00000000  00001478  2**2
                  CONTENTS, READONLY
  6 .debug_info   000005f4  00000000  00000000  000014b8  2**0
                  CONTENTS, READONLY, DEBUGGING
  7 .debug_abbrev 000005a2  00000000  00000000  00001aac  2**0
                  CONTENTS, READONLY, DEBUGGING
  8 .debug_line   0000001a  00000000  00000000  0000204e  2**0
                  CONTENTS, READONLY, DEBUGGING
  9 .debug_str    00000208  00000000  00000000  00002068  2**0
                  CONTENTS, READONLY, DEBUGGING

Disassembly of section .text:

00000000 <__vectors>:
   0:	0c 94 34 00 	jmp	0x68	; 0x68 <__ctors_end>
   4:	0c 94 3e 00 	jmp	0x7c	; 0x7c <__bad_interrupt>
   8:	0c 94 3e 00 	jmp	0x7c	; 0x7c <__bad_interrupt>
   c:	0c 94 3e 00 	jmp	0x7c	; 0x7c <__bad_interrupt>
  10:	0c 94 3e 00 	jmp	0x7c	; 0x7c <__bad_interrupt>
  14:	0c 94 3e 00 	jmp	0x7c	; 0x7c <__bad_interrupt>
  18:	0c 94 3e 00 	jmp	0x7c	; 0x7c <__bad_interrupt>
  1c:	0c 94 3e 00 	jmp	0x7c	; 0x7c <__bad_interrupt>
  20:	0c 94 3e 00 	jmp	0x7c	; 0x7c <__bad_interrupt>
  24:	0c 94 3e 00 	jmp	0x7c	; 0x7c <__bad_interrupt>
  28:	0c 94 3e 00 	jmp	0x7c	; 0x7c <__bad_interrupt>
  2c:	0c 94 3e 00 	jmp	0x7c	; 0x7c <__bad_interrupt>
  30:	0c 94 3e 00 	jmp	0x7c	; 0x7c <__bad_interrupt>
  34:	0c 94 3e 00 	jmp	0x7c	; 0x7c <__bad_interrupt>
  38:	0c 94 3e 00 	jmp	0x7c	; 0x7c <__bad_interrupt>
  3c:	0c 94 3e 00 	jmp	0x7c	; 0x7c <__bad_interrupt>
  40:	0c 94 3e 00 	jmp	0x7c	; 0x7c <__bad_interrupt>
  44:	0c 94 3e 00 	jmp	0x7c	; 0x7c <__bad_interrupt>
  48:	0c 94 3e 00 	jmp	0x7c	; 0x7c <__bad_interrupt>
  4c:	0c 94 3e 00 	jmp	0x7c	; 0x7c <__bad_interrupt>
  50:	0c 94 3e 00 	jmp	0x7c	; 0x7c <__bad_interrupt>
  54:	0c 94 3e 00 	jmp	0x7c	; 0x7c <__bad_interrupt>
  58:	0c 94 3e 00 	jmp	0x7c	; 0x7c <__bad_interrupt>
  5c:	0c 94 3e 00 	jmp	0x7c	; 0x7c <__bad_interrupt>
  60:	0c 94 3e 00 	jmp	0x7c	; 0x7c <__bad_interrupt>
  64:	0c 94 3e 00 	jmp	0x7c	; 0x7c <__bad_interrupt>

00000068 <__ctors_end>:
  68:	11 24       	eor	r1, r1
  6a:	1f be       	out	0x3f, r1	; 63
  6c:	cf ef       	ldi	r28, 0xFF	; 255
  6e:	d8 e0       	ldi	r29, 0x08	; 8
  70:	de bf       	out	0x3e, r29	; 62
  72:	cd bf       	out	0x3d, r28	; 61
  74:	0e 94 40 00 	call	0x80	; 0x80 <main>
  78:	0c 94 ab 00 	jmp	0x156	; 0x156 <_exit>

0000007c <__bad_interrupt>:
  7c:	0c 94 00 00 	jmp	0	; 0x0 <__vectors>

00000080 <main>:

#define BTN PB4
#define BTN_PIN PINB
#define BTN_PORT PORTB

int main() {
  80:	cf 93       	push	r28
  82:	df 93       	push	r29
  84:	cd b7       	in	r28, 0x3d	; 61
  86:	de b7       	in	r29, 0x3e	; 62
  88:	c4 56       	subi	r28, 0x64	; 100
  8a:	d1 09       	sbc	r29, r1
  8c:	0f b6       	in	r0, 0x3f	; 63
  8e:	f8 94       	cli
  90:	de bf       	out	0x3e, r29	; 62
  92:	0f be       	out	0x3f, r0	; 63
  94:	cd bf       	out	0x3d, r28	; 61
  BTN_PORT |= _BV(BTN);
  96:	2c 9a       	sbi	0x05, 4	; 5
  LED_DDR |= _BV(LED);
  98:	25 9a       	sbi	0x04, 5	; 4
  9a:	8e 01       	movw	r16, r28
  9c:	0f 5f       	subi	r16, 0xFF	; 255
  9e:	1f 4f       	sbci	r17, 0xFF	; 255
  a0:	84 e6       	ldi	r24, 0x64	; 100
  a2:	f8 01       	movw	r30, r16
  a4:	11 92       	st	Z+, r1
  a6:	8a 95       	dec	r24
  a8:	e9 f7       	brne	.-6      	; 0xa4 <main+0x24>
  aa:	20 e0       	ldi	r18, 0x00	; 0
  ac:	30 e0       	ldi	r19, 0x00	; 0
  	press_memory[i] = false;
  }

  while (1) {
    if (BTN_PIN & _BV(BTN))
    	press_memory[counter] = true;
  ae:	41 e0       	ldi	r20, 0x01	; 1
    else
    	press_memory[counter] = false;
    if (press_memory[(counter + 50) % 100])
  b0:	84 e6       	ldi	r24, 0x64	; 100
  b2:	e8 2e       	mov	r14, r24
  b4:	f1 2c       	mov	r15, r1
  	press_memory[i] = false;
  }

  while (1) {
    if (BTN_PIN & _BV(BTN))
    	press_memory[counter] = true;
  b6:	f8 01       	movw	r30, r16
  b8:	e2 0f       	add	r30, r18
  ba:	f3 1f       	adc	r31, r19
  {
  	press_memory[i] = false;
  }

  while (1) {
    if (BTN_PIN & _BV(BTN))
  bc:	1c 9b       	sbis	0x03, 4	; 3
  be:	1f c0       	rjmp	.+62     	; 0xfe <main+0x7e>
    	press_memory[counter] = true;
  c0:	40 83       	st	Z, r20
    else
    	press_memory[counter] = false;
    if (press_memory[(counter + 50) % 100])
  c2:	c9 01       	movw	r24, r18
  c4:	c2 96       	adiw	r24, 0x32	; 50
  c6:	b7 01       	movw	r22, r14
  c8:	0e 94 83 00 	call	0x106	; 0x106 <__divmodhi4>
  cc:	f8 01       	movw	r30, r16
  ce:	e8 0f       	add	r30, r24
  d0:	f9 1f       	adc	r31, r25
  d2:	80 81       	ld	r24, Z
  d4:	88 23       	and	r24, r24
  d6:	a9 f0       	breq	.+42     	; 0x102 <main+0x82>
      LED_PORT &= ~_BV(LED);
  d8:	2d 98       	cbi	0x05, 5	; 5
	#else
		//round up by default
		__ticks_dc = (uint32_t)(ceil(fabs(__tmp)));
	#endif

	__builtin_avr_delay_cycles(__ticks_dc);
  da:	8f e3       	ldi	r24, 0x3F	; 63
  dc:	9c e9       	ldi	r25, 0x9C	; 156
  de:	01 97       	sbiw	r24, 0x01	; 1
  e0:	f1 f7       	brne	.-4      	; 0xde <main+0x5e>
  e2:	00 c0       	rjmp	.+0      	; 0xe4 <main+0x64>
  e4:	00 00       	nop
    else
      LED_PORT |= _BV(LED);
    _delay_ms(10);
  	counter++;
  e6:	2f 5f       	subi	r18, 0xFF	; 255
  e8:	3f 4f       	sbci	r19, 0xFF	; 255
    if (counter >= 100)
  ea:	24 36       	cpi	r18, 0x64	; 100
  ec:	31 05       	cpc	r19, r1
  ee:	1c f3       	brlt	.-58     	; 0xb6 <main+0x36>
	   counter = 0;
  f0:	20 e0       	ldi	r18, 0x00	; 0
  f2:	30 e0       	ldi	r19, 0x00	; 0
  	press_memory[i] = false;
  }

  while (1) {
    if (BTN_PIN & _BV(BTN))
    	press_memory[counter] = true;
  f4:	f8 01       	movw	r30, r16
  f6:	e2 0f       	add	r30, r18
  f8:	f3 1f       	adc	r31, r19
  {
  	press_memory[i] = false;
  }

  while (1) {
    if (BTN_PIN & _BV(BTN))
  fa:	1c 99       	sbic	0x03, 4	; 3
  fc:	e1 cf       	rjmp	.-62     	; 0xc0 <main+0x40>
    	press_memory[counter] = true;
    else
    	press_memory[counter] = false;
  fe:	10 82       	st	Z, r1
 100:	e0 cf       	rjmp	.-64     	; 0xc2 <main+0x42>
    if (press_memory[(counter + 50) % 100])
      LED_PORT &= ~_BV(LED);
    else
      LED_PORT |= _BV(LED);
 102:	2d 9a       	sbi	0x05, 5	; 5
 104:	ea cf       	rjmp	.-44     	; 0xda <main+0x5a>

00000106 <__divmodhi4>:
 106:	97 fb       	bst	r25, 7
 108:	07 2e       	mov	r0, r23
 10a:	16 f4       	brtc	.+4      	; 0x110 <__divmodhi4+0xa>
 10c:	00 94       	com	r0
 10e:	07 d0       	rcall	.+14     	; 0x11e <__divmodhi4_neg1>
 110:	77 fd       	sbrc	r23, 7
 112:	09 d0       	rcall	.+18     	; 0x126 <__divmodhi4_neg2>
 114:	0e 94 97 00 	call	0x12e	; 0x12e <__udivmodhi4>
 118:	07 fc       	sbrc	r0, 7
 11a:	05 d0       	rcall	.+10     	; 0x126 <__divmodhi4_neg2>
 11c:	3e f4       	brtc	.+14     	; 0x12c <__divmodhi4_exit>

0000011e <__divmodhi4_neg1>:
 11e:	90 95       	com	r25
 120:	81 95       	neg	r24
 122:	9f 4f       	sbci	r25, 0xFF	; 255
 124:	08 95       	ret

00000126 <__divmodhi4_neg2>:
 126:	70 95       	com	r23
 128:	61 95       	neg	r22
 12a:	7f 4f       	sbci	r23, 0xFF	; 255

0000012c <__divmodhi4_exit>:
 12c:	08 95       	ret

0000012e <__udivmodhi4>:
 12e:	aa 1b       	sub	r26, r26
 130:	bb 1b       	sub	r27, r27
 132:	51 e1       	ldi	r21, 0x11	; 17
 134:	07 c0       	rjmp	.+14     	; 0x144 <__udivmodhi4_ep>

00000136 <__udivmodhi4_loop>:
 136:	aa 1f       	adc	r26, r26
 138:	bb 1f       	adc	r27, r27
 13a:	a6 17       	cp	r26, r22
 13c:	b7 07       	cpc	r27, r23
 13e:	10 f0       	brcs	.+4      	; 0x144 <__udivmodhi4_ep>
 140:	a6 1b       	sub	r26, r22
 142:	b7 0b       	sbc	r27, r23

00000144 <__udivmodhi4_ep>:
 144:	88 1f       	adc	r24, r24
 146:	99 1f       	adc	r25, r25
 148:	5a 95       	dec	r21
 14a:	a9 f7       	brne	.-22     	; 0x136 <__udivmodhi4_loop>
 14c:	80 95       	com	r24
 14e:	90 95       	com	r25
 150:	bc 01       	movw	r22, r24
 152:	cd 01       	movw	r24, r26
 154:	08 95       	ret

00000156 <_exit>:
 156:	f8 94       	cli

00000158 <__stop_program>:
 158:	ff cf       	rjmp	.-2      	; 0x158 <__stop_program>
