
zad1.elf:     file format elf32-avr

Sections:
Idx Name          Size      VMA       LMA       File off  Algn
  0 .data         00000142  00800100  00001160  000011f4  2**0
                  CONTENTS, ALLOC, LOAD, DATA
  1 .text         00001160  00000000  00000000  00000094  2**1
                  CONTENTS, ALLOC, LOAD, READONLY, CODE
  2 .bss          00000014  00800242  00800242  00001336  2**0
                  ALLOC
  3 .stab         00000b28  00000000  00000000  00001338  2**2
                  CONTENTS, READONLY, DEBUGGING
  4 .stabstr      00000f8a  00000000  00000000  00001e60  2**0
                  CONTENTS, READONLY, DEBUGGING
  5 .comment      00000011  00000000  00000000  00002dea  2**0
                  CONTENTS, READONLY
  6 .note.gnu.avr.deviceinfo 00000040  00000000  00000000  00002dfc  2**2
                  CONTENTS, READONLY
  7 .debug_info   000005f4  00000000  00000000  00002e3c  2**0
                  CONTENTS, READONLY, DEBUGGING
  8 .debug_abbrev 000005a2  00000000  00000000  00003430  2**0
                  CONTENTS, READONLY, DEBUGGING
  9 .debug_line   0000001a  00000000  00000000  000039d2  2**0
                  CONTENTS, READONLY, DEBUGGING
 10 .debug_str    00000208  00000000  00000000  000039ec  2**0
                  CONTENTS, READONLY, DEBUGGING

Disassembly of section .text:

00000000 <__vectors>:
       0:	0c 94 34 00 	jmp	0x68	; 0x68 <__ctors_end>
       4:	0c 94 51 00 	jmp	0xa2	; 0xa2 <__bad_interrupt>
       8:	0c 94 51 00 	jmp	0xa2	; 0xa2 <__bad_interrupt>
       c:	0c 94 51 00 	jmp	0xa2	; 0xa2 <__bad_interrupt>
      10:	0c 94 51 00 	jmp	0xa2	; 0xa2 <__bad_interrupt>
      14:	0c 94 51 00 	jmp	0xa2	; 0xa2 <__bad_interrupt>
      18:	0c 94 51 00 	jmp	0xa2	; 0xa2 <__bad_interrupt>
      1c:	0c 94 51 00 	jmp	0xa2	; 0xa2 <__bad_interrupt>
      20:	0c 94 51 00 	jmp	0xa2	; 0xa2 <__bad_interrupt>
      24:	0c 94 51 00 	jmp	0xa2	; 0xa2 <__bad_interrupt>
      28:	0c 94 51 00 	jmp	0xa2	; 0xa2 <__bad_interrupt>
      2c:	0c 94 51 00 	jmp	0xa2	; 0xa2 <__bad_interrupt>
      30:	0c 94 51 00 	jmp	0xa2	; 0xa2 <__bad_interrupt>
      34:	0c 94 51 00 	jmp	0xa2	; 0xa2 <__bad_interrupt>
      38:	0c 94 51 00 	jmp	0xa2	; 0xa2 <__bad_interrupt>
      3c:	0c 94 51 00 	jmp	0xa2	; 0xa2 <__bad_interrupt>
      40:	0c 94 51 00 	jmp	0xa2	; 0xa2 <__bad_interrupt>
      44:	0c 94 51 00 	jmp	0xa2	; 0xa2 <__bad_interrupt>
      48:	0c 94 51 00 	jmp	0xa2	; 0xa2 <__bad_interrupt>
      4c:	0c 94 51 00 	jmp	0xa2	; 0xa2 <__bad_interrupt>
      50:	0c 94 51 00 	jmp	0xa2	; 0xa2 <__bad_interrupt>
      54:	0c 94 51 00 	jmp	0xa2	; 0xa2 <__bad_interrupt>
      58:	0c 94 51 00 	jmp	0xa2	; 0xa2 <__bad_interrupt>
      5c:	0c 94 51 00 	jmp	0xa2	; 0xa2 <__bad_interrupt>
      60:	0c 94 51 00 	jmp	0xa2	; 0xa2 <__bad_interrupt>
      64:	0c 94 51 00 	jmp	0xa2	; 0xa2 <__bad_interrupt>

00000068 <__ctors_end>:
      68:	11 24       	eor	r1, r1
      6a:	1f be       	out	0x3f, r1	; 63
      6c:	cf ef       	ldi	r28, 0xFF	; 255
      6e:	d8 e0       	ldi	r29, 0x08	; 8
      70:	de bf       	out	0x3e, r29	; 62
      72:	cd bf       	out	0x3d, r28	; 61

00000074 <__do_copy_data>:
      74:	12 e0       	ldi	r17, 0x02	; 2
      76:	a0 e0       	ldi	r26, 0x00	; 0
      78:	b1 e0       	ldi	r27, 0x01	; 1
      7a:	e0 e6       	ldi	r30, 0x60	; 96
      7c:	f1 e1       	ldi	r31, 0x11	; 17
      7e:	02 c0       	rjmp	.+4      	; 0x84 <__do_copy_data+0x10>
      80:	05 90       	lpm	r0, Z+
      82:	0d 92       	st	X+, r0
      84:	a2 34       	cpi	r26, 0x42	; 66
      86:	b1 07       	cpc	r27, r17
      88:	d9 f7       	brne	.-10     	; 0x80 <__do_copy_data+0xc>

0000008a <__do_clear_bss>:
      8a:	22 e0       	ldi	r18, 0x02	; 2
      8c:	a2 e4       	ldi	r26, 0x42	; 66
      8e:	b2 e0       	ldi	r27, 0x02	; 2
      90:	01 c0       	rjmp	.+2      	; 0x94 <.do_clear_bss_start>

00000092 <.do_clear_bss_loop>:
      92:	1d 92       	st	X+, r1

00000094 <.do_clear_bss_start>:
      94:	a6 35       	cpi	r26, 0x56	; 86
      96:	b2 07       	cpc	r27, r18
      98:	e1 f7       	brne	.-8      	; 0x92 <.do_clear_bss_loop>
      9a:	0e 94 77 00 	call	0xee	; 0xee <main>
      9e:	0c 94 ae 08 	jmp	0x115c	; 0x115c <_exit>

000000a2 <__bad_interrupt>:
      a2:	0c 94 00 00 	jmp	0	; 0x0 <__vectors>

000000a6 <uart_transmit>:
    UCSR0C = _BV(UCSZ00) | _BV(UCSZ01);
}

int uart_transmit(char data, FILE *stream)
{
    while (!(UCSR0A & _BV(UDRE0)))
      a6:	90 91 c0 00 	lds	r25, 0x00C0	; 0x8000c0 <__TEXT_REGION_LENGTH__+0x7e00c0>
      aa:	95 ff       	sbrs	r25, 5
      ac:	fc cf       	rjmp	.-8      	; 0xa6 <uart_transmit>
        ;
    UDR0 = data;
      ae:	80 93 c6 00 	sts	0x00C6, r24	; 0x8000c6 <__TEXT_REGION_LENGTH__+0x7e00c6>
    return 0;
}
      b2:	80 e0       	ldi	r24, 0x00	; 0
      b4:	90 e0       	ldi	r25, 0x00	; 0
      b6:	08 95       	ret

000000b8 <uart_receive>:

int uart_receive(FILE *stream)
{
    while (!(UCSR0A & _BV(RXC0)))
      b8:	80 91 c0 00 	lds	r24, 0x00C0	; 0x8000c0 <__TEXT_REGION_LENGTH__+0x7e00c0>
      bc:	87 ff       	sbrs	r24, 7
      be:	fc cf       	rjmp	.-8      	; 0xb8 <uart_receive>
        ;
    return UDR0;
      c0:	80 91 c6 00 	lds	r24, 0x00C6	; 0x8000c6 <__TEXT_REGION_LENGTH__+0x7e00c6>
}
      c4:	90 e0       	ldi	r25, 0x00	; 0
      c6:	08 95       	ret

000000c8 <uart_init>:
#define UBRR_VALUE ((F_CPU) / 16 / (BAUD)-1)


void uart_init()
{
    UBRR0 = UBRR_VALUE;
      c8:	87 e6       	ldi	r24, 0x67	; 103
      ca:	90 e0       	ldi	r25, 0x00	; 0
      cc:	90 93 c5 00 	sts	0x00C5, r25	; 0x8000c5 <__TEXT_REGION_LENGTH__+0x7e00c5>
      d0:	80 93 c4 00 	sts	0x00C4, r24	; 0x8000c4 <__TEXT_REGION_LENGTH__+0x7e00c4>
    UCSR0A = 0;
      d4:	10 92 c0 00 	sts	0x00C0, r1	; 0x8000c0 <__TEXT_REGION_LENGTH__+0x7e00c0>
    UCSR0B = _BV(RXEN0) | _BV(TXEN0);
      d8:	88 e1       	ldi	r24, 0x18	; 24
      da:	80 93 c1 00 	sts	0x00C1, r24	; 0x8000c1 <__TEXT_REGION_LENGTH__+0x7e00c1>
    UCSR0C = _BV(UCSZ00) | _BV(UCSZ01);
      de:	86 e0       	ldi	r24, 0x06	; 6
      e0:	80 93 c2 00 	sts	0x00C2, r24	; 0x8000c2 <__TEXT_REGION_LENGTH__+0x7e00c2>
      e4:	08 95       	ret

000000e6 <timer1_init>:

void timer1_init(){
    // ustaw tryb licznika
    // WGM1  = 0000 -- normal
    // CS1   = 001  -- prescaler 1
    TCCR1B = _BV(CS10);
      e6:	81 e0       	ldi	r24, 0x01	; 1
      e8:	80 93 81 00 	sts	0x0081, r24	; 0x800081 <__TEXT_REGION_LENGTH__+0x7e0081>
      ec:	08 95       	ret

000000ee <main>:
}

FILE uart_file;

int main(void)
{
      ee:	cf 93       	push	r28
      f0:	df 93       	push	r29
      f2:	cd b7       	in	r28, 0x3d	; 61
      f4:	de b7       	in	r29, 0x3e	; 62
      f6:	ef 97       	sbiw	r28, 0x3f	; 63
      f8:	0f b6       	in	r0, 0x3f	; 63
      fa:	f8 94       	cli
      fc:	de bf       	out	0x3e, r29	; 62
      fe:	0f be       	out	0x3f, r0	; 63
     100:	cd bf       	out	0x3d, r28	; 61
#define UBRR_VALUE ((F_CPU) / 16 / (BAUD)-1)


void uart_init()
{
    UBRR0 = UBRR_VALUE;
     102:	87 e6       	ldi	r24, 0x67	; 103
     104:	90 e0       	ldi	r25, 0x00	; 0
     106:	90 93 c5 00 	sts	0x00C5, r25	; 0x8000c5 <__TEXT_REGION_LENGTH__+0x7e00c5>
     10a:	80 93 c4 00 	sts	0x00C4, r24	; 0x8000c4 <__TEXT_REGION_LENGTH__+0x7e00c4>
    UCSR0A = 0;
     10e:	10 92 c0 00 	sts	0x00C0, r1	; 0x8000c0 <__TEXT_REGION_LENGTH__+0x7e00c0>
    UCSR0B = _BV(RXEN0) | _BV(TXEN0);
     112:	88 e1       	ldi	r24, 0x18	; 24
     114:	80 93 c1 00 	sts	0x00C1, r24	; 0x8000c1 <__TEXT_REGION_LENGTH__+0x7e00c1>
    UCSR0C = _BV(UCSZ00) | _BV(UCSZ01);
     118:	86 e0       	ldi	r24, 0x06	; 6
     11a:	80 93 c2 00 	sts	0x00C2, r24	; 0x8000c2 <__TEXT_REGION_LENGTH__+0x7e00c2>
FILE uart_file;

int main(void)
{
    uart_init();
    fdev_setup_stream(&uart_file, uart_transmit, uart_receive, _FDEV_SETUP_RW);
     11e:	82 e4       	ldi	r24, 0x42	; 66
     120:	92 e0       	ldi	r25, 0x02	; 2
     122:	23 e5       	ldi	r18, 0x53	; 83
     124:	30 e0       	ldi	r19, 0x00	; 0
     126:	30 93 4b 02 	sts	0x024B, r19	; 0x80024b <__data_end+0x9>
     12a:	20 93 4a 02 	sts	0x024A, r18	; 0x80024a <__data_end+0x8>
     12e:	2c e5       	ldi	r18, 0x5C	; 92
     130:	30 e0       	ldi	r19, 0x00	; 0
     132:	30 93 4d 02 	sts	0x024D, r19	; 0x80024d <__data_end+0xb>
     136:	20 93 4c 02 	sts	0x024C, r18	; 0x80024c <__data_end+0xa>
     13a:	23 e0       	ldi	r18, 0x03	; 3
     13c:	20 93 45 02 	sts	0x0245, r18	; 0x800245 <__data_end+0x3>
     140:	10 92 4f 02 	sts	0x024F, r1	; 0x80024f <__data_end+0xd>
     144:	10 92 4e 02 	sts	0x024E, r1	; 0x80024e <__data_end+0xc>
    stdin = stdout = stderr = &uart_file;
     148:	90 93 55 02 	sts	0x0255, r25	; 0x800255 <__iob+0x5>
     14c:	80 93 54 02 	sts	0x0254, r24	; 0x800254 <__iob+0x4>
     150:	90 93 53 02 	sts	0x0253, r25	; 0x800253 <__iob+0x3>
     154:	80 93 52 02 	sts	0x0252, r24	; 0x800252 <__iob+0x2>
     158:	90 93 51 02 	sts	0x0251, r25	; 0x800251 <__iob+0x1>
     15c:	80 93 50 02 	sts	0x0250, r24	; 0x800250 <__iob>

void timer1_init(){
    // ustaw tryb licznika
    // WGM1  = 0000 -- normal
    // CS1   = 001  -- prescaler 1
    TCCR1B = _BV(CS10);
     160:	81 e0       	ldi	r24, 0x01	; 1
     162:	80 93 81 00 	sts	0x0081, r24	; 0x800081 <__TEXT_REGION_LENGTH__+0x7e0081>
    volatile uint32_t i32_1, i32_2, i32_3;
    volatile uint64_t i64_1, i64_2, i64_3;
    volatile float f_1, f_2, f_3;
    uint16_t czas_01, czas_02, czas_1, czas_2, czas_3, czas_4;
    while(1){
        czas_01 = TCNT1;
     166:	a0 91 84 00 	lds	r26, 0x0084	; 0x800084 <__TEXT_REGION_LENGTH__+0x7e0084>
     16a:	b0 91 85 00 	lds	r27, 0x0085	; 0x800085 <__TEXT_REGION_LENGTH__+0x7e0085>
        i8_3 = i8_1 + i8_2;
     16e:	99 ad       	ldd	r25, Y+57	; 0x39
     170:	88 ad       	ldd	r24, Y+56	; 0x38
     172:	89 0f       	add	r24, r25
     174:	8f ab       	std	Y+55, r24	; 0x37
        czas_02 = TCNT1;
     176:	20 91 84 00 	lds	r18, 0x0084	; 0x800084 <__TEXT_REGION_LENGTH__+0x7e0084>
     17a:	30 91 85 00 	lds	r19, 0x0085	; 0x800085 <__TEXT_REGION_LENGTH__+0x7e0085>
        czas_1 = czas_02 - czas_01;
        czas_01 = TCNT1;
     17e:	00 91 84 00 	lds	r16, 0x0084	; 0x800084 <__TEXT_REGION_LENGTH__+0x7e0084>
     182:	10 91 85 00 	lds	r17, 0x0085	; 0x800085 <__TEXT_REGION_LENGTH__+0x7e0085>
        i8_3 = i8_1 - i8_2;
     186:	89 ad       	ldd	r24, Y+57	; 0x39
     188:	98 ad       	ldd	r25, Y+56	; 0x38
     18a:	89 1b       	sub	r24, r25
     18c:	8f ab       	std	Y+55, r24	; 0x37
        czas_02 = TCNT1;
     18e:	40 91 84 00 	lds	r20, 0x0084	; 0x800084 <__TEXT_REGION_LENGTH__+0x7e0084>
     192:	50 91 85 00 	lds	r21, 0x0085	; 0x800085 <__TEXT_REGION_LENGTH__+0x7e0085>
        czas_2 = czas_02 - czas_01;
        czas_01 = TCNT1;
     196:	e0 90 84 00 	lds	r14, 0x0084	; 0x800084 <__TEXT_REGION_LENGTH__+0x7e0084>
     19a:	f0 90 85 00 	lds	r15, 0x0085	; 0x800085 <__TEXT_REGION_LENGTH__+0x7e0085>
        i8_3 = i8_1 * i8_2;
     19e:	89 ad       	ldd	r24, Y+57	; 0x39
     1a0:	98 ad       	ldd	r25, Y+56	; 0x38
     1a2:	89 9f       	mul	r24, r25
     1a4:	80 2d       	mov	r24, r0
     1a6:	11 24       	eor	r1, r1
     1a8:	8f ab       	std	Y+55, r24	; 0x37
        czas_02 = TCNT1;
     1aa:	e0 91 84 00 	lds	r30, 0x0084	; 0x800084 <__TEXT_REGION_LENGTH__+0x7e0084>
     1ae:	f0 91 85 00 	lds	r31, 0x0085	; 0x800085 <__TEXT_REGION_LENGTH__+0x7e0085>
        czas_3 = czas_02 - czas_01;
        czas_01 = TCNT1;
     1b2:	c0 90 84 00 	lds	r12, 0x0084	; 0x800084 <__TEXT_REGION_LENGTH__+0x7e0084>
     1b6:	d0 90 85 00 	lds	r13, 0x0085	; 0x800085 <__TEXT_REGION_LENGTH__+0x7e0085>
        i8_3 = i8_1 / i8_2;
     1ba:	89 ad       	ldd	r24, Y+57	; 0x39
     1bc:	68 ad       	ldd	r22, Y+56	; 0x38
     1be:	0e 94 0d 03 	call	0x61a	; 0x61a <__udivmodqi4>
     1c2:	8f ab       	std	Y+55, r24	; 0x37
        czas_02 = TCNT1;
     1c4:	80 91 84 00 	lds	r24, 0x0084	; 0x800084 <__TEXT_REGION_LENGTH__+0x7e0084>
     1c8:	90 91 85 00 	lds	r25, 0x0085	; 0x800085 <__TEXT_REGION_LENGTH__+0x7e0085>
        czas_4 = czas_02 - czas_01;
        printf("W uint8_t czas dla \"+\"=%d, dla \"-\"=%d, dla \"*\"=%d, dla \"/\"=%d\r\n", czas_1, czas_2, czas_3, czas_4);
     1cc:	8c 19       	sub	r24, r12
     1ce:	9d 09       	sbc	r25, r13
     1d0:	9f 93       	push	r25
     1d2:	8f 93       	push	r24
     1d4:	cf 01       	movw	r24, r30
     1d6:	8e 19       	sub	r24, r14
     1d8:	9f 09       	sbc	r25, r15
     1da:	9f 93       	push	r25
     1dc:	8f 93       	push	r24
     1de:	ca 01       	movw	r24, r20
     1e0:	80 1b       	sub	r24, r16
     1e2:	91 0b       	sbc	r25, r17
     1e4:	9f 93       	push	r25
     1e6:	8f 93       	push	r24
     1e8:	c9 01       	movw	r24, r18
     1ea:	8a 1b       	sub	r24, r26
     1ec:	9b 0b       	sbc	r25, r27
     1ee:	9f 93       	push	r25
     1f0:	8f 93       	push	r24
     1f2:	20 e0       	ldi	r18, 0x00	; 0
     1f4:	31 e0       	ldi	r19, 0x01	; 1
     1f6:	3f 93       	push	r19
     1f8:	2f 93       	push	r18
     1fa:	0e 94 d0 05 	call	0xba0	; 0xba0 <printf>
        czas_01 = TCNT1;
     1fe:	e0 90 84 00 	lds	r14, 0x0084	; 0x800084 <__TEXT_REGION_LENGTH__+0x7e0084>
     202:	f0 90 85 00 	lds	r15, 0x0085	; 0x800085 <__TEXT_REGION_LENGTH__+0x7e0085>
        i16_3 = i16_1 + i16_2;
     206:	2d a9       	ldd	r18, Y+53	; 0x35
     208:	3e a9       	ldd	r19, Y+54	; 0x36
     20a:	8b a9       	ldd	r24, Y+51	; 0x33
     20c:	9c a9       	ldd	r25, Y+52	; 0x34
     20e:	82 0f       	add	r24, r18
     210:	93 1f       	adc	r25, r19
     212:	9a ab       	std	Y+50, r25	; 0x32
     214:	89 ab       	std	Y+49, r24	; 0x31
        czas_02 = TCNT1;
     216:	20 91 84 00 	lds	r18, 0x0084	; 0x800084 <__TEXT_REGION_LENGTH__+0x7e0084>
     21a:	30 91 85 00 	lds	r19, 0x0085	; 0x800085 <__TEXT_REGION_LENGTH__+0x7e0085>
        czas_1 = czas_02 - czas_01;
        czas_01 = TCNT1;
     21e:	c0 90 84 00 	lds	r12, 0x0084	; 0x800084 <__TEXT_REGION_LENGTH__+0x7e0084>
     222:	d0 90 85 00 	lds	r13, 0x0085	; 0x800085 <__TEXT_REGION_LENGTH__+0x7e0085>
        i16_3 = i16_1 - i16_2;
     226:	8d a9       	ldd	r24, Y+53	; 0x35
     228:	9e a9       	ldd	r25, Y+54	; 0x36
     22a:	4b a9       	ldd	r20, Y+51	; 0x33
     22c:	5c a9       	ldd	r21, Y+52	; 0x34
     22e:	84 1b       	sub	r24, r20
     230:	95 0b       	sbc	r25, r21
     232:	9a ab       	std	Y+50, r25	; 0x32
     234:	89 ab       	std	Y+49, r24	; 0x31
        czas_02 = TCNT1;
     236:	e0 91 84 00 	lds	r30, 0x0084	; 0x800084 <__TEXT_REGION_LENGTH__+0x7e0084>
     23a:	f0 91 85 00 	lds	r31, 0x0085	; 0x800085 <__TEXT_REGION_LENGTH__+0x7e0085>
        czas_2 = czas_02 - czas_01;
        czas_01 = TCNT1;
     23e:	a0 90 84 00 	lds	r10, 0x0084	; 0x800084 <__TEXT_REGION_LENGTH__+0x7e0084>
     242:	b0 90 85 00 	lds	r11, 0x0085	; 0x800085 <__TEXT_REGION_LENGTH__+0x7e0085>
        i16_3 = i16_1 * i16_2;
     246:	6d a9       	ldd	r22, Y+53	; 0x35
     248:	7e a9       	ldd	r23, Y+54	; 0x36
     24a:	4b a9       	ldd	r20, Y+51	; 0x33
     24c:	5c a9       	ldd	r21, Y+52	; 0x34
     24e:	64 9f       	mul	r22, r20
     250:	c0 01       	movw	r24, r0
     252:	65 9f       	mul	r22, r21
     254:	90 0d       	add	r25, r0
     256:	74 9f       	mul	r23, r20
     258:	90 0d       	add	r25, r0
     25a:	11 24       	eor	r1, r1
     25c:	9a ab       	std	Y+50, r25	; 0x32
     25e:	89 ab       	std	Y+49, r24	; 0x31
        czas_02 = TCNT1;
     260:	00 91 84 00 	lds	r16, 0x0084	; 0x800084 <__TEXT_REGION_LENGTH__+0x7e0084>
     264:	10 91 85 00 	lds	r17, 0x0085	; 0x800085 <__TEXT_REGION_LENGTH__+0x7e0085>
        czas_3 = czas_02 - czas_01;
        czas_01 = TCNT1;
     268:	80 90 84 00 	lds	r8, 0x0084	; 0x800084 <__TEXT_REGION_LENGTH__+0x7e0084>
     26c:	90 90 85 00 	lds	r9, 0x0085	; 0x800085 <__TEXT_REGION_LENGTH__+0x7e0085>
        i16_3 = i16_1 / i16_2;
     270:	8d a9       	ldd	r24, Y+53	; 0x35
     272:	9e a9       	ldd	r25, Y+54	; 0x36
     274:	6b a9       	ldd	r22, Y+51	; 0x33
     276:	7c a9       	ldd	r23, Y+52	; 0x34
     278:	0e 94 19 03 	call	0x632	; 0x632 <__udivmodhi4>
     27c:	7a ab       	std	Y+50, r23	; 0x32
     27e:	69 ab       	std	Y+49, r22	; 0x31
        czas_02 = TCNT1;
     280:	80 91 84 00 	lds	r24, 0x0084	; 0x800084 <__TEXT_REGION_LENGTH__+0x7e0084>
     284:	90 91 85 00 	lds	r25, 0x0085	; 0x800085 <__TEXT_REGION_LENGTH__+0x7e0085>
        czas_4 = czas_02 - czas_01;
        printf("W uint16_t czas dla \"+\"=%d, dla \"-\"=%d, dla \"*\"=%d, dla \"/\"=%d\r\n", czas_1, czas_2, czas_3, czas_4);
     288:	88 19       	sub	r24, r8
     28a:	99 09       	sbc	r25, r9
     28c:	9f 93       	push	r25
     28e:	8f 93       	push	r24
     290:	c8 01       	movw	r24, r16
     292:	8a 19       	sub	r24, r10
     294:	9b 09       	sbc	r25, r11
     296:	9f 93       	push	r25
     298:	8f 93       	push	r24
     29a:	cf 01       	movw	r24, r30
     29c:	8c 19       	sub	r24, r12
     29e:	9d 09       	sbc	r25, r13
     2a0:	9f 93       	push	r25
     2a2:	8f 93       	push	r24
     2a4:	c9 01       	movw	r24, r18
     2a6:	8e 19       	sub	r24, r14
     2a8:	9f 09       	sbc	r25, r15
     2aa:	9f 93       	push	r25
     2ac:	8f 93       	push	r24
     2ae:	20 e4       	ldi	r18, 0x40	; 64
     2b0:	31 e0       	ldi	r19, 0x01	; 1
     2b2:	3f 93       	push	r19
     2b4:	2f 93       	push	r18
     2b6:	0e 94 d0 05 	call	0xba0	; 0xba0 <printf>
        czas_01 = TCNT1;
     2ba:	40 90 84 00 	lds	r4, 0x0084	; 0x800084 <__TEXT_REGION_LENGTH__+0x7e0084>
     2be:	50 90 85 00 	lds	r5, 0x0085	; 0x800085 <__TEXT_REGION_LENGTH__+0x7e0085>
        i32_3 = i32_1 + i32_2;
     2c2:	4d a5       	ldd	r20, Y+45	; 0x2d
     2c4:	5e a5       	ldd	r21, Y+46	; 0x2e
     2c6:	6f a5       	ldd	r22, Y+47	; 0x2f
     2c8:	78 a9       	ldd	r23, Y+48	; 0x30
     2ca:	89 a5       	ldd	r24, Y+41	; 0x29
     2cc:	9a a5       	ldd	r25, Y+42	; 0x2a
     2ce:	ab a5       	ldd	r26, Y+43	; 0x2b
     2d0:	bc a5       	ldd	r27, Y+44	; 0x2c
     2d2:	84 0f       	add	r24, r20
     2d4:	95 1f       	adc	r25, r21
     2d6:	a6 1f       	adc	r26, r22
     2d8:	b7 1f       	adc	r27, r23
     2da:	8d a3       	std	Y+37, r24	; 0x25
     2dc:	9e a3       	std	Y+38, r25	; 0x26
     2de:	af a3       	std	Y+39, r26	; 0x27
     2e0:	b8 a7       	std	Y+40, r27	; 0x28
        czas_02 = TCNT1;
     2e2:	60 90 84 00 	lds	r6, 0x0084	; 0x800084 <__TEXT_REGION_LENGTH__+0x7e0084>
     2e6:	70 90 85 00 	lds	r7, 0x0085	; 0x800085 <__TEXT_REGION_LENGTH__+0x7e0085>
        czas_1 = czas_02 - czas_01;
        czas_01 = TCNT1;
     2ea:	c0 90 84 00 	lds	r12, 0x0084	; 0x800084 <__TEXT_REGION_LENGTH__+0x7e0084>
     2ee:	d0 90 85 00 	lds	r13, 0x0085	; 0x800085 <__TEXT_REGION_LENGTH__+0x7e0085>
        i32_3 = i32_1 - i32_2;
     2f2:	8d a5       	ldd	r24, Y+45	; 0x2d
     2f4:	9e a5       	ldd	r25, Y+46	; 0x2e
     2f6:	af a5       	ldd	r26, Y+47	; 0x2f
     2f8:	b8 a9       	ldd	r27, Y+48	; 0x30
     2fa:	49 a5       	ldd	r20, Y+41	; 0x29
     2fc:	5a a5       	ldd	r21, Y+42	; 0x2a
     2fe:	6b a5       	ldd	r22, Y+43	; 0x2b
     300:	7c a5       	ldd	r23, Y+44	; 0x2c
     302:	84 1b       	sub	r24, r20
     304:	95 0b       	sbc	r25, r21
     306:	a6 0b       	sbc	r26, r22
     308:	b7 0b       	sbc	r27, r23
     30a:	8d a3       	std	Y+37, r24	; 0x25
     30c:	9e a3       	std	Y+38, r25	; 0x26
     30e:	af a3       	std	Y+39, r26	; 0x27
     310:	b8 a7       	std	Y+40, r27	; 0x28
        czas_02 = TCNT1;
     312:	00 91 84 00 	lds	r16, 0x0084	; 0x800084 <__TEXT_REGION_LENGTH__+0x7e0084>
     316:	10 91 85 00 	lds	r17, 0x0085	; 0x800085 <__TEXT_REGION_LENGTH__+0x7e0085>
        czas_2 = czas_02 - czas_01;
        czas_01 = TCNT1;
     31a:	a0 90 84 00 	lds	r10, 0x0084	; 0x800084 <__TEXT_REGION_LENGTH__+0x7e0084>
     31e:	b0 90 85 00 	lds	r11, 0x0085	; 0x800085 <__TEXT_REGION_LENGTH__+0x7e0085>
        i32_3 = i32_1 * i32_2;
     322:	2d a5       	ldd	r18, Y+45	; 0x2d
     324:	3e a5       	ldd	r19, Y+46	; 0x2e
     326:	4f a5       	ldd	r20, Y+47	; 0x2f
     328:	58 a9       	ldd	r21, Y+48	; 0x30
     32a:	69 a5       	ldd	r22, Y+41	; 0x29
     32c:	7a a5       	ldd	r23, Y+42	; 0x2a
     32e:	8b a5       	ldd	r24, Y+43	; 0x2b
     330:	9c a5       	ldd	r25, Y+44	; 0x2c
     332:	0e 94 fd 02 	call	0x5fa	; 0x5fa <__mulsi3>
     336:	6d a3       	std	Y+37, r22	; 0x25
     338:	7e a3       	std	Y+38, r23	; 0x26
     33a:	8f a3       	std	Y+39, r24	; 0x27
     33c:	98 a7       	std	Y+40, r25	; 0x28
        czas_02 = TCNT1;
     33e:	e0 90 84 00 	lds	r14, 0x0084	; 0x800084 <__TEXT_REGION_LENGTH__+0x7e0084>
     342:	f0 90 85 00 	lds	r15, 0x0085	; 0x800085 <__TEXT_REGION_LENGTH__+0x7e0085>
        czas_3 = czas_02 - czas_01;
        czas_01 = TCNT1;
     346:	80 90 84 00 	lds	r8, 0x0084	; 0x800084 <__TEXT_REGION_LENGTH__+0x7e0084>
     34a:	90 90 85 00 	lds	r9, 0x0085	; 0x800085 <__TEXT_REGION_LENGTH__+0x7e0085>
        i32_3 = i32_1 / i32_2;
     34e:	6d a5       	ldd	r22, Y+45	; 0x2d
     350:	7e a5       	ldd	r23, Y+46	; 0x2e
     352:	8f a5       	ldd	r24, Y+47	; 0x2f
     354:	98 a9       	ldd	r25, Y+48	; 0x30
     356:	29 a5       	ldd	r18, Y+41	; 0x29
     358:	3a a5       	ldd	r19, Y+42	; 0x2a
     35a:	4b a5       	ldd	r20, Y+43	; 0x2b
     35c:	5c a5       	ldd	r21, Y+44	; 0x2c
     35e:	0e 94 2d 03 	call	0x65a	; 0x65a <__udivmodsi4>
     362:	2d a3       	std	Y+37, r18	; 0x25
     364:	3e a3       	std	Y+38, r19	; 0x26
     366:	4f a3       	std	Y+39, r20	; 0x27
     368:	58 a7       	std	Y+40, r21	; 0x28
        czas_02 = TCNT1;
     36a:	80 91 84 00 	lds	r24, 0x0084	; 0x800084 <__TEXT_REGION_LENGTH__+0x7e0084>
     36e:	90 91 85 00 	lds	r25, 0x0085	; 0x800085 <__TEXT_REGION_LENGTH__+0x7e0085>
        czas_4 = czas_02 - czas_01;
        printf("W uint32_t czas dla \"+\"=%d, dla \"-\"=%d, dla \"*\"=%d, dla \"/\"=%d\r\n", czas_1, czas_2, czas_3, czas_4);
     372:	88 19       	sub	r24, r8
     374:	99 09       	sbc	r25, r9
     376:	9f 93       	push	r25
     378:	8f 93       	push	r24
     37a:	ea 18       	sub	r14, r10
     37c:	fb 08       	sbc	r15, r11
     37e:	ff 92       	push	r15
     380:	ef 92       	push	r14
     382:	0c 19       	sub	r16, r12
     384:	1d 09       	sbc	r17, r13
     386:	1f 93       	push	r17
     388:	0f 93       	push	r16
     38a:	64 18       	sub	r6, r4
     38c:	75 08       	sbc	r7, r5
     38e:	7f 92       	push	r7
     390:	6f 92       	push	r6
     392:	21 e8       	ldi	r18, 0x81	; 129
     394:	31 e0       	ldi	r19, 0x01	; 1
     396:	3f 93       	push	r19
     398:	2f 93       	push	r18
     39a:	0e 94 d0 05 	call	0xba0	; 0xba0 <printf>
        czas_01 = TCNT1;
     39e:	20 91 84 00 	lds	r18, 0x0084	; 0x800084 <__TEXT_REGION_LENGTH__+0x7e0084>
     3a2:	30 91 85 00 	lds	r19, 0x0085	; 0x800085 <__TEXT_REGION_LENGTH__+0x7e0085>
     3a6:	3b af       	std	Y+59, r19	; 0x3b
     3a8:	2a af       	std	Y+58, r18	; 0x3a
        i64_3 = i64_1 + i64_2;
     3aa:	29 89       	ldd	r18, Y+17	; 0x11
     3ac:	3a 89       	ldd	r19, Y+18	; 0x12
     3ae:	4b 89       	ldd	r20, Y+19	; 0x13
     3b0:	5c 89       	ldd	r21, Y+20	; 0x14
     3b2:	6d 89       	ldd	r22, Y+21	; 0x15
     3b4:	7e 89       	ldd	r23, Y+22	; 0x16
     3b6:	8f 89       	ldd	r24, Y+23	; 0x17
     3b8:	98 8d       	ldd	r25, Y+24	; 0x18
     3ba:	a9 84       	ldd	r10, Y+9	; 0x09
     3bc:	ba 84       	ldd	r11, Y+10	; 0x0a
     3be:	cb 84       	ldd	r12, Y+11	; 0x0b
     3c0:	dc 84       	ldd	r13, Y+12	; 0x0c
     3c2:	ed 84       	ldd	r14, Y+13	; 0x0d
     3c4:	fe 84       	ldd	r15, Y+14	; 0x0e
     3c6:	0f 85       	ldd	r16, Y+15	; 0x0f
     3c8:	18 89       	ldd	r17, Y+16	; 0x10
     3ca:	0e 94 12 04 	call	0x824	; 0x824 <__adddi3>
     3ce:	29 83       	std	Y+1, r18	; 0x01
     3d0:	3a 83       	std	Y+2, r19	; 0x02
     3d2:	4b 83       	std	Y+3, r20	; 0x03
     3d4:	5c 83       	std	Y+4, r21	; 0x04
     3d6:	6d 83       	std	Y+5, r22	; 0x05
     3d8:	7e 83       	std	Y+6, r23	; 0x06
     3da:	8f 83       	std	Y+7, r24	; 0x07
     3dc:	98 87       	std	Y+8, r25	; 0x08
        czas_02 = TCNT1;
     3de:	80 91 84 00 	lds	r24, 0x0084	; 0x800084 <__TEXT_REGION_LENGTH__+0x7e0084>
     3e2:	90 91 85 00 	lds	r25, 0x0085	; 0x800085 <__TEXT_REGION_LENGTH__+0x7e0085>
     3e6:	9d af       	std	Y+61, r25	; 0x3d
     3e8:	8c af       	std	Y+60, r24	; 0x3c
        czas_1 = czas_02 - czas_01;
        czas_01 = TCNT1;
     3ea:	20 91 84 00 	lds	r18, 0x0084	; 0x800084 <__TEXT_REGION_LENGTH__+0x7e0084>
     3ee:	30 91 85 00 	lds	r19, 0x0085	; 0x800085 <__TEXT_REGION_LENGTH__+0x7e0085>
     3f2:	3f af       	std	Y+63, r19	; 0x3f
     3f4:	2e af       	std	Y+62, r18	; 0x3e
        i64_3 = i64_1 - i64_2;
     3f6:	29 89       	ldd	r18, Y+17	; 0x11
     3f8:	3a 89       	ldd	r19, Y+18	; 0x12
     3fa:	4b 89       	ldd	r20, Y+19	; 0x13
     3fc:	5c 89       	ldd	r21, Y+20	; 0x14
     3fe:	6d 89       	ldd	r22, Y+21	; 0x15
     400:	7e 89       	ldd	r23, Y+22	; 0x16
     402:	8f 89       	ldd	r24, Y+23	; 0x17
     404:	98 8d       	ldd	r25, Y+24	; 0x18
     406:	a9 84       	ldd	r10, Y+9	; 0x09
     408:	ba 84       	ldd	r11, Y+10	; 0x0a
     40a:	cb 84       	ldd	r12, Y+11	; 0x0b
     40c:	dc 84       	ldd	r13, Y+12	; 0x0c
     40e:	ed 84       	ldd	r14, Y+13	; 0x0d
     410:	fe 84       	ldd	r15, Y+14	; 0x0e
     412:	0f 85       	ldd	r16, Y+15	; 0x0f
     414:	18 89       	ldd	r17, Y+16	; 0x10
     416:	0e 94 1b 04 	call	0x836	; 0x836 <__subdi3>
     41a:	29 83       	std	Y+1, r18	; 0x01
     41c:	3a 83       	std	Y+2, r19	; 0x02
     41e:	4b 83       	std	Y+3, r20	; 0x03
     420:	5c 83       	std	Y+4, r21	; 0x04
     422:	6d 83       	std	Y+5, r22	; 0x05
     424:	7e 83       	std	Y+6, r23	; 0x06
     426:	8f 83       	std	Y+7, r24	; 0x07
     428:	98 87       	std	Y+8, r25	; 0x08
        czas_02 = TCNT1;
     42a:	20 90 84 00 	lds	r2, 0x0084	; 0x800084 <__TEXT_REGION_LENGTH__+0x7e0084>
     42e:	30 90 85 00 	lds	r3, 0x0085	; 0x800085 <__TEXT_REGION_LENGTH__+0x7e0085>
        czas_2 = czas_02 - czas_01;
        czas_01 = TCNT1;
     432:	60 90 84 00 	lds	r6, 0x0084	; 0x800084 <__TEXT_REGION_LENGTH__+0x7e0084>
     436:	70 90 85 00 	lds	r7, 0x0085	; 0x800085 <__TEXT_REGION_LENGTH__+0x7e0085>
        i64_3 = i64_1 * i64_2;
     43a:	29 89       	ldd	r18, Y+17	; 0x11
     43c:	3a 89       	ldd	r19, Y+18	; 0x12
     43e:	4b 89       	ldd	r20, Y+19	; 0x13
     440:	5c 89       	ldd	r21, Y+20	; 0x14
     442:	6d 89       	ldd	r22, Y+21	; 0x15
     444:	7e 89       	ldd	r23, Y+22	; 0x16
     446:	8f 89       	ldd	r24, Y+23	; 0x17
     448:	98 8d       	ldd	r25, Y+24	; 0x18
     44a:	a9 84       	ldd	r10, Y+9	; 0x09
     44c:	ba 84       	ldd	r11, Y+10	; 0x0a
     44e:	cb 84       	ldd	r12, Y+11	; 0x0b
     450:	dc 84       	ldd	r13, Y+12	; 0x0c
     452:	ed 84       	ldd	r14, Y+13	; 0x0d
     454:	fe 84       	ldd	r15, Y+14	; 0x0e
     456:	0f 85       	ldd	r16, Y+15	; 0x0f
     458:	18 89       	ldd	r17, Y+16	; 0x10
     45a:	0e 94 5a 03 	call	0x6b4	; 0x6b4 <__muldi3>
     45e:	29 83       	std	Y+1, r18	; 0x01
     460:	3a 83       	std	Y+2, r19	; 0x02
     462:	4b 83       	std	Y+3, r20	; 0x03
     464:	5c 83       	std	Y+4, r21	; 0x04
     466:	6d 83       	std	Y+5, r22	; 0x05
     468:	7e 83       	std	Y+6, r23	; 0x06
     46a:	8f 83       	std	Y+7, r24	; 0x07
     46c:	98 87       	std	Y+8, r25	; 0x08
        czas_02 = TCNT1;
     46e:	80 90 84 00 	lds	r8, 0x0084	; 0x800084 <__TEXT_REGION_LENGTH__+0x7e0084>
     472:	90 90 85 00 	lds	r9, 0x0085	; 0x800085 <__TEXT_REGION_LENGTH__+0x7e0085>
        czas_3 = czas_02 - czas_01;
        czas_01 = TCNT1;
     476:	40 90 84 00 	lds	r4, 0x0084	; 0x800084 <__TEXT_REGION_LENGTH__+0x7e0084>
     47a:	50 90 85 00 	lds	r5, 0x0085	; 0x800085 <__TEXT_REGION_LENGTH__+0x7e0085>
        i64_3 = i64_1 / i64_2;
     47e:	29 89       	ldd	r18, Y+17	; 0x11
     480:	3a 89       	ldd	r19, Y+18	; 0x12
     482:	4b 89       	ldd	r20, Y+19	; 0x13
     484:	5c 89       	ldd	r21, Y+20	; 0x14
     486:	6d 89       	ldd	r22, Y+21	; 0x15
     488:	7e 89       	ldd	r23, Y+22	; 0x16
     48a:	8f 89       	ldd	r24, Y+23	; 0x17
     48c:	98 8d       	ldd	r25, Y+24	; 0x18
     48e:	a9 84       	ldd	r10, Y+9	; 0x09
     490:	ba 84       	ldd	r11, Y+10	; 0x0a
     492:	cb 84       	ldd	r12, Y+11	; 0x0b
     494:	dc 84       	ldd	r13, Y+12	; 0x0c
     496:	ed 84       	ldd	r14, Y+13	; 0x0d
     498:	fe 84       	ldd	r15, Y+14	; 0x0e
     49a:	0f 85       	ldd	r16, Y+15	; 0x0f
     49c:	18 89       	ldd	r17, Y+16	; 0x10
     49e:	0e 94 b5 03 	call	0x76a	; 0x76a <__udivdi3>
     4a2:	29 83       	std	Y+1, r18	; 0x01
     4a4:	3a 83       	std	Y+2, r19	; 0x02
     4a6:	4b 83       	std	Y+3, r20	; 0x03
     4a8:	5c 83       	std	Y+4, r21	; 0x04
     4aa:	6d 83       	std	Y+5, r22	; 0x05
     4ac:	7e 83       	std	Y+6, r23	; 0x06
     4ae:	8f 83       	std	Y+7, r24	; 0x07
     4b0:	98 87       	std	Y+8, r25	; 0x08
        czas_02 = TCNT1;
     4b2:	80 91 84 00 	lds	r24, 0x0084	; 0x800084 <__TEXT_REGION_LENGTH__+0x7e0084>
     4b6:	90 91 85 00 	lds	r25, 0x0085	; 0x800085 <__TEXT_REGION_LENGTH__+0x7e0085>
        czas_4 = czas_02 - czas_01;
        printf("W uint64_t czas dla \"+\"=%d, dla \"-\"=%d, dla \"*\"=%d, dla \"/\"=%d\r\n", czas_1, czas_2, czas_3, czas_4);
     4ba:	84 19       	sub	r24, r4
     4bc:	95 09       	sbc	r25, r5
     4be:	9f 93       	push	r25
     4c0:	8f 93       	push	r24
     4c2:	86 18       	sub	r8, r6
     4c4:	97 08       	sbc	r9, r7
     4c6:	9f 92       	push	r9
     4c8:	8f 92       	push	r8
     4ca:	8e ad       	ldd	r24, Y+62	; 0x3e
     4cc:	9f ad       	ldd	r25, Y+63	; 0x3f
     4ce:	28 1a       	sub	r2, r24
     4d0:	39 0a       	sbc	r3, r25
     4d2:	3f 92       	push	r3
     4d4:	2f 92       	push	r2
     4d6:	8c ad       	ldd	r24, Y+60	; 0x3c
     4d8:	9d ad       	ldd	r25, Y+61	; 0x3d
     4da:	2a ad       	ldd	r18, Y+58	; 0x3a
     4dc:	3b ad       	ldd	r19, Y+59	; 0x3b
     4de:	82 1b       	sub	r24, r18
     4e0:	93 0b       	sbc	r25, r19
     4e2:	9f 93       	push	r25
     4e4:	8f 93       	push	r24
     4e6:	82 ec       	ldi	r24, 0xC2	; 194
     4e8:	91 e0       	ldi	r25, 0x01	; 1
     4ea:	9f 93       	push	r25
     4ec:	8f 93       	push	r24
     4ee:	0e 94 d0 05 	call	0xba0	; 0xba0 <printf>
        czas_01 = TCNT1;
     4f2:	40 90 84 00 	lds	r4, 0x0084	; 0x800084 <__TEXT_REGION_LENGTH__+0x7e0084>
     4f6:	50 90 85 00 	lds	r5, 0x0085	; 0x800085 <__TEXT_REGION_LENGTH__+0x7e0085>
        f_3 = f_1 + f_2;
     4fa:	69 a1       	ldd	r22, Y+33	; 0x21
     4fc:	7a a1       	ldd	r23, Y+34	; 0x22
     4fe:	8b a1       	ldd	r24, Y+35	; 0x23
     500:	9c a1       	ldd	r25, Y+36	; 0x24
     502:	2d 8d       	ldd	r18, Y+29	; 0x1d
     504:	3e 8d       	ldd	r19, Y+30	; 0x1e
     506:	4f 8d       	ldd	r20, Y+31	; 0x1f
     508:	58 a1       	ldd	r21, Y+32	; 0x20
     50a:	0e 94 34 04 	call	0x868	; 0x868 <__addsf3>
     50e:	69 8f       	std	Y+25, r22	; 0x19
     510:	7a 8f       	std	Y+26, r23	; 0x1a
     512:	8b 8f       	std	Y+27, r24	; 0x1b
     514:	9c 8f       	std	Y+28, r25	; 0x1c
        czas_02 = TCNT1;
     516:	60 90 84 00 	lds	r6, 0x0084	; 0x800084 <__TEXT_REGION_LENGTH__+0x7e0084>
     51a:	70 90 85 00 	lds	r7, 0x0085	; 0x800085 <__TEXT_REGION_LENGTH__+0x7e0085>
        czas_1 = czas_02 - czas_01;
        czas_01 = TCNT1;
     51e:	c0 90 84 00 	lds	r12, 0x0084	; 0x800084 <__TEXT_REGION_LENGTH__+0x7e0084>
     522:	d0 90 85 00 	lds	r13, 0x0085	; 0x800085 <__TEXT_REGION_LENGTH__+0x7e0085>
        f_3 = f_1 - f_2;
     526:	69 a1       	ldd	r22, Y+33	; 0x21
     528:	7a a1       	ldd	r23, Y+34	; 0x22
     52a:	8b a1       	ldd	r24, Y+35	; 0x23
     52c:	9c a1       	ldd	r25, Y+36	; 0x24
     52e:	2d 8d       	ldd	r18, Y+29	; 0x1d
     530:	3e 8d       	ldd	r19, Y+30	; 0x1e
     532:	4f 8d       	ldd	r20, Y+31	; 0x1f
     534:	58 a1       	ldd	r21, Y+32	; 0x20
     536:	0e 94 33 04 	call	0x866	; 0x866 <__subsf3>
     53a:	69 8f       	std	Y+25, r22	; 0x19
     53c:	7a 8f       	std	Y+26, r23	; 0x1a
     53e:	8b 8f       	std	Y+27, r24	; 0x1b
     540:	9c 8f       	std	Y+28, r25	; 0x1c
        czas_02 = TCNT1;
     542:	00 91 84 00 	lds	r16, 0x0084	; 0x800084 <__TEXT_REGION_LENGTH__+0x7e0084>
     546:	10 91 85 00 	lds	r17, 0x0085	; 0x800085 <__TEXT_REGION_LENGTH__+0x7e0085>
        czas_2 = czas_02 - czas_01;
        czas_01 = TCNT1;
     54a:	a0 90 84 00 	lds	r10, 0x0084	; 0x800084 <__TEXT_REGION_LENGTH__+0x7e0084>
     54e:	b0 90 85 00 	lds	r11, 0x0085	; 0x800085 <__TEXT_REGION_LENGTH__+0x7e0085>
        f_3 = f_1 * f_2;
     552:	69 a1       	ldd	r22, Y+33	; 0x21
     554:	7a a1       	ldd	r23, Y+34	; 0x22
     556:	8b a1       	ldd	r24, Y+35	; 0x23
     558:	9c a1       	ldd	r25, Y+36	; 0x24
     55a:	2d 8d       	ldd	r18, Y+29	; 0x1d
     55c:	3e 8d       	ldd	r19, Y+30	; 0x1e
     55e:	4f 8d       	ldd	r20, Y+31	; 0x1f
     560:	58 a1       	ldd	r21, Y+32	; 0x20
     562:	0e 94 63 05 	call	0xac6	; 0xac6 <__mulsf3>
     566:	69 8f       	std	Y+25, r22	; 0x19
     568:	7a 8f       	std	Y+26, r23	; 0x1a
     56a:	8b 8f       	std	Y+27, r24	; 0x1b
     56c:	9c 8f       	std	Y+28, r25	; 0x1c
        czas_02 = TCNT1;
     56e:	e0 90 84 00 	lds	r14, 0x0084	; 0x800084 <__TEXT_REGION_LENGTH__+0x7e0084>
     572:	f0 90 85 00 	lds	r15, 0x0085	; 0x800085 <__TEXT_REGION_LENGTH__+0x7e0085>
        czas_3 = czas_02 - czas_01;
        czas_01 = TCNT1;
     576:	80 90 84 00 	lds	r8, 0x0084	; 0x800084 <__TEXT_REGION_LENGTH__+0x7e0084>
     57a:	90 90 85 00 	lds	r9, 0x0085	; 0x800085 <__TEXT_REGION_LENGTH__+0x7e0085>
        f_3 = f_1 / f_2;
     57e:	69 a1       	ldd	r22, Y+33	; 0x21
     580:	7a a1       	ldd	r23, Y+34	; 0x22
     582:	8b a1       	ldd	r24, Y+35	; 0x23
     584:	9c a1       	ldd	r25, Y+36	; 0x24
     586:	2d 8d       	ldd	r18, Y+29	; 0x1d
     588:	3e 8d       	ldd	r19, Y+30	; 0x1e
     58a:	4f 8d       	ldd	r20, Y+31	; 0x1f
     58c:	58 a1       	ldd	r21, Y+32	; 0x20
     58e:	0e 94 a0 04 	call	0x940	; 0x940 <__divsf3>
     592:	69 8f       	std	Y+25, r22	; 0x19
     594:	7a 8f       	std	Y+26, r23	; 0x1a
     596:	8b 8f       	std	Y+27, r24	; 0x1b
     598:	9c 8f       	std	Y+28, r25	; 0x1c
        czas_02 = TCNT1;
     59a:	80 91 84 00 	lds	r24, 0x0084	; 0x800084 <__TEXT_REGION_LENGTH__+0x7e0084>
     59e:	90 91 85 00 	lds	r25, 0x0085	; 0x800085 <__TEXT_REGION_LENGTH__+0x7e0085>
        czas_4 = czas_02 - czas_01;
        printf("W float czas dla \"+\"=%d, dla \"-\"=%d, dla \"*\"=%d, dla \"/\"=%d\r\n", czas_1, czas_2, czas_3, czas_4);
     5a2:	0f b6       	in	r0, 0x3f	; 63
     5a4:	f8 94       	cli
     5a6:	de bf       	out	0x3e, r29	; 62
     5a8:	0f be       	out	0x3f, r0	; 63
     5aa:	cd bf       	out	0x3d, r28	; 61
     5ac:	88 19       	sub	r24, r8
     5ae:	99 09       	sbc	r25, r9
     5b0:	9f 93       	push	r25
     5b2:	8f 93       	push	r24
     5b4:	ea 18       	sub	r14, r10
     5b6:	fb 08       	sbc	r15, r11
     5b8:	ff 92       	push	r15
     5ba:	ef 92       	push	r14
     5bc:	0c 19       	sub	r16, r12
     5be:	1d 09       	sbc	r17, r13
     5c0:	1f 93       	push	r17
     5c2:	0f 93       	push	r16
     5c4:	64 18       	sub	r6, r4
     5c6:	75 08       	sbc	r7, r5
     5c8:	7f 92       	push	r7
     5ca:	6f 92       	push	r6
     5cc:	83 e0       	ldi	r24, 0x03	; 3
     5ce:	92 e0       	ldi	r25, 0x02	; 2
     5d0:	9f 93       	push	r25
     5d2:	8f 93       	push	r24
     5d4:	0e 94 d0 05 	call	0xba0	; 0xba0 <printf>
	#else
		//round up by default
		__ticks_dc = (uint32_t)(ceil(fabs(__tmp)));
	#endif

	__builtin_avr_delay_cycles(__ticks_dc);
     5d8:	3f ef       	ldi	r19, 0xFF	; 255
     5da:	83 e2       	ldi	r24, 0x23	; 35
     5dc:	94 ef       	ldi	r25, 0xF4	; 244
     5de:	20 e0       	ldi	r18, 0x00	; 0
     5e0:	31 50       	subi	r19, 0x01	; 1
     5e2:	80 40       	sbci	r24, 0x00	; 0
     5e4:	90 40       	sbci	r25, 0x00	; 0
     5e6:	20 40       	sbci	r18, 0x00	; 0
     5e8:	d9 f7       	brne	.-10     	; 0x5e0 <__LOCK_REGION_LENGTH__+0x1e0>
     5ea:	00 c0       	rjmp	.+0      	; 0x5ec <__LOCK_REGION_LENGTH__+0x1ec>
     5ec:	00 00       	nop
     5ee:	0f b6       	in	r0, 0x3f	; 63
     5f0:	f8 94       	cli
     5f2:	de bf       	out	0x3e, r29	; 62
     5f4:	0f be       	out	0x3f, r0	; 63
     5f6:	cd bf       	out	0x3d, r28	; 61
     5f8:	b6 cd       	rjmp	.-1172   	; 0x166 <main+0x78>

000005fa <__mulsi3>:
     5fa:	db 01       	movw	r26, r22
     5fc:	8f 93       	push	r24
     5fe:	9f 93       	push	r25
     600:	0e 94 4f 03 	call	0x69e	; 0x69e <__muluhisi3>
     604:	bf 91       	pop	r27
     606:	af 91       	pop	r26
     608:	a2 9f       	mul	r26, r18
     60a:	80 0d       	add	r24, r0
     60c:	91 1d       	adc	r25, r1
     60e:	a3 9f       	mul	r26, r19
     610:	90 0d       	add	r25, r0
     612:	b2 9f       	mul	r27, r18
     614:	90 0d       	add	r25, r0
     616:	11 24       	eor	r1, r1
     618:	08 95       	ret

0000061a <__udivmodqi4>:
     61a:	99 1b       	sub	r25, r25
     61c:	79 e0       	ldi	r23, 0x09	; 9
     61e:	04 c0       	rjmp	.+8      	; 0x628 <__udivmodqi4_ep>

00000620 <__udivmodqi4_loop>:
     620:	99 1f       	adc	r25, r25
     622:	96 17       	cp	r25, r22
     624:	08 f0       	brcs	.+2      	; 0x628 <__udivmodqi4_ep>
     626:	96 1b       	sub	r25, r22

00000628 <__udivmodqi4_ep>:
     628:	88 1f       	adc	r24, r24
     62a:	7a 95       	dec	r23
     62c:	c9 f7       	brne	.-14     	; 0x620 <__udivmodqi4_loop>
     62e:	80 95       	com	r24
     630:	08 95       	ret

00000632 <__udivmodhi4>:
     632:	aa 1b       	sub	r26, r26
     634:	bb 1b       	sub	r27, r27
     636:	51 e1       	ldi	r21, 0x11	; 17
     638:	07 c0       	rjmp	.+14     	; 0x648 <__udivmodhi4_ep>

0000063a <__udivmodhi4_loop>:
     63a:	aa 1f       	adc	r26, r26
     63c:	bb 1f       	adc	r27, r27
     63e:	a6 17       	cp	r26, r22
     640:	b7 07       	cpc	r27, r23
     642:	10 f0       	brcs	.+4      	; 0x648 <__udivmodhi4_ep>
     644:	a6 1b       	sub	r26, r22
     646:	b7 0b       	sbc	r27, r23

00000648 <__udivmodhi4_ep>:
     648:	88 1f       	adc	r24, r24
     64a:	99 1f       	adc	r25, r25
     64c:	5a 95       	dec	r21
     64e:	a9 f7       	brne	.-22     	; 0x63a <__udivmodhi4_loop>
     650:	80 95       	com	r24
     652:	90 95       	com	r25
     654:	bc 01       	movw	r22, r24
     656:	cd 01       	movw	r24, r26
     658:	08 95       	ret

0000065a <__udivmodsi4>:
     65a:	a1 e2       	ldi	r26, 0x21	; 33
     65c:	1a 2e       	mov	r1, r26
     65e:	aa 1b       	sub	r26, r26
     660:	bb 1b       	sub	r27, r27
     662:	fd 01       	movw	r30, r26
     664:	0d c0       	rjmp	.+26     	; 0x680 <__udivmodsi4_ep>

00000666 <__udivmodsi4_loop>:
     666:	aa 1f       	adc	r26, r26
     668:	bb 1f       	adc	r27, r27
     66a:	ee 1f       	adc	r30, r30
     66c:	ff 1f       	adc	r31, r31
     66e:	a2 17       	cp	r26, r18
     670:	b3 07       	cpc	r27, r19
     672:	e4 07       	cpc	r30, r20
     674:	f5 07       	cpc	r31, r21
     676:	20 f0       	brcs	.+8      	; 0x680 <__udivmodsi4_ep>
     678:	a2 1b       	sub	r26, r18
     67a:	b3 0b       	sbc	r27, r19
     67c:	e4 0b       	sbc	r30, r20
     67e:	f5 0b       	sbc	r31, r21

00000680 <__udivmodsi4_ep>:
     680:	66 1f       	adc	r22, r22
     682:	77 1f       	adc	r23, r23
     684:	88 1f       	adc	r24, r24
     686:	99 1f       	adc	r25, r25
     688:	1a 94       	dec	r1
     68a:	69 f7       	brne	.-38     	; 0x666 <__udivmodsi4_loop>
     68c:	60 95       	com	r22
     68e:	70 95       	com	r23
     690:	80 95       	com	r24
     692:	90 95       	com	r25
     694:	9b 01       	movw	r18, r22
     696:	ac 01       	movw	r20, r24
     698:	bd 01       	movw	r22, r26
     69a:	cf 01       	movw	r24, r30
     69c:	08 95       	ret

0000069e <__muluhisi3>:
     69e:	0e 94 24 04 	call	0x848	; 0x848 <__umulhisi3>
     6a2:	a5 9f       	mul	r26, r21
     6a4:	90 0d       	add	r25, r0
     6a6:	b4 9f       	mul	r27, r20
     6a8:	90 0d       	add	r25, r0
     6aa:	a4 9f       	mul	r26, r20
     6ac:	80 0d       	add	r24, r0
     6ae:	91 1d       	adc	r25, r1
     6b0:	11 24       	eor	r1, r1
     6b2:	08 95       	ret

000006b4 <__muldi3>:
     6b4:	df 93       	push	r29
     6b6:	cf 93       	push	r28
     6b8:	1f 93       	push	r17
     6ba:	0f 93       	push	r16
     6bc:	9a 9d       	mul	r25, r10
     6be:	f0 2d       	mov	r31, r0
     6c0:	21 9f       	mul	r18, r17
     6c2:	f0 0d       	add	r31, r0
     6c4:	8b 9d       	mul	r24, r11
     6c6:	f0 0d       	add	r31, r0
     6c8:	8a 9d       	mul	r24, r10
     6ca:	e0 2d       	mov	r30, r0
     6cc:	f1 0d       	add	r31, r1
     6ce:	03 9f       	mul	r16, r19
     6d0:	f0 0d       	add	r31, r0
     6d2:	02 9f       	mul	r16, r18
     6d4:	e0 0d       	add	r30, r0
     6d6:	f1 1d       	adc	r31, r1
     6d8:	4e 9d       	mul	r20, r14
     6da:	e0 0d       	add	r30, r0
     6dc:	f1 1d       	adc	r31, r1
     6de:	5e 9d       	mul	r21, r14
     6e0:	f0 0d       	add	r31, r0
     6e2:	4f 9d       	mul	r20, r15
     6e4:	f0 0d       	add	r31, r0
     6e6:	7f 93       	push	r23
     6e8:	6f 93       	push	r22
     6ea:	bf 92       	push	r11
     6ec:	af 92       	push	r10
     6ee:	5f 93       	push	r21
     6f0:	4f 93       	push	r20
     6f2:	d5 01       	movw	r26, r10
     6f4:	0e 94 24 04 	call	0x848	; 0x848 <__umulhisi3>
     6f8:	8b 01       	movw	r16, r22
     6fa:	ac 01       	movw	r20, r24
     6fc:	d7 01       	movw	r26, r14
     6fe:	0e 94 24 04 	call	0x848	; 0x848 <__umulhisi3>
     702:	eb 01       	movw	r28, r22
     704:	e8 0f       	add	r30, r24
     706:	f9 1f       	adc	r31, r25
     708:	d6 01       	movw	r26, r12
     70a:	0e 94 aa 03 	call	0x754	; 0x754 <__muldi3_6>
     70e:	2f 91       	pop	r18
     710:	3f 91       	pop	r19
     712:	d6 01       	movw	r26, r12
     714:	0e 94 24 04 	call	0x848	; 0x848 <__umulhisi3>
     718:	c6 0f       	add	r28, r22
     71a:	d7 1f       	adc	r29, r23
     71c:	e8 1f       	adc	r30, r24
     71e:	f9 1f       	adc	r31, r25
     720:	af 91       	pop	r26
     722:	bf 91       	pop	r27
     724:	0e 94 aa 03 	call	0x754	; 0x754 <__muldi3_6>
     728:	2f 91       	pop	r18
     72a:	3f 91       	pop	r19
     72c:	0e 94 24 04 	call	0x848	; 0x848 <__umulhisi3>
     730:	c6 0f       	add	r28, r22
     732:	d7 1f       	adc	r29, r23
     734:	e8 1f       	adc	r30, r24
     736:	f9 1f       	adc	r31, r25
     738:	d6 01       	movw	r26, r12
     73a:	0e 94 24 04 	call	0x848	; 0x848 <__umulhisi3>
     73e:	e6 0f       	add	r30, r22
     740:	f7 1f       	adc	r31, r23
     742:	98 01       	movw	r18, r16
     744:	be 01       	movw	r22, r28
     746:	cf 01       	movw	r24, r30
     748:	11 24       	eor	r1, r1
     74a:	0f 91       	pop	r16
     74c:	1f 91       	pop	r17
     74e:	cf 91       	pop	r28
     750:	df 91       	pop	r29
     752:	08 95       	ret

00000754 <__muldi3_6>:
     754:	0e 94 24 04 	call	0x848	; 0x848 <__umulhisi3>
     758:	46 0f       	add	r20, r22
     75a:	57 1f       	adc	r21, r23
     75c:	c8 1f       	adc	r28, r24
     75e:	d9 1f       	adc	r29, r25
     760:	08 f4       	brcc	.+2      	; 0x764 <__muldi3_6+0x10>
     762:	31 96       	adiw	r30, 0x01	; 1
     764:	08 95       	ret

00000766 <__umoddi3>:
     766:	68 94       	set
     768:	01 c0       	rjmp	.+2      	; 0x76c <__udivdi3_umoddi3>

0000076a <__udivdi3>:
     76a:	e8 94       	clt

0000076c <__udivdi3_umoddi3>:
     76c:	8f 92       	push	r8
     76e:	9f 92       	push	r9
     770:	cf 93       	push	r28
     772:	df 93       	push	r29
     774:	0e 94 c1 03 	call	0x782	; 0x782 <__udivmod64>
     778:	df 91       	pop	r29
     77a:	cf 91       	pop	r28
     77c:	9f 90       	pop	r9
     77e:	8f 90       	pop	r8
     780:	08 95       	ret

00000782 <__udivmod64>:
     782:	88 24       	eor	r8, r8
     784:	99 24       	eor	r9, r9
     786:	f4 01       	movw	r30, r8
     788:	e4 01       	movw	r28, r8
     78a:	b0 e4       	ldi	r27, 0x40	; 64
     78c:	9f 93       	push	r25
     78e:	aa 27       	eor	r26, r26
     790:	9a 15       	cp	r25, r10
     792:	8b 04       	cpc	r8, r11
     794:	9c 04       	cpc	r9, r12
     796:	ed 05       	cpc	r30, r13
     798:	fe 05       	cpc	r31, r14
     79a:	cf 05       	cpc	r28, r15
     79c:	d0 07       	cpc	r29, r16
     79e:	a1 07       	cpc	r26, r17
     7a0:	98 f4       	brcc	.+38     	; 0x7c8 <__udivmod64+0x46>
     7a2:	ad 2f       	mov	r26, r29
     7a4:	dc 2f       	mov	r29, r28
     7a6:	cf 2f       	mov	r28, r31
     7a8:	fe 2f       	mov	r31, r30
     7aa:	e9 2d       	mov	r30, r9
     7ac:	98 2c       	mov	r9, r8
     7ae:	89 2e       	mov	r8, r25
     7b0:	98 2f       	mov	r25, r24
     7b2:	87 2f       	mov	r24, r23
     7b4:	76 2f       	mov	r23, r22
     7b6:	65 2f       	mov	r22, r21
     7b8:	54 2f       	mov	r21, r20
     7ba:	43 2f       	mov	r20, r19
     7bc:	32 2f       	mov	r19, r18
     7be:	22 27       	eor	r18, r18
     7c0:	b8 50       	subi	r27, 0x08	; 8
     7c2:	31 f7       	brne	.-52     	; 0x790 <__udivmod64+0xe>
     7c4:	bf 91       	pop	r27
     7c6:	27 c0       	rjmp	.+78     	; 0x816 <__udivmod64+0x94>
     7c8:	1b 2e       	mov	r1, r27
     7ca:	bf 91       	pop	r27
     7cc:	bb 27       	eor	r27, r27
     7ce:	22 0f       	add	r18, r18
     7d0:	33 1f       	adc	r19, r19
     7d2:	44 1f       	adc	r20, r20
     7d4:	55 1f       	adc	r21, r21
     7d6:	66 1f       	adc	r22, r22
     7d8:	77 1f       	adc	r23, r23
     7da:	88 1f       	adc	r24, r24
     7dc:	99 1f       	adc	r25, r25
     7de:	88 1c       	adc	r8, r8
     7e0:	99 1c       	adc	r9, r9
     7e2:	ee 1f       	adc	r30, r30
     7e4:	ff 1f       	adc	r31, r31
     7e6:	cc 1f       	adc	r28, r28
     7e8:	dd 1f       	adc	r29, r29
     7ea:	aa 1f       	adc	r26, r26
     7ec:	bb 1f       	adc	r27, r27
     7ee:	8a 14       	cp	r8, r10
     7f0:	9b 04       	cpc	r9, r11
     7f2:	ec 05       	cpc	r30, r12
     7f4:	fd 05       	cpc	r31, r13
     7f6:	ce 05       	cpc	r28, r14
     7f8:	df 05       	cpc	r29, r15
     7fa:	a0 07       	cpc	r26, r16
     7fc:	b1 07       	cpc	r27, r17
     7fe:	48 f0       	brcs	.+18     	; 0x812 <__udivmod64+0x90>
     800:	8a 18       	sub	r8, r10
     802:	9b 08       	sbc	r9, r11
     804:	ec 09       	sbc	r30, r12
     806:	fd 09       	sbc	r31, r13
     808:	ce 09       	sbc	r28, r14
     80a:	df 09       	sbc	r29, r15
     80c:	a0 0b       	sbc	r26, r16
     80e:	b1 0b       	sbc	r27, r17
     810:	21 60       	ori	r18, 0x01	; 1
     812:	1a 94       	dec	r1
     814:	e1 f6       	brne	.-72     	; 0x7ce <__udivmod64+0x4c>
     816:	2e f4       	brtc	.+10     	; 0x822 <__udivmod64+0xa0>
     818:	94 01       	movw	r18, r8
     81a:	af 01       	movw	r20, r30
     81c:	be 01       	movw	r22, r28
     81e:	cd 01       	movw	r24, r26
     820:	00 0c       	add	r0, r0
     822:	08 95       	ret

00000824 <__adddi3>:
     824:	2a 0d       	add	r18, r10
     826:	3b 1d       	adc	r19, r11
     828:	4c 1d       	adc	r20, r12
     82a:	5d 1d       	adc	r21, r13
     82c:	6e 1d       	adc	r22, r14
     82e:	7f 1d       	adc	r23, r15
     830:	80 1f       	adc	r24, r16
     832:	91 1f       	adc	r25, r17
     834:	08 95       	ret

00000836 <__subdi3>:
     836:	2a 19       	sub	r18, r10
     838:	3b 09       	sbc	r19, r11
     83a:	4c 09       	sbc	r20, r12
     83c:	5d 09       	sbc	r21, r13
     83e:	6e 09       	sbc	r22, r14
     840:	7f 09       	sbc	r23, r15
     842:	80 0b       	sbc	r24, r16
     844:	91 0b       	sbc	r25, r17
     846:	08 95       	ret

00000848 <__umulhisi3>:
     848:	a2 9f       	mul	r26, r18
     84a:	b0 01       	movw	r22, r0
     84c:	b3 9f       	mul	r27, r19
     84e:	c0 01       	movw	r24, r0
     850:	a3 9f       	mul	r26, r19
     852:	70 0d       	add	r23, r0
     854:	81 1d       	adc	r24, r1
     856:	11 24       	eor	r1, r1
     858:	91 1d       	adc	r25, r1
     85a:	b2 9f       	mul	r27, r18
     85c:	70 0d       	add	r23, r0
     85e:	81 1d       	adc	r24, r1
     860:	11 24       	eor	r1, r1
     862:	91 1d       	adc	r25, r1
     864:	08 95       	ret

00000866 <__subsf3>:
     866:	50 58       	subi	r21, 0x80	; 128

00000868 <__addsf3>:
     868:	bb 27       	eor	r27, r27
     86a:	aa 27       	eor	r26, r26
     86c:	0e 94 4b 04 	call	0x896	; 0x896 <__addsf3x>
     870:	0c 94 29 05 	jmp	0xa52	; 0xa52 <__fp_round>
     874:	0e 94 1b 05 	call	0xa36	; 0xa36 <__fp_pscA>
     878:	38 f0       	brcs	.+14     	; 0x888 <__addsf3+0x20>
     87a:	0e 94 22 05 	call	0xa44	; 0xa44 <__fp_pscB>
     87e:	20 f0       	brcs	.+8      	; 0x888 <__addsf3+0x20>
     880:	39 f4       	brne	.+14     	; 0x890 <__addsf3+0x28>
     882:	9f 3f       	cpi	r25, 0xFF	; 255
     884:	19 f4       	brne	.+6      	; 0x88c <__addsf3+0x24>
     886:	26 f4       	brtc	.+8      	; 0x890 <__addsf3+0x28>
     888:	0c 94 18 05 	jmp	0xa30	; 0xa30 <__fp_nan>
     88c:	0e f4       	brtc	.+2      	; 0x890 <__addsf3+0x28>
     88e:	e0 95       	com	r30
     890:	e7 fb       	bst	r30, 7
     892:	0c 94 12 05 	jmp	0xa24	; 0xa24 <__fp_inf>

00000896 <__addsf3x>:
     896:	e9 2f       	mov	r30, r25
     898:	0e 94 3a 05 	call	0xa74	; 0xa74 <__fp_split3>
     89c:	58 f3       	brcs	.-42     	; 0x874 <__addsf3+0xc>
     89e:	ba 17       	cp	r27, r26
     8a0:	62 07       	cpc	r22, r18
     8a2:	73 07       	cpc	r23, r19
     8a4:	84 07       	cpc	r24, r20
     8a6:	95 07       	cpc	r25, r21
     8a8:	20 f0       	brcs	.+8      	; 0x8b2 <__addsf3x+0x1c>
     8aa:	79 f4       	brne	.+30     	; 0x8ca <__addsf3x+0x34>
     8ac:	a6 f5       	brtc	.+104    	; 0x916 <__stack+0x17>
     8ae:	0c 94 5c 05 	jmp	0xab8	; 0xab8 <__fp_zero>
     8b2:	0e f4       	brtc	.+2      	; 0x8b6 <__addsf3x+0x20>
     8b4:	e0 95       	com	r30
     8b6:	0b 2e       	mov	r0, r27
     8b8:	ba 2f       	mov	r27, r26
     8ba:	a0 2d       	mov	r26, r0
     8bc:	0b 01       	movw	r0, r22
     8be:	b9 01       	movw	r22, r18
     8c0:	90 01       	movw	r18, r0
     8c2:	0c 01       	movw	r0, r24
     8c4:	ca 01       	movw	r24, r20
     8c6:	a0 01       	movw	r20, r0
     8c8:	11 24       	eor	r1, r1
     8ca:	ff 27       	eor	r31, r31
     8cc:	59 1b       	sub	r21, r25
     8ce:	99 f0       	breq	.+38     	; 0x8f6 <__addsf3x+0x60>
     8d0:	59 3f       	cpi	r21, 0xF9	; 249
     8d2:	50 f4       	brcc	.+20     	; 0x8e8 <__addsf3x+0x52>
     8d4:	50 3e       	cpi	r21, 0xE0	; 224
     8d6:	68 f1       	brcs	.+90     	; 0x932 <__stack+0x33>
     8d8:	1a 16       	cp	r1, r26
     8da:	f0 40       	sbci	r31, 0x00	; 0
     8dc:	a2 2f       	mov	r26, r18
     8de:	23 2f       	mov	r18, r19
     8e0:	34 2f       	mov	r19, r20
     8e2:	44 27       	eor	r20, r20
     8e4:	58 5f       	subi	r21, 0xF8	; 248
     8e6:	f3 cf       	rjmp	.-26     	; 0x8ce <__addsf3x+0x38>
     8e8:	46 95       	lsr	r20
     8ea:	37 95       	ror	r19
     8ec:	27 95       	ror	r18
     8ee:	a7 95       	ror	r26
     8f0:	f0 40       	sbci	r31, 0x00	; 0
     8f2:	53 95       	inc	r21
     8f4:	c9 f7       	brne	.-14     	; 0x8e8 <__addsf3x+0x52>
     8f6:	7e f4       	brtc	.+30     	; 0x916 <__stack+0x17>
     8f8:	1f 16       	cp	r1, r31
     8fa:	ba 0b       	sbc	r27, r26
     8fc:	62 0b       	sbc	r22, r18
     8fe:	73 0b       	sbc	r23, r19
     900:	84 0b       	sbc	r24, r20
     902:	ba f0       	brmi	.+46     	; 0x932 <__stack+0x33>
     904:	91 50       	subi	r25, 0x01	; 1
     906:	a1 f0       	breq	.+40     	; 0x930 <__stack+0x31>
     908:	ff 0f       	add	r31, r31
     90a:	bb 1f       	adc	r27, r27
     90c:	66 1f       	adc	r22, r22
     90e:	77 1f       	adc	r23, r23
     910:	88 1f       	adc	r24, r24
     912:	c2 f7       	brpl	.-16     	; 0x904 <__stack+0x5>
     914:	0e c0       	rjmp	.+28     	; 0x932 <__stack+0x33>
     916:	ba 0f       	add	r27, r26
     918:	62 1f       	adc	r22, r18
     91a:	73 1f       	adc	r23, r19
     91c:	84 1f       	adc	r24, r20
     91e:	48 f4       	brcc	.+18     	; 0x932 <__stack+0x33>
     920:	87 95       	ror	r24
     922:	77 95       	ror	r23
     924:	67 95       	ror	r22
     926:	b7 95       	ror	r27
     928:	f7 95       	ror	r31
     92a:	9e 3f       	cpi	r25, 0xFE	; 254
     92c:	08 f0       	brcs	.+2      	; 0x930 <__stack+0x31>
     92e:	b0 cf       	rjmp	.-160    	; 0x890 <__addsf3+0x28>
     930:	93 95       	inc	r25
     932:	88 0f       	add	r24, r24
     934:	08 f0       	brcs	.+2      	; 0x938 <__stack+0x39>
     936:	99 27       	eor	r25, r25
     938:	ee 0f       	add	r30, r30
     93a:	97 95       	ror	r25
     93c:	87 95       	ror	r24
     93e:	08 95       	ret

00000940 <__divsf3>:
     940:	0e 94 b4 04 	call	0x968	; 0x968 <__divsf3x>
     944:	0c 94 29 05 	jmp	0xa52	; 0xa52 <__fp_round>
     948:	0e 94 22 05 	call	0xa44	; 0xa44 <__fp_pscB>
     94c:	58 f0       	brcs	.+22     	; 0x964 <__divsf3+0x24>
     94e:	0e 94 1b 05 	call	0xa36	; 0xa36 <__fp_pscA>
     952:	40 f0       	brcs	.+16     	; 0x964 <__divsf3+0x24>
     954:	29 f4       	brne	.+10     	; 0x960 <__divsf3+0x20>
     956:	5f 3f       	cpi	r21, 0xFF	; 255
     958:	29 f0       	breq	.+10     	; 0x964 <__divsf3+0x24>
     95a:	0c 94 12 05 	jmp	0xa24	; 0xa24 <__fp_inf>
     95e:	51 11       	cpse	r21, r1
     960:	0c 94 5d 05 	jmp	0xaba	; 0xaba <__fp_szero>
     964:	0c 94 18 05 	jmp	0xa30	; 0xa30 <__fp_nan>

00000968 <__divsf3x>:
     968:	0e 94 3a 05 	call	0xa74	; 0xa74 <__fp_split3>
     96c:	68 f3       	brcs	.-38     	; 0x948 <__divsf3+0x8>

0000096e <__divsf3_pse>:
     96e:	99 23       	and	r25, r25
     970:	b1 f3       	breq	.-20     	; 0x95e <__divsf3+0x1e>
     972:	55 23       	and	r21, r21
     974:	91 f3       	breq	.-28     	; 0x95a <__divsf3+0x1a>
     976:	95 1b       	sub	r25, r21
     978:	55 0b       	sbc	r21, r21
     97a:	bb 27       	eor	r27, r27
     97c:	aa 27       	eor	r26, r26
     97e:	62 17       	cp	r22, r18
     980:	73 07       	cpc	r23, r19
     982:	84 07       	cpc	r24, r20
     984:	38 f0       	brcs	.+14     	; 0x994 <__divsf3_pse+0x26>
     986:	9f 5f       	subi	r25, 0xFF	; 255
     988:	5f 4f       	sbci	r21, 0xFF	; 255
     98a:	22 0f       	add	r18, r18
     98c:	33 1f       	adc	r19, r19
     98e:	44 1f       	adc	r20, r20
     990:	aa 1f       	adc	r26, r26
     992:	a9 f3       	breq	.-22     	; 0x97e <__divsf3_pse+0x10>
     994:	35 d0       	rcall	.+106    	; 0xa00 <__divsf3_pse+0x92>
     996:	0e 2e       	mov	r0, r30
     998:	3a f0       	brmi	.+14     	; 0x9a8 <__divsf3_pse+0x3a>
     99a:	e0 e8       	ldi	r30, 0x80	; 128
     99c:	32 d0       	rcall	.+100    	; 0xa02 <__divsf3_pse+0x94>
     99e:	91 50       	subi	r25, 0x01	; 1
     9a0:	50 40       	sbci	r21, 0x00	; 0
     9a2:	e6 95       	lsr	r30
     9a4:	00 1c       	adc	r0, r0
     9a6:	ca f7       	brpl	.-14     	; 0x99a <__divsf3_pse+0x2c>
     9a8:	2b d0       	rcall	.+86     	; 0xa00 <__divsf3_pse+0x92>
     9aa:	fe 2f       	mov	r31, r30
     9ac:	29 d0       	rcall	.+82     	; 0xa00 <__divsf3_pse+0x92>
     9ae:	66 0f       	add	r22, r22
     9b0:	77 1f       	adc	r23, r23
     9b2:	88 1f       	adc	r24, r24
     9b4:	bb 1f       	adc	r27, r27
     9b6:	26 17       	cp	r18, r22
     9b8:	37 07       	cpc	r19, r23
     9ba:	48 07       	cpc	r20, r24
     9bc:	ab 07       	cpc	r26, r27
     9be:	b0 e8       	ldi	r27, 0x80	; 128
     9c0:	09 f0       	breq	.+2      	; 0x9c4 <__divsf3_pse+0x56>
     9c2:	bb 0b       	sbc	r27, r27
     9c4:	80 2d       	mov	r24, r0
     9c6:	bf 01       	movw	r22, r30
     9c8:	ff 27       	eor	r31, r31
     9ca:	93 58       	subi	r25, 0x83	; 131
     9cc:	5f 4f       	sbci	r21, 0xFF	; 255
     9ce:	3a f0       	brmi	.+14     	; 0x9de <__divsf3_pse+0x70>
     9d0:	9e 3f       	cpi	r25, 0xFE	; 254
     9d2:	51 05       	cpc	r21, r1
     9d4:	78 f0       	brcs	.+30     	; 0x9f4 <__divsf3_pse+0x86>
     9d6:	0c 94 12 05 	jmp	0xa24	; 0xa24 <__fp_inf>
     9da:	0c 94 5d 05 	jmp	0xaba	; 0xaba <__fp_szero>
     9de:	5f 3f       	cpi	r21, 0xFF	; 255
     9e0:	e4 f3       	brlt	.-8      	; 0x9da <__divsf3_pse+0x6c>
     9e2:	98 3e       	cpi	r25, 0xE8	; 232
     9e4:	d4 f3       	brlt	.-12     	; 0x9da <__divsf3_pse+0x6c>
     9e6:	86 95       	lsr	r24
     9e8:	77 95       	ror	r23
     9ea:	67 95       	ror	r22
     9ec:	b7 95       	ror	r27
     9ee:	f7 95       	ror	r31
     9f0:	9f 5f       	subi	r25, 0xFF	; 255
     9f2:	c9 f7       	brne	.-14     	; 0x9e6 <__divsf3_pse+0x78>
     9f4:	88 0f       	add	r24, r24
     9f6:	91 1d       	adc	r25, r1
     9f8:	96 95       	lsr	r25
     9fa:	87 95       	ror	r24
     9fc:	97 f9       	bld	r25, 7
     9fe:	08 95       	ret
     a00:	e1 e0       	ldi	r30, 0x01	; 1
     a02:	66 0f       	add	r22, r22
     a04:	77 1f       	adc	r23, r23
     a06:	88 1f       	adc	r24, r24
     a08:	bb 1f       	adc	r27, r27
     a0a:	62 17       	cp	r22, r18
     a0c:	73 07       	cpc	r23, r19
     a0e:	84 07       	cpc	r24, r20
     a10:	ba 07       	cpc	r27, r26
     a12:	20 f0       	brcs	.+8      	; 0xa1c <__divsf3_pse+0xae>
     a14:	62 1b       	sub	r22, r18
     a16:	73 0b       	sbc	r23, r19
     a18:	84 0b       	sbc	r24, r20
     a1a:	ba 0b       	sbc	r27, r26
     a1c:	ee 1f       	adc	r30, r30
     a1e:	88 f7       	brcc	.-30     	; 0xa02 <__divsf3_pse+0x94>
     a20:	e0 95       	com	r30
     a22:	08 95       	ret

00000a24 <__fp_inf>:
     a24:	97 f9       	bld	r25, 7
     a26:	9f 67       	ori	r25, 0x7F	; 127
     a28:	80 e8       	ldi	r24, 0x80	; 128
     a2a:	70 e0       	ldi	r23, 0x00	; 0
     a2c:	60 e0       	ldi	r22, 0x00	; 0
     a2e:	08 95       	ret

00000a30 <__fp_nan>:
     a30:	9f ef       	ldi	r25, 0xFF	; 255
     a32:	80 ec       	ldi	r24, 0xC0	; 192
     a34:	08 95       	ret

00000a36 <__fp_pscA>:
     a36:	00 24       	eor	r0, r0
     a38:	0a 94       	dec	r0
     a3a:	16 16       	cp	r1, r22
     a3c:	17 06       	cpc	r1, r23
     a3e:	18 06       	cpc	r1, r24
     a40:	09 06       	cpc	r0, r25
     a42:	08 95       	ret

00000a44 <__fp_pscB>:
     a44:	00 24       	eor	r0, r0
     a46:	0a 94       	dec	r0
     a48:	12 16       	cp	r1, r18
     a4a:	13 06       	cpc	r1, r19
     a4c:	14 06       	cpc	r1, r20
     a4e:	05 06       	cpc	r0, r21
     a50:	08 95       	ret

00000a52 <__fp_round>:
     a52:	09 2e       	mov	r0, r25
     a54:	03 94       	inc	r0
     a56:	00 0c       	add	r0, r0
     a58:	11 f4       	brne	.+4      	; 0xa5e <__fp_round+0xc>
     a5a:	88 23       	and	r24, r24
     a5c:	52 f0       	brmi	.+20     	; 0xa72 <__fp_round+0x20>
     a5e:	bb 0f       	add	r27, r27
     a60:	40 f4       	brcc	.+16     	; 0xa72 <__fp_round+0x20>
     a62:	bf 2b       	or	r27, r31
     a64:	11 f4       	brne	.+4      	; 0xa6a <__fp_round+0x18>
     a66:	60 ff       	sbrs	r22, 0
     a68:	04 c0       	rjmp	.+8      	; 0xa72 <__fp_round+0x20>
     a6a:	6f 5f       	subi	r22, 0xFF	; 255
     a6c:	7f 4f       	sbci	r23, 0xFF	; 255
     a6e:	8f 4f       	sbci	r24, 0xFF	; 255
     a70:	9f 4f       	sbci	r25, 0xFF	; 255
     a72:	08 95       	ret

00000a74 <__fp_split3>:
     a74:	57 fd       	sbrc	r21, 7
     a76:	90 58       	subi	r25, 0x80	; 128
     a78:	44 0f       	add	r20, r20
     a7a:	55 1f       	adc	r21, r21
     a7c:	59 f0       	breq	.+22     	; 0xa94 <__fp_splitA+0x10>
     a7e:	5f 3f       	cpi	r21, 0xFF	; 255
     a80:	71 f0       	breq	.+28     	; 0xa9e <__fp_splitA+0x1a>
     a82:	47 95       	ror	r20

00000a84 <__fp_splitA>:
     a84:	88 0f       	add	r24, r24
     a86:	97 fb       	bst	r25, 7
     a88:	99 1f       	adc	r25, r25
     a8a:	61 f0       	breq	.+24     	; 0xaa4 <__fp_splitA+0x20>
     a8c:	9f 3f       	cpi	r25, 0xFF	; 255
     a8e:	79 f0       	breq	.+30     	; 0xaae <__fp_splitA+0x2a>
     a90:	87 95       	ror	r24
     a92:	08 95       	ret
     a94:	12 16       	cp	r1, r18
     a96:	13 06       	cpc	r1, r19
     a98:	14 06       	cpc	r1, r20
     a9a:	55 1f       	adc	r21, r21
     a9c:	f2 cf       	rjmp	.-28     	; 0xa82 <__fp_split3+0xe>
     a9e:	46 95       	lsr	r20
     aa0:	f1 df       	rcall	.-30     	; 0xa84 <__fp_splitA>
     aa2:	08 c0       	rjmp	.+16     	; 0xab4 <__fp_splitA+0x30>
     aa4:	16 16       	cp	r1, r22
     aa6:	17 06       	cpc	r1, r23
     aa8:	18 06       	cpc	r1, r24
     aaa:	99 1f       	adc	r25, r25
     aac:	f1 cf       	rjmp	.-30     	; 0xa90 <__fp_splitA+0xc>
     aae:	86 95       	lsr	r24
     ab0:	71 05       	cpc	r23, r1
     ab2:	61 05       	cpc	r22, r1
     ab4:	08 94       	sec
     ab6:	08 95       	ret

00000ab8 <__fp_zero>:
     ab8:	e8 94       	clt

00000aba <__fp_szero>:
     aba:	bb 27       	eor	r27, r27
     abc:	66 27       	eor	r22, r22
     abe:	77 27       	eor	r23, r23
     ac0:	cb 01       	movw	r24, r22
     ac2:	97 f9       	bld	r25, 7
     ac4:	08 95       	ret

00000ac6 <__mulsf3>:
     ac6:	0e 94 76 05 	call	0xaec	; 0xaec <__mulsf3x>
     aca:	0c 94 29 05 	jmp	0xa52	; 0xa52 <__fp_round>
     ace:	0e 94 1b 05 	call	0xa36	; 0xa36 <__fp_pscA>
     ad2:	38 f0       	brcs	.+14     	; 0xae2 <__mulsf3+0x1c>
     ad4:	0e 94 22 05 	call	0xa44	; 0xa44 <__fp_pscB>
     ad8:	20 f0       	brcs	.+8      	; 0xae2 <__mulsf3+0x1c>
     ada:	95 23       	and	r25, r21
     adc:	11 f0       	breq	.+4      	; 0xae2 <__mulsf3+0x1c>
     ade:	0c 94 12 05 	jmp	0xa24	; 0xa24 <__fp_inf>
     ae2:	0c 94 18 05 	jmp	0xa30	; 0xa30 <__fp_nan>
     ae6:	11 24       	eor	r1, r1
     ae8:	0c 94 5d 05 	jmp	0xaba	; 0xaba <__fp_szero>

00000aec <__mulsf3x>:
     aec:	0e 94 3a 05 	call	0xa74	; 0xa74 <__fp_split3>
     af0:	70 f3       	brcs	.-36     	; 0xace <__mulsf3+0x8>

00000af2 <__mulsf3_pse>:
     af2:	95 9f       	mul	r25, r21
     af4:	c1 f3       	breq	.-16     	; 0xae6 <__mulsf3+0x20>
     af6:	95 0f       	add	r25, r21
     af8:	50 e0       	ldi	r21, 0x00	; 0
     afa:	55 1f       	adc	r21, r21
     afc:	62 9f       	mul	r22, r18
     afe:	f0 01       	movw	r30, r0
     b00:	72 9f       	mul	r23, r18
     b02:	bb 27       	eor	r27, r27
     b04:	f0 0d       	add	r31, r0
     b06:	b1 1d       	adc	r27, r1
     b08:	63 9f       	mul	r22, r19
     b0a:	aa 27       	eor	r26, r26
     b0c:	f0 0d       	add	r31, r0
     b0e:	b1 1d       	adc	r27, r1
     b10:	aa 1f       	adc	r26, r26
     b12:	64 9f       	mul	r22, r20
     b14:	66 27       	eor	r22, r22
     b16:	b0 0d       	add	r27, r0
     b18:	a1 1d       	adc	r26, r1
     b1a:	66 1f       	adc	r22, r22
     b1c:	82 9f       	mul	r24, r18
     b1e:	22 27       	eor	r18, r18
     b20:	b0 0d       	add	r27, r0
     b22:	a1 1d       	adc	r26, r1
     b24:	62 1f       	adc	r22, r18
     b26:	73 9f       	mul	r23, r19
     b28:	b0 0d       	add	r27, r0
     b2a:	a1 1d       	adc	r26, r1
     b2c:	62 1f       	adc	r22, r18
     b2e:	83 9f       	mul	r24, r19
     b30:	a0 0d       	add	r26, r0
     b32:	61 1d       	adc	r22, r1
     b34:	22 1f       	adc	r18, r18
     b36:	74 9f       	mul	r23, r20
     b38:	33 27       	eor	r19, r19
     b3a:	a0 0d       	add	r26, r0
     b3c:	61 1d       	adc	r22, r1
     b3e:	23 1f       	adc	r18, r19
     b40:	84 9f       	mul	r24, r20
     b42:	60 0d       	add	r22, r0
     b44:	21 1d       	adc	r18, r1
     b46:	82 2f       	mov	r24, r18
     b48:	76 2f       	mov	r23, r22
     b4a:	6a 2f       	mov	r22, r26
     b4c:	11 24       	eor	r1, r1
     b4e:	9f 57       	subi	r25, 0x7F	; 127
     b50:	50 40       	sbci	r21, 0x00	; 0
     b52:	9a f0       	brmi	.+38     	; 0xb7a <__mulsf3_pse+0x88>
     b54:	f1 f0       	breq	.+60     	; 0xb92 <__mulsf3_pse+0xa0>
     b56:	88 23       	and	r24, r24
     b58:	4a f0       	brmi	.+18     	; 0xb6c <__mulsf3_pse+0x7a>
     b5a:	ee 0f       	add	r30, r30
     b5c:	ff 1f       	adc	r31, r31
     b5e:	bb 1f       	adc	r27, r27
     b60:	66 1f       	adc	r22, r22
     b62:	77 1f       	adc	r23, r23
     b64:	88 1f       	adc	r24, r24
     b66:	91 50       	subi	r25, 0x01	; 1
     b68:	50 40       	sbci	r21, 0x00	; 0
     b6a:	a9 f7       	brne	.-22     	; 0xb56 <__mulsf3_pse+0x64>
     b6c:	9e 3f       	cpi	r25, 0xFE	; 254
     b6e:	51 05       	cpc	r21, r1
     b70:	80 f0       	brcs	.+32     	; 0xb92 <__mulsf3_pse+0xa0>
     b72:	0c 94 12 05 	jmp	0xa24	; 0xa24 <__fp_inf>
     b76:	0c 94 5d 05 	jmp	0xaba	; 0xaba <__fp_szero>
     b7a:	5f 3f       	cpi	r21, 0xFF	; 255
     b7c:	e4 f3       	brlt	.-8      	; 0xb76 <__mulsf3_pse+0x84>
     b7e:	98 3e       	cpi	r25, 0xE8	; 232
     b80:	d4 f3       	brlt	.-12     	; 0xb76 <__mulsf3_pse+0x84>
     b82:	86 95       	lsr	r24
     b84:	77 95       	ror	r23
     b86:	67 95       	ror	r22
     b88:	b7 95       	ror	r27
     b8a:	f7 95       	ror	r31
     b8c:	e7 95       	ror	r30
     b8e:	9f 5f       	subi	r25, 0xFF	; 255
     b90:	c1 f7       	brne	.-16     	; 0xb82 <__mulsf3_pse+0x90>
     b92:	fe 2b       	or	r31, r30
     b94:	88 0f       	add	r24, r24
     b96:	91 1d       	adc	r25, r1
     b98:	96 95       	lsr	r25
     b9a:	87 95       	ror	r24
     b9c:	97 f9       	bld	r25, 7
     b9e:	08 95       	ret

00000ba0 <printf>:
     ba0:	a0 e0       	ldi	r26, 0x00	; 0
     ba2:	b0 e0       	ldi	r27, 0x00	; 0
     ba4:	e6 ed       	ldi	r30, 0xD6	; 214
     ba6:	f5 e0       	ldi	r31, 0x05	; 5
     ba8:	0c 94 87 08 	jmp	0x110e	; 0x110e <__prologue_saves__+0x20>
     bac:	ae 01       	movw	r20, r28
     bae:	4b 5f       	subi	r20, 0xFB	; 251
     bb0:	5f 4f       	sbci	r21, 0xFF	; 255
     bb2:	fa 01       	movw	r30, r20
     bb4:	61 91       	ld	r22, Z+
     bb6:	71 91       	ld	r23, Z+
     bb8:	af 01       	movw	r20, r30
     bba:	80 91 52 02 	lds	r24, 0x0252	; 0x800252 <__iob+0x2>
     bbe:	90 91 53 02 	lds	r25, 0x0253	; 0x800253 <__iob+0x3>
     bc2:	0e 94 e6 05 	call	0xbcc	; 0xbcc <vfprintf>
     bc6:	e2 e0       	ldi	r30, 0x02	; 2
     bc8:	0c 94 a3 08 	jmp	0x1146	; 0x1146 <__epilogue_restores__+0x20>

00000bcc <vfprintf>:
     bcc:	ab e0       	ldi	r26, 0x0B	; 11
     bce:	b0 e0       	ldi	r27, 0x00	; 0
     bd0:	ec ee       	ldi	r30, 0xEC	; 236
     bd2:	f5 e0       	ldi	r31, 0x05	; 5
     bd4:	0c 94 77 08 	jmp	0x10ee	; 0x10ee <__prologue_saves__>
     bd8:	6c 01       	movw	r12, r24
     bda:	7b 01       	movw	r14, r22
     bdc:	8a 01       	movw	r16, r20
     bde:	fc 01       	movw	r30, r24
     be0:	17 82       	std	Z+7, r1	; 0x07
     be2:	16 82       	std	Z+6, r1	; 0x06
     be4:	83 81       	ldd	r24, Z+3	; 0x03
     be6:	81 ff       	sbrs	r24, 1
     be8:	cc c1       	rjmp	.+920    	; 0xf82 <vfprintf+0x3b6>
     bea:	ce 01       	movw	r24, r28
     bec:	01 96       	adiw	r24, 0x01	; 1
     bee:	3c 01       	movw	r6, r24
     bf0:	f6 01       	movw	r30, r12
     bf2:	93 81       	ldd	r25, Z+3	; 0x03
     bf4:	f7 01       	movw	r30, r14
     bf6:	93 fd       	sbrc	r25, 3
     bf8:	85 91       	lpm	r24, Z+
     bfa:	93 ff       	sbrs	r25, 3
     bfc:	81 91       	ld	r24, Z+
     bfe:	7f 01       	movw	r14, r30
     c00:	88 23       	and	r24, r24
     c02:	09 f4       	brne	.+2      	; 0xc06 <vfprintf+0x3a>
     c04:	ba c1       	rjmp	.+884    	; 0xf7a <vfprintf+0x3ae>
     c06:	85 32       	cpi	r24, 0x25	; 37
     c08:	39 f4       	brne	.+14     	; 0xc18 <vfprintf+0x4c>
     c0a:	93 fd       	sbrc	r25, 3
     c0c:	85 91       	lpm	r24, Z+
     c0e:	93 ff       	sbrs	r25, 3
     c10:	81 91       	ld	r24, Z+
     c12:	7f 01       	movw	r14, r30
     c14:	85 32       	cpi	r24, 0x25	; 37
     c16:	29 f4       	brne	.+10     	; 0xc22 <vfprintf+0x56>
     c18:	b6 01       	movw	r22, r12
     c1a:	90 e0       	ldi	r25, 0x00	; 0
     c1c:	0e 94 dd 07 	call	0xfba	; 0xfba <fputc>
     c20:	e7 cf       	rjmp	.-50     	; 0xbf0 <vfprintf+0x24>
     c22:	91 2c       	mov	r9, r1
     c24:	21 2c       	mov	r2, r1
     c26:	31 2c       	mov	r3, r1
     c28:	ff e1       	ldi	r31, 0x1F	; 31
     c2a:	f3 15       	cp	r31, r3
     c2c:	d8 f0       	brcs	.+54     	; 0xc64 <vfprintf+0x98>
     c2e:	8b 32       	cpi	r24, 0x2B	; 43
     c30:	79 f0       	breq	.+30     	; 0xc50 <vfprintf+0x84>
     c32:	38 f4       	brcc	.+14     	; 0xc42 <vfprintf+0x76>
     c34:	80 32       	cpi	r24, 0x20	; 32
     c36:	79 f0       	breq	.+30     	; 0xc56 <vfprintf+0x8a>
     c38:	83 32       	cpi	r24, 0x23	; 35
     c3a:	a1 f4       	brne	.+40     	; 0xc64 <vfprintf+0x98>
     c3c:	23 2d       	mov	r18, r3
     c3e:	20 61       	ori	r18, 0x10	; 16
     c40:	1d c0       	rjmp	.+58     	; 0xc7c <vfprintf+0xb0>
     c42:	8d 32       	cpi	r24, 0x2D	; 45
     c44:	61 f0       	breq	.+24     	; 0xc5e <vfprintf+0x92>
     c46:	80 33       	cpi	r24, 0x30	; 48
     c48:	69 f4       	brne	.+26     	; 0xc64 <vfprintf+0x98>
     c4a:	23 2d       	mov	r18, r3
     c4c:	21 60       	ori	r18, 0x01	; 1
     c4e:	16 c0       	rjmp	.+44     	; 0xc7c <vfprintf+0xb0>
     c50:	83 2d       	mov	r24, r3
     c52:	82 60       	ori	r24, 0x02	; 2
     c54:	38 2e       	mov	r3, r24
     c56:	e3 2d       	mov	r30, r3
     c58:	e4 60       	ori	r30, 0x04	; 4
     c5a:	3e 2e       	mov	r3, r30
     c5c:	2a c0       	rjmp	.+84     	; 0xcb2 <vfprintf+0xe6>
     c5e:	f3 2d       	mov	r31, r3
     c60:	f8 60       	ori	r31, 0x08	; 8
     c62:	1d c0       	rjmp	.+58     	; 0xc9e <vfprintf+0xd2>
     c64:	37 fc       	sbrc	r3, 7
     c66:	2d c0       	rjmp	.+90     	; 0xcc2 <vfprintf+0xf6>
     c68:	20 ed       	ldi	r18, 0xD0	; 208
     c6a:	28 0f       	add	r18, r24
     c6c:	2a 30       	cpi	r18, 0x0A	; 10
     c6e:	40 f0       	brcs	.+16     	; 0xc80 <vfprintf+0xb4>
     c70:	8e 32       	cpi	r24, 0x2E	; 46
     c72:	b9 f4       	brne	.+46     	; 0xca2 <vfprintf+0xd6>
     c74:	36 fc       	sbrc	r3, 6
     c76:	81 c1       	rjmp	.+770    	; 0xf7a <vfprintf+0x3ae>
     c78:	23 2d       	mov	r18, r3
     c7a:	20 64       	ori	r18, 0x40	; 64
     c7c:	32 2e       	mov	r3, r18
     c7e:	19 c0       	rjmp	.+50     	; 0xcb2 <vfprintf+0xe6>
     c80:	36 fe       	sbrs	r3, 6
     c82:	06 c0       	rjmp	.+12     	; 0xc90 <vfprintf+0xc4>
     c84:	8a e0       	ldi	r24, 0x0A	; 10
     c86:	98 9e       	mul	r9, r24
     c88:	20 0d       	add	r18, r0
     c8a:	11 24       	eor	r1, r1
     c8c:	92 2e       	mov	r9, r18
     c8e:	11 c0       	rjmp	.+34     	; 0xcb2 <vfprintf+0xe6>
     c90:	ea e0       	ldi	r30, 0x0A	; 10
     c92:	2e 9e       	mul	r2, r30
     c94:	20 0d       	add	r18, r0
     c96:	11 24       	eor	r1, r1
     c98:	22 2e       	mov	r2, r18
     c9a:	f3 2d       	mov	r31, r3
     c9c:	f0 62       	ori	r31, 0x20	; 32
     c9e:	3f 2e       	mov	r3, r31
     ca0:	08 c0       	rjmp	.+16     	; 0xcb2 <vfprintf+0xe6>
     ca2:	8c 36       	cpi	r24, 0x6C	; 108
     ca4:	21 f4       	brne	.+8      	; 0xcae <vfprintf+0xe2>
     ca6:	83 2d       	mov	r24, r3
     ca8:	80 68       	ori	r24, 0x80	; 128
     caa:	38 2e       	mov	r3, r24
     cac:	02 c0       	rjmp	.+4      	; 0xcb2 <vfprintf+0xe6>
     cae:	88 36       	cpi	r24, 0x68	; 104
     cb0:	41 f4       	brne	.+16     	; 0xcc2 <vfprintf+0xf6>
     cb2:	f7 01       	movw	r30, r14
     cb4:	93 fd       	sbrc	r25, 3
     cb6:	85 91       	lpm	r24, Z+
     cb8:	93 ff       	sbrs	r25, 3
     cba:	81 91       	ld	r24, Z+
     cbc:	7f 01       	movw	r14, r30
     cbe:	81 11       	cpse	r24, r1
     cc0:	b3 cf       	rjmp	.-154    	; 0xc28 <vfprintf+0x5c>
     cc2:	98 2f       	mov	r25, r24
     cc4:	9f 7d       	andi	r25, 0xDF	; 223
     cc6:	95 54       	subi	r25, 0x45	; 69
     cc8:	93 30       	cpi	r25, 0x03	; 3
     cca:	28 f4       	brcc	.+10     	; 0xcd6 <vfprintf+0x10a>
     ccc:	0c 5f       	subi	r16, 0xFC	; 252
     cce:	1f 4f       	sbci	r17, 0xFF	; 255
     cd0:	9f e3       	ldi	r25, 0x3F	; 63
     cd2:	99 83       	std	Y+1, r25	; 0x01
     cd4:	0d c0       	rjmp	.+26     	; 0xcf0 <vfprintf+0x124>
     cd6:	83 36       	cpi	r24, 0x63	; 99
     cd8:	31 f0       	breq	.+12     	; 0xce6 <vfprintf+0x11a>
     cda:	83 37       	cpi	r24, 0x73	; 115
     cdc:	71 f0       	breq	.+28     	; 0xcfa <vfprintf+0x12e>
     cde:	83 35       	cpi	r24, 0x53	; 83
     ce0:	09 f0       	breq	.+2      	; 0xce4 <vfprintf+0x118>
     ce2:	59 c0       	rjmp	.+178    	; 0xd96 <vfprintf+0x1ca>
     ce4:	21 c0       	rjmp	.+66     	; 0xd28 <vfprintf+0x15c>
     ce6:	f8 01       	movw	r30, r16
     ce8:	80 81       	ld	r24, Z
     cea:	89 83       	std	Y+1, r24	; 0x01
     cec:	0e 5f       	subi	r16, 0xFE	; 254
     cee:	1f 4f       	sbci	r17, 0xFF	; 255
     cf0:	88 24       	eor	r8, r8
     cf2:	83 94       	inc	r8
     cf4:	91 2c       	mov	r9, r1
     cf6:	53 01       	movw	r10, r6
     cf8:	13 c0       	rjmp	.+38     	; 0xd20 <vfprintf+0x154>
     cfa:	28 01       	movw	r4, r16
     cfc:	f2 e0       	ldi	r31, 0x02	; 2
     cfe:	4f 0e       	add	r4, r31
     d00:	51 1c       	adc	r5, r1
     d02:	f8 01       	movw	r30, r16
     d04:	a0 80       	ld	r10, Z
     d06:	b1 80       	ldd	r11, Z+1	; 0x01
     d08:	36 fe       	sbrs	r3, 6
     d0a:	03 c0       	rjmp	.+6      	; 0xd12 <vfprintf+0x146>
     d0c:	69 2d       	mov	r22, r9
     d0e:	70 e0       	ldi	r23, 0x00	; 0
     d10:	02 c0       	rjmp	.+4      	; 0xd16 <vfprintf+0x14a>
     d12:	6f ef       	ldi	r22, 0xFF	; 255
     d14:	7f ef       	ldi	r23, 0xFF	; 255
     d16:	c5 01       	movw	r24, r10
     d18:	0e 94 d2 07 	call	0xfa4	; 0xfa4 <strnlen>
     d1c:	4c 01       	movw	r8, r24
     d1e:	82 01       	movw	r16, r4
     d20:	f3 2d       	mov	r31, r3
     d22:	ff 77       	andi	r31, 0x7F	; 127
     d24:	3f 2e       	mov	r3, r31
     d26:	16 c0       	rjmp	.+44     	; 0xd54 <vfprintf+0x188>
     d28:	28 01       	movw	r4, r16
     d2a:	22 e0       	ldi	r18, 0x02	; 2
     d2c:	42 0e       	add	r4, r18
     d2e:	51 1c       	adc	r5, r1
     d30:	f8 01       	movw	r30, r16
     d32:	a0 80       	ld	r10, Z
     d34:	b1 80       	ldd	r11, Z+1	; 0x01
     d36:	36 fe       	sbrs	r3, 6
     d38:	03 c0       	rjmp	.+6      	; 0xd40 <vfprintf+0x174>
     d3a:	69 2d       	mov	r22, r9
     d3c:	70 e0       	ldi	r23, 0x00	; 0
     d3e:	02 c0       	rjmp	.+4      	; 0xd44 <vfprintf+0x178>
     d40:	6f ef       	ldi	r22, 0xFF	; 255
     d42:	7f ef       	ldi	r23, 0xFF	; 255
     d44:	c5 01       	movw	r24, r10
     d46:	0e 94 c7 07 	call	0xf8e	; 0xf8e <strnlen_P>
     d4a:	4c 01       	movw	r8, r24
     d4c:	f3 2d       	mov	r31, r3
     d4e:	f0 68       	ori	r31, 0x80	; 128
     d50:	3f 2e       	mov	r3, r31
     d52:	82 01       	movw	r16, r4
     d54:	33 fc       	sbrc	r3, 3
     d56:	1b c0       	rjmp	.+54     	; 0xd8e <vfprintf+0x1c2>
     d58:	82 2d       	mov	r24, r2
     d5a:	90 e0       	ldi	r25, 0x00	; 0
     d5c:	88 16       	cp	r8, r24
     d5e:	99 06       	cpc	r9, r25
     d60:	b0 f4       	brcc	.+44     	; 0xd8e <vfprintf+0x1c2>
     d62:	b6 01       	movw	r22, r12
     d64:	80 e2       	ldi	r24, 0x20	; 32
     d66:	90 e0       	ldi	r25, 0x00	; 0
     d68:	0e 94 dd 07 	call	0xfba	; 0xfba <fputc>
     d6c:	2a 94       	dec	r2
     d6e:	f4 cf       	rjmp	.-24     	; 0xd58 <vfprintf+0x18c>
     d70:	f5 01       	movw	r30, r10
     d72:	37 fc       	sbrc	r3, 7
     d74:	85 91       	lpm	r24, Z+
     d76:	37 fe       	sbrs	r3, 7
     d78:	81 91       	ld	r24, Z+
     d7a:	5f 01       	movw	r10, r30
     d7c:	b6 01       	movw	r22, r12
     d7e:	90 e0       	ldi	r25, 0x00	; 0
     d80:	0e 94 dd 07 	call	0xfba	; 0xfba <fputc>
     d84:	21 10       	cpse	r2, r1
     d86:	2a 94       	dec	r2
     d88:	21 e0       	ldi	r18, 0x01	; 1
     d8a:	82 1a       	sub	r8, r18
     d8c:	91 08       	sbc	r9, r1
     d8e:	81 14       	cp	r8, r1
     d90:	91 04       	cpc	r9, r1
     d92:	71 f7       	brne	.-36     	; 0xd70 <vfprintf+0x1a4>
     d94:	e8 c0       	rjmp	.+464    	; 0xf66 <vfprintf+0x39a>
     d96:	84 36       	cpi	r24, 0x64	; 100
     d98:	11 f0       	breq	.+4      	; 0xd9e <vfprintf+0x1d2>
     d9a:	89 36       	cpi	r24, 0x69	; 105
     d9c:	41 f5       	brne	.+80     	; 0xdee <vfprintf+0x222>
     d9e:	f8 01       	movw	r30, r16
     da0:	37 fe       	sbrs	r3, 7
     da2:	07 c0       	rjmp	.+14     	; 0xdb2 <vfprintf+0x1e6>
     da4:	60 81       	ld	r22, Z
     da6:	71 81       	ldd	r23, Z+1	; 0x01
     da8:	82 81       	ldd	r24, Z+2	; 0x02
     daa:	93 81       	ldd	r25, Z+3	; 0x03
     dac:	0c 5f       	subi	r16, 0xFC	; 252
     dae:	1f 4f       	sbci	r17, 0xFF	; 255
     db0:	08 c0       	rjmp	.+16     	; 0xdc2 <vfprintf+0x1f6>
     db2:	60 81       	ld	r22, Z
     db4:	71 81       	ldd	r23, Z+1	; 0x01
     db6:	07 2e       	mov	r0, r23
     db8:	00 0c       	add	r0, r0
     dba:	88 0b       	sbc	r24, r24
     dbc:	99 0b       	sbc	r25, r25
     dbe:	0e 5f       	subi	r16, 0xFE	; 254
     dc0:	1f 4f       	sbci	r17, 0xFF	; 255
     dc2:	f3 2d       	mov	r31, r3
     dc4:	ff 76       	andi	r31, 0x6F	; 111
     dc6:	3f 2e       	mov	r3, r31
     dc8:	97 ff       	sbrs	r25, 7
     dca:	09 c0       	rjmp	.+18     	; 0xdde <vfprintf+0x212>
     dcc:	90 95       	com	r25
     dce:	80 95       	com	r24
     dd0:	70 95       	com	r23
     dd2:	61 95       	neg	r22
     dd4:	7f 4f       	sbci	r23, 0xFF	; 255
     dd6:	8f 4f       	sbci	r24, 0xFF	; 255
     dd8:	9f 4f       	sbci	r25, 0xFF	; 255
     dda:	f0 68       	ori	r31, 0x80	; 128
     ddc:	3f 2e       	mov	r3, r31
     dde:	2a e0       	ldi	r18, 0x0A	; 10
     de0:	30 e0       	ldi	r19, 0x00	; 0
     de2:	a3 01       	movw	r20, r6
     de4:	0e 94 19 08 	call	0x1032	; 0x1032 <__ultoa_invert>
     de8:	88 2e       	mov	r8, r24
     dea:	86 18       	sub	r8, r6
     dec:	45 c0       	rjmp	.+138    	; 0xe78 <vfprintf+0x2ac>
     dee:	85 37       	cpi	r24, 0x75	; 117
     df0:	31 f4       	brne	.+12     	; 0xdfe <vfprintf+0x232>
     df2:	23 2d       	mov	r18, r3
     df4:	2f 7e       	andi	r18, 0xEF	; 239
     df6:	b2 2e       	mov	r11, r18
     df8:	2a e0       	ldi	r18, 0x0A	; 10
     dfa:	30 e0       	ldi	r19, 0x00	; 0
     dfc:	25 c0       	rjmp	.+74     	; 0xe48 <vfprintf+0x27c>
     dfe:	93 2d       	mov	r25, r3
     e00:	99 7f       	andi	r25, 0xF9	; 249
     e02:	b9 2e       	mov	r11, r25
     e04:	8f 36       	cpi	r24, 0x6F	; 111
     e06:	c1 f0       	breq	.+48     	; 0xe38 <vfprintf+0x26c>
     e08:	18 f4       	brcc	.+6      	; 0xe10 <vfprintf+0x244>
     e0a:	88 35       	cpi	r24, 0x58	; 88
     e0c:	79 f0       	breq	.+30     	; 0xe2c <vfprintf+0x260>
     e0e:	b5 c0       	rjmp	.+362    	; 0xf7a <vfprintf+0x3ae>
     e10:	80 37       	cpi	r24, 0x70	; 112
     e12:	19 f0       	breq	.+6      	; 0xe1a <vfprintf+0x24e>
     e14:	88 37       	cpi	r24, 0x78	; 120
     e16:	21 f0       	breq	.+8      	; 0xe20 <vfprintf+0x254>
     e18:	b0 c0       	rjmp	.+352    	; 0xf7a <vfprintf+0x3ae>
     e1a:	e9 2f       	mov	r30, r25
     e1c:	e0 61       	ori	r30, 0x10	; 16
     e1e:	be 2e       	mov	r11, r30
     e20:	b4 fe       	sbrs	r11, 4
     e22:	0d c0       	rjmp	.+26     	; 0xe3e <vfprintf+0x272>
     e24:	fb 2d       	mov	r31, r11
     e26:	f4 60       	ori	r31, 0x04	; 4
     e28:	bf 2e       	mov	r11, r31
     e2a:	09 c0       	rjmp	.+18     	; 0xe3e <vfprintf+0x272>
     e2c:	34 fe       	sbrs	r3, 4
     e2e:	0a c0       	rjmp	.+20     	; 0xe44 <vfprintf+0x278>
     e30:	29 2f       	mov	r18, r25
     e32:	26 60       	ori	r18, 0x06	; 6
     e34:	b2 2e       	mov	r11, r18
     e36:	06 c0       	rjmp	.+12     	; 0xe44 <vfprintf+0x278>
     e38:	28 e0       	ldi	r18, 0x08	; 8
     e3a:	30 e0       	ldi	r19, 0x00	; 0
     e3c:	05 c0       	rjmp	.+10     	; 0xe48 <vfprintf+0x27c>
     e3e:	20 e1       	ldi	r18, 0x10	; 16
     e40:	30 e0       	ldi	r19, 0x00	; 0
     e42:	02 c0       	rjmp	.+4      	; 0xe48 <vfprintf+0x27c>
     e44:	20 e1       	ldi	r18, 0x10	; 16
     e46:	32 e0       	ldi	r19, 0x02	; 2
     e48:	f8 01       	movw	r30, r16
     e4a:	b7 fe       	sbrs	r11, 7
     e4c:	07 c0       	rjmp	.+14     	; 0xe5c <vfprintf+0x290>
     e4e:	60 81       	ld	r22, Z
     e50:	71 81       	ldd	r23, Z+1	; 0x01
     e52:	82 81       	ldd	r24, Z+2	; 0x02
     e54:	93 81       	ldd	r25, Z+3	; 0x03
     e56:	0c 5f       	subi	r16, 0xFC	; 252
     e58:	1f 4f       	sbci	r17, 0xFF	; 255
     e5a:	06 c0       	rjmp	.+12     	; 0xe68 <vfprintf+0x29c>
     e5c:	60 81       	ld	r22, Z
     e5e:	71 81       	ldd	r23, Z+1	; 0x01
     e60:	80 e0       	ldi	r24, 0x00	; 0
     e62:	90 e0       	ldi	r25, 0x00	; 0
     e64:	0e 5f       	subi	r16, 0xFE	; 254
     e66:	1f 4f       	sbci	r17, 0xFF	; 255
     e68:	a3 01       	movw	r20, r6
     e6a:	0e 94 19 08 	call	0x1032	; 0x1032 <__ultoa_invert>
     e6e:	88 2e       	mov	r8, r24
     e70:	86 18       	sub	r8, r6
     e72:	fb 2d       	mov	r31, r11
     e74:	ff 77       	andi	r31, 0x7F	; 127
     e76:	3f 2e       	mov	r3, r31
     e78:	36 fe       	sbrs	r3, 6
     e7a:	0d c0       	rjmp	.+26     	; 0xe96 <vfprintf+0x2ca>
     e7c:	23 2d       	mov	r18, r3
     e7e:	2e 7f       	andi	r18, 0xFE	; 254
     e80:	a2 2e       	mov	r10, r18
     e82:	89 14       	cp	r8, r9
     e84:	58 f4       	brcc	.+22     	; 0xe9c <vfprintf+0x2d0>
     e86:	34 fe       	sbrs	r3, 4
     e88:	0b c0       	rjmp	.+22     	; 0xea0 <vfprintf+0x2d4>
     e8a:	32 fc       	sbrc	r3, 2
     e8c:	09 c0       	rjmp	.+18     	; 0xea0 <vfprintf+0x2d4>
     e8e:	83 2d       	mov	r24, r3
     e90:	8e 7e       	andi	r24, 0xEE	; 238
     e92:	a8 2e       	mov	r10, r24
     e94:	05 c0       	rjmp	.+10     	; 0xea0 <vfprintf+0x2d4>
     e96:	b8 2c       	mov	r11, r8
     e98:	a3 2c       	mov	r10, r3
     e9a:	03 c0       	rjmp	.+6      	; 0xea2 <vfprintf+0x2d6>
     e9c:	b8 2c       	mov	r11, r8
     e9e:	01 c0       	rjmp	.+2      	; 0xea2 <vfprintf+0x2d6>
     ea0:	b9 2c       	mov	r11, r9
     ea2:	a4 fe       	sbrs	r10, 4
     ea4:	0f c0       	rjmp	.+30     	; 0xec4 <vfprintf+0x2f8>
     ea6:	fe 01       	movw	r30, r28
     ea8:	e8 0d       	add	r30, r8
     eaa:	f1 1d       	adc	r31, r1
     eac:	80 81       	ld	r24, Z
     eae:	80 33       	cpi	r24, 0x30	; 48
     eb0:	21 f4       	brne	.+8      	; 0xeba <vfprintf+0x2ee>
     eb2:	9a 2d       	mov	r25, r10
     eb4:	99 7e       	andi	r25, 0xE9	; 233
     eb6:	a9 2e       	mov	r10, r25
     eb8:	09 c0       	rjmp	.+18     	; 0xecc <vfprintf+0x300>
     eba:	a2 fe       	sbrs	r10, 2
     ebc:	06 c0       	rjmp	.+12     	; 0xeca <vfprintf+0x2fe>
     ebe:	b3 94       	inc	r11
     ec0:	b3 94       	inc	r11
     ec2:	04 c0       	rjmp	.+8      	; 0xecc <vfprintf+0x300>
     ec4:	8a 2d       	mov	r24, r10
     ec6:	86 78       	andi	r24, 0x86	; 134
     ec8:	09 f0       	breq	.+2      	; 0xecc <vfprintf+0x300>
     eca:	b3 94       	inc	r11
     ecc:	a3 fc       	sbrc	r10, 3
     ece:	11 c0       	rjmp	.+34     	; 0xef2 <vfprintf+0x326>
     ed0:	a0 fe       	sbrs	r10, 0
     ed2:	06 c0       	rjmp	.+12     	; 0xee0 <vfprintf+0x314>
     ed4:	b2 14       	cp	r11, r2
     ed6:	88 f4       	brcc	.+34     	; 0xefa <vfprintf+0x32e>
     ed8:	28 0c       	add	r2, r8
     eda:	92 2c       	mov	r9, r2
     edc:	9b 18       	sub	r9, r11
     ede:	0e c0       	rjmp	.+28     	; 0xefc <vfprintf+0x330>
     ee0:	b2 14       	cp	r11, r2
     ee2:	60 f4       	brcc	.+24     	; 0xefc <vfprintf+0x330>
     ee4:	b6 01       	movw	r22, r12
     ee6:	80 e2       	ldi	r24, 0x20	; 32
     ee8:	90 e0       	ldi	r25, 0x00	; 0
     eea:	0e 94 dd 07 	call	0xfba	; 0xfba <fputc>
     eee:	b3 94       	inc	r11
     ef0:	f7 cf       	rjmp	.-18     	; 0xee0 <vfprintf+0x314>
     ef2:	b2 14       	cp	r11, r2
     ef4:	18 f4       	brcc	.+6      	; 0xefc <vfprintf+0x330>
     ef6:	2b 18       	sub	r2, r11
     ef8:	02 c0       	rjmp	.+4      	; 0xefe <vfprintf+0x332>
     efa:	98 2c       	mov	r9, r8
     efc:	21 2c       	mov	r2, r1
     efe:	a4 fe       	sbrs	r10, 4
     f00:	10 c0       	rjmp	.+32     	; 0xf22 <vfprintf+0x356>
     f02:	b6 01       	movw	r22, r12
     f04:	80 e3       	ldi	r24, 0x30	; 48
     f06:	90 e0       	ldi	r25, 0x00	; 0
     f08:	0e 94 dd 07 	call	0xfba	; 0xfba <fputc>
     f0c:	a2 fe       	sbrs	r10, 2
     f0e:	17 c0       	rjmp	.+46     	; 0xf3e <vfprintf+0x372>
     f10:	a1 fc       	sbrc	r10, 1
     f12:	03 c0       	rjmp	.+6      	; 0xf1a <vfprintf+0x34e>
     f14:	88 e7       	ldi	r24, 0x78	; 120
     f16:	90 e0       	ldi	r25, 0x00	; 0
     f18:	02 c0       	rjmp	.+4      	; 0xf1e <vfprintf+0x352>
     f1a:	88 e5       	ldi	r24, 0x58	; 88
     f1c:	90 e0       	ldi	r25, 0x00	; 0
     f1e:	b6 01       	movw	r22, r12
     f20:	0c c0       	rjmp	.+24     	; 0xf3a <vfprintf+0x36e>
     f22:	8a 2d       	mov	r24, r10
     f24:	86 78       	andi	r24, 0x86	; 134
     f26:	59 f0       	breq	.+22     	; 0xf3e <vfprintf+0x372>
     f28:	a1 fe       	sbrs	r10, 1
     f2a:	02 c0       	rjmp	.+4      	; 0xf30 <vfprintf+0x364>
     f2c:	8b e2       	ldi	r24, 0x2B	; 43
     f2e:	01 c0       	rjmp	.+2      	; 0xf32 <vfprintf+0x366>
     f30:	80 e2       	ldi	r24, 0x20	; 32
     f32:	a7 fc       	sbrc	r10, 7
     f34:	8d e2       	ldi	r24, 0x2D	; 45
     f36:	b6 01       	movw	r22, r12
     f38:	90 e0       	ldi	r25, 0x00	; 0
     f3a:	0e 94 dd 07 	call	0xfba	; 0xfba <fputc>
     f3e:	89 14       	cp	r8, r9
     f40:	38 f4       	brcc	.+14     	; 0xf50 <vfprintf+0x384>
     f42:	b6 01       	movw	r22, r12
     f44:	80 e3       	ldi	r24, 0x30	; 48
     f46:	90 e0       	ldi	r25, 0x00	; 0
     f48:	0e 94 dd 07 	call	0xfba	; 0xfba <fputc>
     f4c:	9a 94       	dec	r9
     f4e:	f7 cf       	rjmp	.-18     	; 0xf3e <vfprintf+0x372>
     f50:	8a 94       	dec	r8
     f52:	f3 01       	movw	r30, r6
     f54:	e8 0d       	add	r30, r8
     f56:	f1 1d       	adc	r31, r1
     f58:	80 81       	ld	r24, Z
     f5a:	b6 01       	movw	r22, r12
     f5c:	90 e0       	ldi	r25, 0x00	; 0
     f5e:	0e 94 dd 07 	call	0xfba	; 0xfba <fputc>
     f62:	81 10       	cpse	r8, r1
     f64:	f5 cf       	rjmp	.-22     	; 0xf50 <vfprintf+0x384>
     f66:	22 20       	and	r2, r2
     f68:	09 f4       	brne	.+2      	; 0xf6c <vfprintf+0x3a0>
     f6a:	42 ce       	rjmp	.-892    	; 0xbf0 <vfprintf+0x24>
     f6c:	b6 01       	movw	r22, r12
     f6e:	80 e2       	ldi	r24, 0x20	; 32
     f70:	90 e0       	ldi	r25, 0x00	; 0
     f72:	0e 94 dd 07 	call	0xfba	; 0xfba <fputc>
     f76:	2a 94       	dec	r2
     f78:	f6 cf       	rjmp	.-20     	; 0xf66 <vfprintf+0x39a>
     f7a:	f6 01       	movw	r30, r12
     f7c:	86 81       	ldd	r24, Z+6	; 0x06
     f7e:	97 81       	ldd	r25, Z+7	; 0x07
     f80:	02 c0       	rjmp	.+4      	; 0xf86 <vfprintf+0x3ba>
     f82:	8f ef       	ldi	r24, 0xFF	; 255
     f84:	9f ef       	ldi	r25, 0xFF	; 255
     f86:	2b 96       	adiw	r28, 0x0b	; 11
     f88:	e2 e1       	ldi	r30, 0x12	; 18
     f8a:	0c 94 93 08 	jmp	0x1126	; 0x1126 <__epilogue_restores__>

00000f8e <strnlen_P>:
     f8e:	fc 01       	movw	r30, r24
     f90:	05 90       	lpm	r0, Z+
     f92:	61 50       	subi	r22, 0x01	; 1
     f94:	70 40       	sbci	r23, 0x00	; 0
     f96:	01 10       	cpse	r0, r1
     f98:	d8 f7       	brcc	.-10     	; 0xf90 <strnlen_P+0x2>
     f9a:	80 95       	com	r24
     f9c:	90 95       	com	r25
     f9e:	8e 0f       	add	r24, r30
     fa0:	9f 1f       	adc	r25, r31
     fa2:	08 95       	ret

00000fa4 <strnlen>:
     fa4:	fc 01       	movw	r30, r24
     fa6:	61 50       	subi	r22, 0x01	; 1
     fa8:	70 40       	sbci	r23, 0x00	; 0
     faa:	01 90       	ld	r0, Z+
     fac:	01 10       	cpse	r0, r1
     fae:	d8 f7       	brcc	.-10     	; 0xfa6 <strnlen+0x2>
     fb0:	80 95       	com	r24
     fb2:	90 95       	com	r25
     fb4:	8e 0f       	add	r24, r30
     fb6:	9f 1f       	adc	r25, r31
     fb8:	08 95       	ret

00000fba <fputc>:
     fba:	0f 93       	push	r16
     fbc:	1f 93       	push	r17
     fbe:	cf 93       	push	r28
     fc0:	df 93       	push	r29
     fc2:	fb 01       	movw	r30, r22
     fc4:	23 81       	ldd	r18, Z+3	; 0x03
     fc6:	21 fd       	sbrc	r18, 1
     fc8:	03 c0       	rjmp	.+6      	; 0xfd0 <fputc+0x16>
     fca:	8f ef       	ldi	r24, 0xFF	; 255
     fcc:	9f ef       	ldi	r25, 0xFF	; 255
     fce:	2c c0       	rjmp	.+88     	; 0x1028 <fputc+0x6e>
     fd0:	22 ff       	sbrs	r18, 2
     fd2:	16 c0       	rjmp	.+44     	; 0x1000 <fputc+0x46>
     fd4:	46 81       	ldd	r20, Z+6	; 0x06
     fd6:	57 81       	ldd	r21, Z+7	; 0x07
     fd8:	24 81       	ldd	r18, Z+4	; 0x04
     fda:	35 81       	ldd	r19, Z+5	; 0x05
     fdc:	42 17       	cp	r20, r18
     fde:	53 07       	cpc	r21, r19
     fe0:	44 f4       	brge	.+16     	; 0xff2 <fputc+0x38>
     fe2:	a0 81       	ld	r26, Z
     fe4:	b1 81       	ldd	r27, Z+1	; 0x01
     fe6:	9d 01       	movw	r18, r26
     fe8:	2f 5f       	subi	r18, 0xFF	; 255
     fea:	3f 4f       	sbci	r19, 0xFF	; 255
     fec:	31 83       	std	Z+1, r19	; 0x01
     fee:	20 83       	st	Z, r18
     ff0:	8c 93       	st	X, r24
     ff2:	26 81       	ldd	r18, Z+6	; 0x06
     ff4:	37 81       	ldd	r19, Z+7	; 0x07
     ff6:	2f 5f       	subi	r18, 0xFF	; 255
     ff8:	3f 4f       	sbci	r19, 0xFF	; 255
     ffa:	37 83       	std	Z+7, r19	; 0x07
     ffc:	26 83       	std	Z+6, r18	; 0x06
     ffe:	14 c0       	rjmp	.+40     	; 0x1028 <fputc+0x6e>
    1000:	8b 01       	movw	r16, r22
    1002:	ec 01       	movw	r28, r24
    1004:	fb 01       	movw	r30, r22
    1006:	00 84       	ldd	r0, Z+8	; 0x08
    1008:	f1 85       	ldd	r31, Z+9	; 0x09
    100a:	e0 2d       	mov	r30, r0
    100c:	09 95       	icall
    100e:	89 2b       	or	r24, r25
    1010:	e1 f6       	brne	.-72     	; 0xfca <fputc+0x10>
    1012:	d8 01       	movw	r26, r16
    1014:	16 96       	adiw	r26, 0x06	; 6
    1016:	8d 91       	ld	r24, X+
    1018:	9c 91       	ld	r25, X
    101a:	17 97       	sbiw	r26, 0x07	; 7
    101c:	01 96       	adiw	r24, 0x01	; 1
    101e:	17 96       	adiw	r26, 0x07	; 7
    1020:	9c 93       	st	X, r25
    1022:	8e 93       	st	-X, r24
    1024:	16 97       	sbiw	r26, 0x06	; 6
    1026:	ce 01       	movw	r24, r28
    1028:	df 91       	pop	r29
    102a:	cf 91       	pop	r28
    102c:	1f 91       	pop	r17
    102e:	0f 91       	pop	r16
    1030:	08 95       	ret

00001032 <__ultoa_invert>:
    1032:	fa 01       	movw	r30, r20
    1034:	aa 27       	eor	r26, r26
    1036:	28 30       	cpi	r18, 0x08	; 8
    1038:	51 f1       	breq	.+84     	; 0x108e <__ultoa_invert+0x5c>
    103a:	20 31       	cpi	r18, 0x10	; 16
    103c:	81 f1       	breq	.+96     	; 0x109e <__ultoa_invert+0x6c>
    103e:	e8 94       	clt
    1040:	6f 93       	push	r22
    1042:	6e 7f       	andi	r22, 0xFE	; 254
    1044:	6e 5f       	subi	r22, 0xFE	; 254
    1046:	7f 4f       	sbci	r23, 0xFF	; 255
    1048:	8f 4f       	sbci	r24, 0xFF	; 255
    104a:	9f 4f       	sbci	r25, 0xFF	; 255
    104c:	af 4f       	sbci	r26, 0xFF	; 255
    104e:	b1 e0       	ldi	r27, 0x01	; 1
    1050:	3e d0       	rcall	.+124    	; 0x10ce <__ultoa_invert+0x9c>
    1052:	b4 e0       	ldi	r27, 0x04	; 4
    1054:	3c d0       	rcall	.+120    	; 0x10ce <__ultoa_invert+0x9c>
    1056:	67 0f       	add	r22, r23
    1058:	78 1f       	adc	r23, r24
    105a:	89 1f       	adc	r24, r25
    105c:	9a 1f       	adc	r25, r26
    105e:	a1 1d       	adc	r26, r1
    1060:	68 0f       	add	r22, r24
    1062:	79 1f       	adc	r23, r25
    1064:	8a 1f       	adc	r24, r26
    1066:	91 1d       	adc	r25, r1
    1068:	a1 1d       	adc	r26, r1
    106a:	6a 0f       	add	r22, r26
    106c:	71 1d       	adc	r23, r1
    106e:	81 1d       	adc	r24, r1
    1070:	91 1d       	adc	r25, r1
    1072:	a1 1d       	adc	r26, r1
    1074:	20 d0       	rcall	.+64     	; 0x10b6 <__ultoa_invert+0x84>
    1076:	09 f4       	brne	.+2      	; 0x107a <__ultoa_invert+0x48>
    1078:	68 94       	set
    107a:	3f 91       	pop	r19
    107c:	2a e0       	ldi	r18, 0x0A	; 10
    107e:	26 9f       	mul	r18, r22
    1080:	11 24       	eor	r1, r1
    1082:	30 19       	sub	r19, r0
    1084:	30 5d       	subi	r19, 0xD0	; 208
    1086:	31 93       	st	Z+, r19
    1088:	de f6       	brtc	.-74     	; 0x1040 <__ultoa_invert+0xe>
    108a:	cf 01       	movw	r24, r30
    108c:	08 95       	ret
    108e:	46 2f       	mov	r20, r22
    1090:	47 70       	andi	r20, 0x07	; 7
    1092:	40 5d       	subi	r20, 0xD0	; 208
    1094:	41 93       	st	Z+, r20
    1096:	b3 e0       	ldi	r27, 0x03	; 3
    1098:	0f d0       	rcall	.+30     	; 0x10b8 <__ultoa_invert+0x86>
    109a:	c9 f7       	brne	.-14     	; 0x108e <__ultoa_invert+0x5c>
    109c:	f6 cf       	rjmp	.-20     	; 0x108a <__ultoa_invert+0x58>
    109e:	46 2f       	mov	r20, r22
    10a0:	4f 70       	andi	r20, 0x0F	; 15
    10a2:	40 5d       	subi	r20, 0xD0	; 208
    10a4:	4a 33       	cpi	r20, 0x3A	; 58
    10a6:	18 f0       	brcs	.+6      	; 0x10ae <__ultoa_invert+0x7c>
    10a8:	49 5d       	subi	r20, 0xD9	; 217
    10aa:	31 fd       	sbrc	r19, 1
    10ac:	40 52       	subi	r20, 0x20	; 32
    10ae:	41 93       	st	Z+, r20
    10b0:	02 d0       	rcall	.+4      	; 0x10b6 <__ultoa_invert+0x84>
    10b2:	a9 f7       	brne	.-22     	; 0x109e <__ultoa_invert+0x6c>
    10b4:	ea cf       	rjmp	.-44     	; 0x108a <__ultoa_invert+0x58>
    10b6:	b4 e0       	ldi	r27, 0x04	; 4
    10b8:	a6 95       	lsr	r26
    10ba:	97 95       	ror	r25
    10bc:	87 95       	ror	r24
    10be:	77 95       	ror	r23
    10c0:	67 95       	ror	r22
    10c2:	ba 95       	dec	r27
    10c4:	c9 f7       	brne	.-14     	; 0x10b8 <__ultoa_invert+0x86>
    10c6:	00 97       	sbiw	r24, 0x00	; 0
    10c8:	61 05       	cpc	r22, r1
    10ca:	71 05       	cpc	r23, r1
    10cc:	08 95       	ret
    10ce:	9b 01       	movw	r18, r22
    10d0:	ac 01       	movw	r20, r24
    10d2:	0a 2e       	mov	r0, r26
    10d4:	06 94       	lsr	r0
    10d6:	57 95       	ror	r21
    10d8:	47 95       	ror	r20
    10da:	37 95       	ror	r19
    10dc:	27 95       	ror	r18
    10de:	ba 95       	dec	r27
    10e0:	c9 f7       	brne	.-14     	; 0x10d4 <__ultoa_invert+0xa2>
    10e2:	62 0f       	add	r22, r18
    10e4:	73 1f       	adc	r23, r19
    10e6:	84 1f       	adc	r24, r20
    10e8:	95 1f       	adc	r25, r21
    10ea:	a0 1d       	adc	r26, r0
    10ec:	08 95       	ret

000010ee <__prologue_saves__>:
    10ee:	2f 92       	push	r2
    10f0:	3f 92       	push	r3
    10f2:	4f 92       	push	r4
    10f4:	5f 92       	push	r5
    10f6:	6f 92       	push	r6
    10f8:	7f 92       	push	r7
    10fa:	8f 92       	push	r8
    10fc:	9f 92       	push	r9
    10fe:	af 92       	push	r10
    1100:	bf 92       	push	r11
    1102:	cf 92       	push	r12
    1104:	df 92       	push	r13
    1106:	ef 92       	push	r14
    1108:	ff 92       	push	r15
    110a:	0f 93       	push	r16
    110c:	1f 93       	push	r17
    110e:	cf 93       	push	r28
    1110:	df 93       	push	r29
    1112:	cd b7       	in	r28, 0x3d	; 61
    1114:	de b7       	in	r29, 0x3e	; 62
    1116:	ca 1b       	sub	r28, r26
    1118:	db 0b       	sbc	r29, r27
    111a:	0f b6       	in	r0, 0x3f	; 63
    111c:	f8 94       	cli
    111e:	de bf       	out	0x3e, r29	; 62
    1120:	0f be       	out	0x3f, r0	; 63
    1122:	cd bf       	out	0x3d, r28	; 61
    1124:	09 94       	ijmp

00001126 <__epilogue_restores__>:
    1126:	2a 88       	ldd	r2, Y+18	; 0x12
    1128:	39 88       	ldd	r3, Y+17	; 0x11
    112a:	48 88       	ldd	r4, Y+16	; 0x10
    112c:	5f 84       	ldd	r5, Y+15	; 0x0f
    112e:	6e 84       	ldd	r6, Y+14	; 0x0e
    1130:	7d 84       	ldd	r7, Y+13	; 0x0d
    1132:	8c 84       	ldd	r8, Y+12	; 0x0c
    1134:	9b 84       	ldd	r9, Y+11	; 0x0b
    1136:	aa 84       	ldd	r10, Y+10	; 0x0a
    1138:	b9 84       	ldd	r11, Y+9	; 0x09
    113a:	c8 84       	ldd	r12, Y+8	; 0x08
    113c:	df 80       	ldd	r13, Y+7	; 0x07
    113e:	ee 80       	ldd	r14, Y+6	; 0x06
    1140:	fd 80       	ldd	r15, Y+5	; 0x05
    1142:	0c 81       	ldd	r16, Y+4	; 0x04
    1144:	1b 81       	ldd	r17, Y+3	; 0x03
    1146:	aa 81       	ldd	r26, Y+2	; 0x02
    1148:	b9 81       	ldd	r27, Y+1	; 0x01
    114a:	ce 0f       	add	r28, r30
    114c:	d1 1d       	adc	r29, r1
    114e:	0f b6       	in	r0, 0x3f	; 63
    1150:	f8 94       	cli
    1152:	de bf       	out	0x3e, r29	; 62
    1154:	0f be       	out	0x3f, r0	; 63
    1156:	cd bf       	out	0x3d, r28	; 61
    1158:	ed 01       	movw	r28, r26
    115a:	08 95       	ret

0000115c <_exit>:
    115c:	f8 94       	cli

0000115e <__stop_program>:
    115e:	ff cf       	rjmp	.-2      	; 0x115e <__stop_program>
