
zad2.elf:     file format elf32-avr

Sections:
Idx Name          Size      VMA       LMA       File off  Algn
  0 .data         00000008  00800100  00000e04  00000e98  2**0
                  CONTENTS, ALLOC, LOAD, DATA
  1 .text         00000e04  00000000  00000000  00000094  2**1
                  CONTENTS, ALLOC, LOAD, READONLY, CODE
  2 .bss          00000014  00800108  00800108  00000ea0  2**0
                  ALLOC
  3 .stab         0000078c  00000000  00000000  00000ea0  2**2
                  CONTENTS, READONLY, DEBUGGING
  4 .stabstr      00000eac  00000000  00000000  0000162c  2**0
                  CONTENTS, READONLY, DEBUGGING
  5 .comment      00000011  00000000  00000000  000024d8  2**0
                  CONTENTS, READONLY
  6 .note.gnu.avr.deviceinfo 00000040  00000000  00000000  000024ec  2**2
                  CONTENTS, READONLY
  7 .debug_info   000005f4  00000000  00000000  0000252c  2**0
                  CONTENTS, READONLY, DEBUGGING
  8 .debug_abbrev 000005a2  00000000  00000000  00002b20  2**0
                  CONTENTS, READONLY, DEBUGGING
  9 .debug_line   0000001a  00000000  00000000  000030c2  2**0
                  CONTENTS, READONLY, DEBUGGING
 10 .debug_str    00000208  00000000  00000000  000030dc  2**0
                  CONTENTS, READONLY, DEBUGGING

Disassembly of section .text:

00000000 <__vectors>:
   0:	0c 94 3a 00 	jmp	0x74	; 0x74 <__ctors_end>
   4:	0c 94 57 00 	jmp	0xae	; 0xae <__bad_interrupt>
   8:	0c 94 57 00 	jmp	0xae	; 0xae <__bad_interrupt>
   c:	0c 94 57 00 	jmp	0xae	; 0xae <__bad_interrupt>
  10:	0c 94 57 00 	jmp	0xae	; 0xae <__bad_interrupt>
  14:	0c 94 57 00 	jmp	0xae	; 0xae <__bad_interrupt>
  18:	0c 94 57 00 	jmp	0xae	; 0xae <__bad_interrupt>
  1c:	0c 94 57 00 	jmp	0xae	; 0xae <__bad_interrupt>
  20:	0c 94 57 00 	jmp	0xae	; 0xae <__bad_interrupt>
  24:	0c 94 57 00 	jmp	0xae	; 0xae <__bad_interrupt>
  28:	0c 94 57 00 	jmp	0xae	; 0xae <__bad_interrupt>
  2c:	0c 94 57 00 	jmp	0xae	; 0xae <__bad_interrupt>
  30:	0c 94 57 00 	jmp	0xae	; 0xae <__bad_interrupt>
  34:	0c 94 57 00 	jmp	0xae	; 0xae <__bad_interrupt>
  38:	0c 94 57 00 	jmp	0xae	; 0xae <__bad_interrupt>
  3c:	0c 94 57 00 	jmp	0xae	; 0xae <__bad_interrupt>
  40:	0c 94 57 00 	jmp	0xae	; 0xae <__bad_interrupt>
  44:	0c 94 57 00 	jmp	0xae	; 0xae <__bad_interrupt>
  48:	0c 94 57 00 	jmp	0xae	; 0xae <__bad_interrupt>
  4c:	0c 94 57 00 	jmp	0xae	; 0xae <__bad_interrupt>
  50:	0c 94 57 00 	jmp	0xae	; 0xae <__bad_interrupt>
  54:	0c 94 57 00 	jmp	0xae	; 0xae <__bad_interrupt>
  58:	0c 94 57 00 	jmp	0xae	; 0xae <__bad_interrupt>
  5c:	0c 94 57 00 	jmp	0xae	; 0xae <__bad_interrupt>
  60:	0c 94 57 00 	jmp	0xae	; 0xae <__bad_interrupt>
  64:	0c 94 57 00 	jmp	0xae	; 0xae <__bad_interrupt>

00000068 <__trampolines_end>:
  68:	63 64       	ori	r22, 0x43	; 67
  6a:	69 6e       	ori	r22, 0xE9	; 233
  6c:	6f 70       	andi	r22, 0x0F	; 15
  6e:	73 75       	andi	r23, 0x53	; 83
  70:	78 58       	subi	r23, 0x88	; 136
  72:	5b 00       	.word	0x005b	; ????

00000074 <__ctors_end>:
  74:	11 24       	eor	r1, r1
  76:	1f be       	out	0x3f, r1	; 63
  78:	cf ef       	ldi	r28, 0xFF	; 255
  7a:	d8 e0       	ldi	r29, 0x08	; 8
  7c:	de bf       	out	0x3e, r29	; 62
  7e:	cd bf       	out	0x3d, r28	; 61

00000080 <__do_copy_data>:
  80:	11 e0       	ldi	r17, 0x01	; 1
  82:	a0 e0       	ldi	r26, 0x00	; 0
  84:	b1 e0       	ldi	r27, 0x01	; 1
  86:	e4 e0       	ldi	r30, 0x04	; 4
  88:	fe e0       	ldi	r31, 0x0E	; 14
  8a:	02 c0       	rjmp	.+4      	; 0x90 <__do_copy_data+0x10>
  8c:	05 90       	lpm	r0, Z+
  8e:	0d 92       	st	X+, r0
  90:	a8 30       	cpi	r26, 0x08	; 8
  92:	b1 07       	cpc	r27, r17
  94:	d9 f7       	brne	.-10     	; 0x8c <__do_copy_data+0xc>

00000096 <__do_clear_bss>:
  96:	21 e0       	ldi	r18, 0x01	; 1
  98:	a8 e0       	ldi	r26, 0x08	; 8
  9a:	b1 e0       	ldi	r27, 0x01	; 1
  9c:	01 c0       	rjmp	.+2      	; 0xa0 <.do_clear_bss_start>

0000009e <.do_clear_bss_loop>:
  9e:	1d 92       	st	X+, r1

000000a0 <.do_clear_bss_start>:
  a0:	ac 31       	cpi	r26, 0x1C	; 28
  a2:	b2 07       	cpc	r27, r18
  a4:	e1 f7       	brne	.-8      	; 0x9e <.do_clear_bss_loop>
  a6:	0e 94 79 00 	call	0xf2	; 0xf2 <main>
  aa:	0c 94 00 07 	jmp	0xe00	; 0xe00 <_exit>

000000ae <__bad_interrupt>:
  ae:	0c 94 00 00 	jmp	0	; 0x0 <__vectors>

000000b2 <uart_transmit>:

// transmisja jednego znaku
int uart_transmit(char data, FILE *stream)
{
  // czekaj aż transmiter gotowy
  while(!(UCSR0A & _BV(UDRE0)));
  b2:	90 91 c0 00 	lds	r25, 0x00C0	; 0x8000c0 <__TEXT_REGION_LENGTH__+0x7e00c0>
  b6:	95 ff       	sbrs	r25, 5
  b8:	fc cf       	rjmp	.-8      	; 0xb2 <uart_transmit>
  UDR0 = data;
  ba:	80 93 c6 00 	sts	0x00C6, r24	; 0x8000c6 <__TEXT_REGION_LENGTH__+0x7e00c6>
  return 0;
}
  be:	80 e0       	ldi	r24, 0x00	; 0
  c0:	90 e0       	ldi	r25, 0x00	; 0
  c2:	08 95       	ret

000000c4 <uart_receive>:

// odczyt jednego znaku
int uart_receive(FILE *stream)
{
  // czekaj aż znak dostępny
  while (!(UCSR0A & _BV(RXC0)));
  c4:	80 91 c0 00 	lds	r24, 0x00C0	; 0x8000c0 <__TEXT_REGION_LENGTH__+0x7e00c0>
  c8:	87 ff       	sbrs	r24, 7
  ca:	fc cf       	rjmp	.-8      	; 0xc4 <uart_receive>
  return UDR0;
  cc:	80 91 c6 00 	lds	r24, 0x00C6	; 0x8000c6 <__TEXT_REGION_LENGTH__+0x7e00c6>
}
  d0:	90 e0       	ldi	r25, 0x00	; 0
  d2:	08 95       	ret

000000d4 <uart_init>:

// inicjalizacja UART
void uart_init()
{
  // ustaw baudrate
  UBRR0 = UBRR_VALUE;
  d4:	87 e6       	ldi	r24, 0x67	; 103
  d6:	90 e0       	ldi	r25, 0x00	; 0
  d8:	90 93 c5 00 	sts	0x00C5, r25	; 0x8000c5 <__TEXT_REGION_LENGTH__+0x7e00c5>
  dc:	80 93 c4 00 	sts	0x00C4, r24	; 0x8000c4 <__TEXT_REGION_LENGTH__+0x7e00c4>
  // wyczyść rejestr UCSR0A
  UCSR0A = 0;
  e0:	10 92 c0 00 	sts	0x00C0, r1	; 0x8000c0 <__TEXT_REGION_LENGTH__+0x7e00c0>
  // włącz odbiornik i nadajnik
  UCSR0B = _BV(RXEN0) | _BV(TXEN0);
  e4:	88 e1       	ldi	r24, 0x18	; 24
  e6:	80 93 c1 00 	sts	0x00C1, r24	; 0x8000c1 <__TEXT_REGION_LENGTH__+0x7e00c1>
  // ustaw format 8n1
  UCSR0C = _BV(UCSZ00) | _BV(UCSZ01);
  ea:	86 e0       	ldi	r24, 0x06	; 6
  ec:	80 93 c2 00 	sts	0x00C2, r24	; 0x8000c2 <__TEXT_REGION_LENGTH__+0x7e00c2>
  f0:	08 95       	ret

000000f2 <main>:
}

FILE uart_file;


int main() {
  f2:	cf 92       	push	r12
  f4:	df 92       	push	r13
  f6:	ef 92       	push	r14
  f8:	ff 92       	push	r15
  fa:	0f 93       	push	r16
  fc:	1f 93       	push	r17
  fe:	cf 93       	push	r28
 100:	df 93       	push	r29
 102:	cd b7       	in	r28, 0x3d	; 61
 104:	de b7       	in	r29, 0x3e	; 62
 106:	64 97       	sbiw	r28, 0x14	; 20
 108:	0f b6       	in	r0, 0x3f	; 63
 10a:	f8 94       	cli
 10c:	de bf       	out	0x3e, r29	; 62
 10e:	0f be       	out	0x3f, r0	; 63
 110:	cd bf       	out	0x3d, r28	; 61

// inicjalizacja UART
void uart_init()
{
  // ustaw baudrate
  UBRR0 = UBRR_VALUE;
 112:	87 e6       	ldi	r24, 0x67	; 103
 114:	90 e0       	ldi	r25, 0x00	; 0
 116:	90 93 c5 00 	sts	0x00C5, r25	; 0x8000c5 <__TEXT_REGION_LENGTH__+0x7e00c5>
 11a:	80 93 c4 00 	sts	0x00C4, r24	; 0x8000c4 <__TEXT_REGION_LENGTH__+0x7e00c4>
  // wyczyść rejestr UCSR0A
  UCSR0A = 0;
 11e:	10 92 c0 00 	sts	0x00C0, r1	; 0x8000c0 <__TEXT_REGION_LENGTH__+0x7e00c0>
  // włącz odbiornik i nadajnik
  UCSR0B = _BV(RXEN0) | _BV(TXEN0);
 122:	88 e1       	ldi	r24, 0x18	; 24
 124:	80 93 c1 00 	sts	0x00C1, r24	; 0x8000c1 <__TEXT_REGION_LENGTH__+0x7e00c1>
  // ustaw format 8n1
  UCSR0C = _BV(UCSZ00) | _BV(UCSZ01);
 128:	86 e0       	ldi	r24, 0x06	; 6
 12a:	80 93 c2 00 	sts	0x00C2, r24	; 0x8000c2 <__TEXT_REGION_LENGTH__+0x7e00c2>


int main() {
	uart_init();
	// skonfiguruj strumienie wejścia/wyjścia
	fdev_setup_stream(&uart_file, uart_transmit, uart_receive, _FDEV_SETUP_RW);
 12e:	88 e0       	ldi	r24, 0x08	; 8
 130:	91 e0       	ldi	r25, 0x01	; 1
 132:	29 e5       	ldi	r18, 0x59	; 89
 134:	30 e0       	ldi	r19, 0x00	; 0
 136:	30 93 11 01 	sts	0x0111, r19	; 0x800111 <__data_end+0x9>
 13a:	20 93 10 01 	sts	0x0110, r18	; 0x800110 <__data_end+0x8>
 13e:	22 e6       	ldi	r18, 0x62	; 98
 140:	30 e0       	ldi	r19, 0x00	; 0
 142:	30 93 13 01 	sts	0x0113, r19	; 0x800113 <__data_end+0xb>
 146:	20 93 12 01 	sts	0x0112, r18	; 0x800112 <__data_end+0xa>
 14a:	23 e0       	ldi	r18, 0x03	; 3
 14c:	20 93 0b 01 	sts	0x010B, r18	; 0x80010b <__data_end+0x3>
 150:	10 92 15 01 	sts	0x0115, r1	; 0x800115 <__data_end+0xd>
 154:	10 92 14 01 	sts	0x0114, r1	; 0x800114 <__data_end+0xc>
  	stdin = stdout = stderr = &uart_file;
 158:	90 93 1b 01 	sts	0x011B, r25	; 0x80011b <__iob+0x5>
 15c:	80 93 1a 01 	sts	0x011A, r24	; 0x80011a <__iob+0x4>
 160:	90 93 19 01 	sts	0x0119, r25	; 0x800119 <__iob+0x3>
 164:	80 93 18 01 	sts	0x0118, r24	; 0x800118 <__iob+0x2>
 168:	90 93 17 01 	sts	0x0117, r25	; 0x800117 <__iob+0x1>
 16c:	80 93 16 01 	sts	0x0116, r24	; 0x800116 <__iob>
  
  char kod[20];

  scanf("%s", kod);
 170:	ce 01       	movw	r24, r28
 172:	01 96       	adiw	r24, 0x01	; 1
 174:	7c 01       	movw	r14, r24
 176:	9f 93       	push	r25
 178:	8f 93       	push	r24
 17a:	80 e0       	ldi	r24, 0x00	; 0
 17c:	91 e0       	ldi	r25, 0x01	; 1
 17e:	9f 93       	push	r25
 180:	8f 93       	push	r24
 182:	0e 94 07 01 	call	0x20e	; 0x20e <scanf>

  //LED_DDR |= _BV(LED);
  for (int i = 0; i < strlen(kod); ++i)
 186:	0f 90       	pop	r0
 188:	0f 90       	pop	r0
 18a:	0f 90       	pop	r0
 18c:	0f 90       	pop	r0
 18e:	00 e0       	ldi	r16, 0x00	; 0
 190:	10 e0       	ldi	r17, 0x00	; 0
   {
      printf("kupa");
 192:	83 e0       	ldi	r24, 0x03	; 3
 194:	c8 2e       	mov	r12, r24
 196:	81 e0       	ldi	r24, 0x01	; 1
 198:	d8 2e       	mov	r13, r24
  char kod[20];

  scanf("%s", kod);

  //LED_DDR |= _BV(LED);
  for (int i = 0; i < strlen(kod); ++i)
 19a:	08 c0       	rjmp	.+16     	; 0x1ac <main+0xba>
   {
      printf("kupa");
 19c:	df 92       	push	r13
 19e:	cf 92       	push	r12
 1a0:	0e 94 f1 00 	call	0x1e2	; 0x1e2 <printf>
  char kod[20];

  scanf("%s", kod);

  //LED_DDR |= _BV(LED);
  for (int i = 0; i < strlen(kod); ++i)
 1a4:	0f 5f       	subi	r16, 0xFF	; 255
 1a6:	1f 4f       	sbci	r17, 0xFF	; 255
 1a8:	0f 90       	pop	r0
 1aa:	0f 90       	pop	r0
 1ac:	f7 01       	movw	r30, r14
 1ae:	01 90       	ld	r0, Z+
 1b0:	00 20       	and	r0, r0
 1b2:	e9 f7       	brne	.-6      	; 0x1ae <main+0xbc>
 1b4:	31 97       	sbiw	r30, 0x01	; 1
 1b6:	ee 19       	sub	r30, r14
 1b8:	ff 09       	sbc	r31, r15
 1ba:	0e 17       	cp	r16, r30
 1bc:	1f 07       	cpc	r17, r31
 1be:	70 f3       	brcs	.-36     	; 0x19c <main+0xaa>
   {
      printf("kupa");
   }
 1c0:	80 e0       	ldi	r24, 0x00	; 0
 1c2:	90 e0       	ldi	r25, 0x00	; 0
 1c4:	64 96       	adiw	r28, 0x14	; 20
 1c6:	0f b6       	in	r0, 0x3f	; 63
 1c8:	f8 94       	cli
 1ca:	de bf       	out	0x3e, r29	; 62
 1cc:	0f be       	out	0x3f, r0	; 63
 1ce:	cd bf       	out	0x3d, r28	; 61
 1d0:	df 91       	pop	r29
 1d2:	cf 91       	pop	r28
 1d4:	1f 91       	pop	r17
 1d6:	0f 91       	pop	r16
 1d8:	ff 90       	pop	r15
 1da:	ef 90       	pop	r14
 1dc:	df 90       	pop	r13
 1de:	cf 90       	pop	r12
 1e0:	08 95       	ret

000001e2 <printf>:
 1e2:	a0 e0       	ldi	r26, 0x00	; 0
 1e4:	b0 e0       	ldi	r27, 0x00	; 0
 1e6:	e7 ef       	ldi	r30, 0xF7	; 247
 1e8:	f0 e0       	ldi	r31, 0x00	; 0
 1ea:	0c 94 d9 06 	jmp	0xdb2	; 0xdb2 <__prologue_saves__+0x20>
 1ee:	ae 01       	movw	r20, r28
 1f0:	4b 5f       	subi	r20, 0xFB	; 251
 1f2:	5f 4f       	sbci	r21, 0xFF	; 255
 1f4:	fa 01       	movw	r30, r20
 1f6:	61 91       	ld	r22, Z+
 1f8:	71 91       	ld	r23, Z+
 1fa:	af 01       	movw	r20, r30
 1fc:	80 91 18 01 	lds	r24, 0x0118	; 0x800118 <__iob+0x2>
 200:	90 91 19 01 	lds	r25, 0x0119	; 0x800119 <__iob+0x3>
 204:	0e 94 1d 01 	call	0x23a	; 0x23a <vfprintf>
 208:	e2 e0       	ldi	r30, 0x02	; 2
 20a:	0c 94 f5 06 	jmp	0xdea	; 0xdea <__epilogue_restores__+0x20>

0000020e <scanf>:
 20e:	a0 e0       	ldi	r26, 0x00	; 0
 210:	b0 e0       	ldi	r27, 0x00	; 0
 212:	ed e0       	ldi	r30, 0x0D	; 13
 214:	f1 e0       	ldi	r31, 0x01	; 1
 216:	0c 94 d9 06 	jmp	0xdb2	; 0xdb2 <__prologue_saves__+0x20>
 21a:	ae 01       	movw	r20, r28
 21c:	4b 5f       	subi	r20, 0xFB	; 251
 21e:	5f 4f       	sbci	r21, 0xFF	; 255
 220:	fa 01       	movw	r30, r20
 222:	61 91       	ld	r22, Z+
 224:	71 91       	ld	r23, Z+
 226:	af 01       	movw	r20, r30
 228:	80 91 16 01 	lds	r24, 0x0116	; 0x800116 <__iob>
 22c:	90 91 17 01 	lds	r25, 0x0117	; 0x800117 <__iob+0x1>
 230:	0e 94 9a 04 	call	0x934	; 0x934 <vfscanf>
 234:	e2 e0       	ldi	r30, 0x02	; 2
 236:	0c 94 f5 06 	jmp	0xdea	; 0xdea <__epilogue_restores__+0x20>

0000023a <vfprintf>:
 23a:	ab e0       	ldi	r26, 0x0B	; 11
 23c:	b0 e0       	ldi	r27, 0x00	; 0
 23e:	e3 e2       	ldi	r30, 0x23	; 35
 240:	f1 e0       	ldi	r31, 0x01	; 1
 242:	0c 94 c9 06 	jmp	0xd92	; 0xd92 <__prologue_saves__>
 246:	6c 01       	movw	r12, r24
 248:	7b 01       	movw	r14, r22
 24a:	8a 01       	movw	r16, r20
 24c:	fc 01       	movw	r30, r24
 24e:	17 82       	std	Z+7, r1	; 0x07
 250:	16 82       	std	Z+6, r1	; 0x06
 252:	83 81       	ldd	r24, Z+3	; 0x03
 254:	81 ff       	sbrs	r24, 1
 256:	cc c1       	rjmp	.+920    	; 0x5f0 <__LOCK_REGION_LENGTH__+0x1f0>
 258:	ce 01       	movw	r24, r28
 25a:	01 96       	adiw	r24, 0x01	; 1
 25c:	3c 01       	movw	r6, r24
 25e:	f6 01       	movw	r30, r12
 260:	93 81       	ldd	r25, Z+3	; 0x03
 262:	f7 01       	movw	r30, r14
 264:	93 fd       	sbrc	r25, 3
 266:	85 91       	lpm	r24, Z+
 268:	93 ff       	sbrs	r25, 3
 26a:	81 91       	ld	r24, Z+
 26c:	7f 01       	movw	r14, r30
 26e:	88 23       	and	r24, r24
 270:	09 f4       	brne	.+2      	; 0x274 <vfprintf+0x3a>
 272:	ba c1       	rjmp	.+884    	; 0x5e8 <__LOCK_REGION_LENGTH__+0x1e8>
 274:	85 32       	cpi	r24, 0x25	; 37
 276:	39 f4       	brne	.+14     	; 0x286 <vfprintf+0x4c>
 278:	93 fd       	sbrc	r25, 3
 27a:	85 91       	lpm	r24, Z+
 27c:	93 ff       	sbrs	r25, 3
 27e:	81 91       	ld	r24, Z+
 280:	7f 01       	movw	r14, r30
 282:	85 32       	cpi	r24, 0x25	; 37
 284:	29 f4       	brne	.+10     	; 0x290 <vfprintf+0x56>
 286:	b6 01       	movw	r22, r12
 288:	90 e0       	ldi	r25, 0x00	; 0
 28a:	0e 94 13 06 	call	0xc26	; 0xc26 <fputc>
 28e:	e7 cf       	rjmp	.-50     	; 0x25e <vfprintf+0x24>
 290:	91 2c       	mov	r9, r1
 292:	21 2c       	mov	r2, r1
 294:	31 2c       	mov	r3, r1
 296:	ff e1       	ldi	r31, 0x1F	; 31
 298:	f3 15       	cp	r31, r3
 29a:	d8 f0       	brcs	.+54     	; 0x2d2 <vfprintf+0x98>
 29c:	8b 32       	cpi	r24, 0x2B	; 43
 29e:	79 f0       	breq	.+30     	; 0x2be <vfprintf+0x84>
 2a0:	38 f4       	brcc	.+14     	; 0x2b0 <vfprintf+0x76>
 2a2:	80 32       	cpi	r24, 0x20	; 32
 2a4:	79 f0       	breq	.+30     	; 0x2c4 <vfprintf+0x8a>
 2a6:	83 32       	cpi	r24, 0x23	; 35
 2a8:	a1 f4       	brne	.+40     	; 0x2d2 <vfprintf+0x98>
 2aa:	23 2d       	mov	r18, r3
 2ac:	20 61       	ori	r18, 0x10	; 16
 2ae:	1d c0       	rjmp	.+58     	; 0x2ea <vfprintf+0xb0>
 2b0:	8d 32       	cpi	r24, 0x2D	; 45
 2b2:	61 f0       	breq	.+24     	; 0x2cc <vfprintf+0x92>
 2b4:	80 33       	cpi	r24, 0x30	; 48
 2b6:	69 f4       	brne	.+26     	; 0x2d2 <vfprintf+0x98>
 2b8:	23 2d       	mov	r18, r3
 2ba:	21 60       	ori	r18, 0x01	; 1
 2bc:	16 c0       	rjmp	.+44     	; 0x2ea <vfprintf+0xb0>
 2be:	83 2d       	mov	r24, r3
 2c0:	82 60       	ori	r24, 0x02	; 2
 2c2:	38 2e       	mov	r3, r24
 2c4:	e3 2d       	mov	r30, r3
 2c6:	e4 60       	ori	r30, 0x04	; 4
 2c8:	3e 2e       	mov	r3, r30
 2ca:	2a c0       	rjmp	.+84     	; 0x320 <vfprintf+0xe6>
 2cc:	f3 2d       	mov	r31, r3
 2ce:	f8 60       	ori	r31, 0x08	; 8
 2d0:	1d c0       	rjmp	.+58     	; 0x30c <vfprintf+0xd2>
 2d2:	37 fc       	sbrc	r3, 7
 2d4:	2d c0       	rjmp	.+90     	; 0x330 <vfprintf+0xf6>
 2d6:	20 ed       	ldi	r18, 0xD0	; 208
 2d8:	28 0f       	add	r18, r24
 2da:	2a 30       	cpi	r18, 0x0A	; 10
 2dc:	40 f0       	brcs	.+16     	; 0x2ee <vfprintf+0xb4>
 2de:	8e 32       	cpi	r24, 0x2E	; 46
 2e0:	b9 f4       	brne	.+46     	; 0x310 <vfprintf+0xd6>
 2e2:	36 fc       	sbrc	r3, 6
 2e4:	81 c1       	rjmp	.+770    	; 0x5e8 <__LOCK_REGION_LENGTH__+0x1e8>
 2e6:	23 2d       	mov	r18, r3
 2e8:	20 64       	ori	r18, 0x40	; 64
 2ea:	32 2e       	mov	r3, r18
 2ec:	19 c0       	rjmp	.+50     	; 0x320 <vfprintf+0xe6>
 2ee:	36 fe       	sbrs	r3, 6
 2f0:	06 c0       	rjmp	.+12     	; 0x2fe <vfprintf+0xc4>
 2f2:	8a e0       	ldi	r24, 0x0A	; 10
 2f4:	98 9e       	mul	r9, r24
 2f6:	20 0d       	add	r18, r0
 2f8:	11 24       	eor	r1, r1
 2fa:	92 2e       	mov	r9, r18
 2fc:	11 c0       	rjmp	.+34     	; 0x320 <vfprintf+0xe6>
 2fe:	ea e0       	ldi	r30, 0x0A	; 10
 300:	2e 9e       	mul	r2, r30
 302:	20 0d       	add	r18, r0
 304:	11 24       	eor	r1, r1
 306:	22 2e       	mov	r2, r18
 308:	f3 2d       	mov	r31, r3
 30a:	f0 62       	ori	r31, 0x20	; 32
 30c:	3f 2e       	mov	r3, r31
 30e:	08 c0       	rjmp	.+16     	; 0x320 <vfprintf+0xe6>
 310:	8c 36       	cpi	r24, 0x6C	; 108
 312:	21 f4       	brne	.+8      	; 0x31c <vfprintf+0xe2>
 314:	83 2d       	mov	r24, r3
 316:	80 68       	ori	r24, 0x80	; 128
 318:	38 2e       	mov	r3, r24
 31a:	02 c0       	rjmp	.+4      	; 0x320 <vfprintf+0xe6>
 31c:	88 36       	cpi	r24, 0x68	; 104
 31e:	41 f4       	brne	.+16     	; 0x330 <vfprintf+0xf6>
 320:	f7 01       	movw	r30, r14
 322:	93 fd       	sbrc	r25, 3
 324:	85 91       	lpm	r24, Z+
 326:	93 ff       	sbrs	r25, 3
 328:	81 91       	ld	r24, Z+
 32a:	7f 01       	movw	r14, r30
 32c:	81 11       	cpse	r24, r1
 32e:	b3 cf       	rjmp	.-154    	; 0x296 <vfprintf+0x5c>
 330:	98 2f       	mov	r25, r24
 332:	9f 7d       	andi	r25, 0xDF	; 223
 334:	95 54       	subi	r25, 0x45	; 69
 336:	93 30       	cpi	r25, 0x03	; 3
 338:	28 f4       	brcc	.+10     	; 0x344 <vfprintf+0x10a>
 33a:	0c 5f       	subi	r16, 0xFC	; 252
 33c:	1f 4f       	sbci	r17, 0xFF	; 255
 33e:	9f e3       	ldi	r25, 0x3F	; 63
 340:	99 83       	std	Y+1, r25	; 0x01
 342:	0d c0       	rjmp	.+26     	; 0x35e <vfprintf+0x124>
 344:	83 36       	cpi	r24, 0x63	; 99
 346:	31 f0       	breq	.+12     	; 0x354 <vfprintf+0x11a>
 348:	83 37       	cpi	r24, 0x73	; 115
 34a:	71 f0       	breq	.+28     	; 0x368 <vfprintf+0x12e>
 34c:	83 35       	cpi	r24, 0x53	; 83
 34e:	09 f0       	breq	.+2      	; 0x352 <vfprintf+0x118>
 350:	59 c0       	rjmp	.+178    	; 0x404 <__LOCK_REGION_LENGTH__+0x4>
 352:	21 c0       	rjmp	.+66     	; 0x396 <vfprintf+0x15c>
 354:	f8 01       	movw	r30, r16
 356:	80 81       	ld	r24, Z
 358:	89 83       	std	Y+1, r24	; 0x01
 35a:	0e 5f       	subi	r16, 0xFE	; 254
 35c:	1f 4f       	sbci	r17, 0xFF	; 255
 35e:	88 24       	eor	r8, r8
 360:	83 94       	inc	r8
 362:	91 2c       	mov	r9, r1
 364:	53 01       	movw	r10, r6
 366:	13 c0       	rjmp	.+38     	; 0x38e <vfprintf+0x154>
 368:	28 01       	movw	r4, r16
 36a:	f2 e0       	ldi	r31, 0x02	; 2
 36c:	4f 0e       	add	r4, r31
 36e:	51 1c       	adc	r5, r1
 370:	f8 01       	movw	r30, r16
 372:	a0 80       	ld	r10, Z
 374:	b1 80       	ldd	r11, Z+1	; 0x01
 376:	36 fe       	sbrs	r3, 6
 378:	03 c0       	rjmp	.+6      	; 0x380 <vfprintf+0x146>
 37a:	69 2d       	mov	r22, r9
 37c:	70 e0       	ldi	r23, 0x00	; 0
 37e:	02 c0       	rjmp	.+4      	; 0x384 <vfprintf+0x14a>
 380:	6f ef       	ldi	r22, 0xFF	; 255
 382:	7f ef       	ldi	r23, 0xFF	; 255
 384:	c5 01       	movw	r24, r10
 386:	0e 94 ca 05 	call	0xb94	; 0xb94 <strnlen>
 38a:	4c 01       	movw	r8, r24
 38c:	82 01       	movw	r16, r4
 38e:	f3 2d       	mov	r31, r3
 390:	ff 77       	andi	r31, 0x7F	; 127
 392:	3f 2e       	mov	r3, r31
 394:	16 c0       	rjmp	.+44     	; 0x3c2 <vfprintf+0x188>
 396:	28 01       	movw	r4, r16
 398:	22 e0       	ldi	r18, 0x02	; 2
 39a:	42 0e       	add	r4, r18
 39c:	51 1c       	adc	r5, r1
 39e:	f8 01       	movw	r30, r16
 3a0:	a0 80       	ld	r10, Z
 3a2:	b1 80       	ldd	r11, Z+1	; 0x01
 3a4:	36 fe       	sbrs	r3, 6
 3a6:	03 c0       	rjmp	.+6      	; 0x3ae <vfprintf+0x174>
 3a8:	69 2d       	mov	r22, r9
 3aa:	70 e0       	ldi	r23, 0x00	; 0
 3ac:	02 c0       	rjmp	.+4      	; 0x3b2 <vfprintf+0x178>
 3ae:	6f ef       	ldi	r22, 0xFF	; 255
 3b0:	7f ef       	ldi	r23, 0xFF	; 255
 3b2:	c5 01       	movw	r24, r10
 3b4:	0e 94 bf 05 	call	0xb7e	; 0xb7e <strnlen_P>
 3b8:	4c 01       	movw	r8, r24
 3ba:	f3 2d       	mov	r31, r3
 3bc:	f0 68       	ori	r31, 0x80	; 128
 3be:	3f 2e       	mov	r3, r31
 3c0:	82 01       	movw	r16, r4
 3c2:	33 fc       	sbrc	r3, 3
 3c4:	1b c0       	rjmp	.+54     	; 0x3fc <vfprintf+0x1c2>
 3c6:	82 2d       	mov	r24, r2
 3c8:	90 e0       	ldi	r25, 0x00	; 0
 3ca:	88 16       	cp	r8, r24
 3cc:	99 06       	cpc	r9, r25
 3ce:	b0 f4       	brcc	.+44     	; 0x3fc <vfprintf+0x1c2>
 3d0:	b6 01       	movw	r22, r12
 3d2:	80 e2       	ldi	r24, 0x20	; 32
 3d4:	90 e0       	ldi	r25, 0x00	; 0
 3d6:	0e 94 13 06 	call	0xc26	; 0xc26 <fputc>
 3da:	2a 94       	dec	r2
 3dc:	f4 cf       	rjmp	.-24     	; 0x3c6 <vfprintf+0x18c>
 3de:	f5 01       	movw	r30, r10
 3e0:	37 fc       	sbrc	r3, 7
 3e2:	85 91       	lpm	r24, Z+
 3e4:	37 fe       	sbrs	r3, 7
 3e6:	81 91       	ld	r24, Z+
 3e8:	5f 01       	movw	r10, r30
 3ea:	b6 01       	movw	r22, r12
 3ec:	90 e0       	ldi	r25, 0x00	; 0
 3ee:	0e 94 13 06 	call	0xc26	; 0xc26 <fputc>
 3f2:	21 10       	cpse	r2, r1
 3f4:	2a 94       	dec	r2
 3f6:	21 e0       	ldi	r18, 0x01	; 1
 3f8:	82 1a       	sub	r8, r18
 3fa:	91 08       	sbc	r9, r1
 3fc:	81 14       	cp	r8, r1
 3fe:	91 04       	cpc	r9, r1
 400:	71 f7       	brne	.-36     	; 0x3de <vfprintf+0x1a4>
 402:	e8 c0       	rjmp	.+464    	; 0x5d4 <__LOCK_REGION_LENGTH__+0x1d4>
 404:	84 36       	cpi	r24, 0x64	; 100
 406:	11 f0       	breq	.+4      	; 0x40c <__LOCK_REGION_LENGTH__+0xc>
 408:	89 36       	cpi	r24, 0x69	; 105
 40a:	41 f5       	brne	.+80     	; 0x45c <__LOCK_REGION_LENGTH__+0x5c>
 40c:	f8 01       	movw	r30, r16
 40e:	37 fe       	sbrs	r3, 7
 410:	07 c0       	rjmp	.+14     	; 0x420 <__LOCK_REGION_LENGTH__+0x20>
 412:	60 81       	ld	r22, Z
 414:	71 81       	ldd	r23, Z+1	; 0x01
 416:	82 81       	ldd	r24, Z+2	; 0x02
 418:	93 81       	ldd	r25, Z+3	; 0x03
 41a:	0c 5f       	subi	r16, 0xFC	; 252
 41c:	1f 4f       	sbci	r17, 0xFF	; 255
 41e:	08 c0       	rjmp	.+16     	; 0x430 <__LOCK_REGION_LENGTH__+0x30>
 420:	60 81       	ld	r22, Z
 422:	71 81       	ldd	r23, Z+1	; 0x01
 424:	07 2e       	mov	r0, r23
 426:	00 0c       	add	r0, r0
 428:	88 0b       	sbc	r24, r24
 42a:	99 0b       	sbc	r25, r25
 42c:	0e 5f       	subi	r16, 0xFE	; 254
 42e:	1f 4f       	sbci	r17, 0xFF	; 255
 430:	f3 2d       	mov	r31, r3
 432:	ff 76       	andi	r31, 0x6F	; 111
 434:	3f 2e       	mov	r3, r31
 436:	97 ff       	sbrs	r25, 7
 438:	09 c0       	rjmp	.+18     	; 0x44c <__LOCK_REGION_LENGTH__+0x4c>
 43a:	90 95       	com	r25
 43c:	80 95       	com	r24
 43e:	70 95       	com	r23
 440:	61 95       	neg	r22
 442:	7f 4f       	sbci	r23, 0xFF	; 255
 444:	8f 4f       	sbci	r24, 0xFF	; 255
 446:	9f 4f       	sbci	r25, 0xFF	; 255
 448:	f0 68       	ori	r31, 0x80	; 128
 44a:	3f 2e       	mov	r3, r31
 44c:	2a e0       	ldi	r18, 0x0A	; 10
 44e:	30 e0       	ldi	r19, 0x00	; 0
 450:	a3 01       	movw	r20, r6
 452:	0e 94 68 06 	call	0xcd0	; 0xcd0 <__ultoa_invert>
 456:	88 2e       	mov	r8, r24
 458:	86 18       	sub	r8, r6
 45a:	45 c0       	rjmp	.+138    	; 0x4e6 <__LOCK_REGION_LENGTH__+0xe6>
 45c:	85 37       	cpi	r24, 0x75	; 117
 45e:	31 f4       	brne	.+12     	; 0x46c <__LOCK_REGION_LENGTH__+0x6c>
 460:	23 2d       	mov	r18, r3
 462:	2f 7e       	andi	r18, 0xEF	; 239
 464:	b2 2e       	mov	r11, r18
 466:	2a e0       	ldi	r18, 0x0A	; 10
 468:	30 e0       	ldi	r19, 0x00	; 0
 46a:	25 c0       	rjmp	.+74     	; 0x4b6 <__LOCK_REGION_LENGTH__+0xb6>
 46c:	93 2d       	mov	r25, r3
 46e:	99 7f       	andi	r25, 0xF9	; 249
 470:	b9 2e       	mov	r11, r25
 472:	8f 36       	cpi	r24, 0x6F	; 111
 474:	c1 f0       	breq	.+48     	; 0x4a6 <__LOCK_REGION_LENGTH__+0xa6>
 476:	18 f4       	brcc	.+6      	; 0x47e <__LOCK_REGION_LENGTH__+0x7e>
 478:	88 35       	cpi	r24, 0x58	; 88
 47a:	79 f0       	breq	.+30     	; 0x49a <__LOCK_REGION_LENGTH__+0x9a>
 47c:	b5 c0       	rjmp	.+362    	; 0x5e8 <__LOCK_REGION_LENGTH__+0x1e8>
 47e:	80 37       	cpi	r24, 0x70	; 112
 480:	19 f0       	breq	.+6      	; 0x488 <__LOCK_REGION_LENGTH__+0x88>
 482:	88 37       	cpi	r24, 0x78	; 120
 484:	21 f0       	breq	.+8      	; 0x48e <__LOCK_REGION_LENGTH__+0x8e>
 486:	b0 c0       	rjmp	.+352    	; 0x5e8 <__LOCK_REGION_LENGTH__+0x1e8>
 488:	e9 2f       	mov	r30, r25
 48a:	e0 61       	ori	r30, 0x10	; 16
 48c:	be 2e       	mov	r11, r30
 48e:	b4 fe       	sbrs	r11, 4
 490:	0d c0       	rjmp	.+26     	; 0x4ac <__LOCK_REGION_LENGTH__+0xac>
 492:	fb 2d       	mov	r31, r11
 494:	f4 60       	ori	r31, 0x04	; 4
 496:	bf 2e       	mov	r11, r31
 498:	09 c0       	rjmp	.+18     	; 0x4ac <__LOCK_REGION_LENGTH__+0xac>
 49a:	34 fe       	sbrs	r3, 4
 49c:	0a c0       	rjmp	.+20     	; 0x4b2 <__LOCK_REGION_LENGTH__+0xb2>
 49e:	29 2f       	mov	r18, r25
 4a0:	26 60       	ori	r18, 0x06	; 6
 4a2:	b2 2e       	mov	r11, r18
 4a4:	06 c0       	rjmp	.+12     	; 0x4b2 <__LOCK_REGION_LENGTH__+0xb2>
 4a6:	28 e0       	ldi	r18, 0x08	; 8
 4a8:	30 e0       	ldi	r19, 0x00	; 0
 4aa:	05 c0       	rjmp	.+10     	; 0x4b6 <__LOCK_REGION_LENGTH__+0xb6>
 4ac:	20 e1       	ldi	r18, 0x10	; 16
 4ae:	30 e0       	ldi	r19, 0x00	; 0
 4b0:	02 c0       	rjmp	.+4      	; 0x4b6 <__LOCK_REGION_LENGTH__+0xb6>
 4b2:	20 e1       	ldi	r18, 0x10	; 16
 4b4:	32 e0       	ldi	r19, 0x02	; 2
 4b6:	f8 01       	movw	r30, r16
 4b8:	b7 fe       	sbrs	r11, 7
 4ba:	07 c0       	rjmp	.+14     	; 0x4ca <__LOCK_REGION_LENGTH__+0xca>
 4bc:	60 81       	ld	r22, Z
 4be:	71 81       	ldd	r23, Z+1	; 0x01
 4c0:	82 81       	ldd	r24, Z+2	; 0x02
 4c2:	93 81       	ldd	r25, Z+3	; 0x03
 4c4:	0c 5f       	subi	r16, 0xFC	; 252
 4c6:	1f 4f       	sbci	r17, 0xFF	; 255
 4c8:	06 c0       	rjmp	.+12     	; 0x4d6 <__LOCK_REGION_LENGTH__+0xd6>
 4ca:	60 81       	ld	r22, Z
 4cc:	71 81       	ldd	r23, Z+1	; 0x01
 4ce:	80 e0       	ldi	r24, 0x00	; 0
 4d0:	90 e0       	ldi	r25, 0x00	; 0
 4d2:	0e 5f       	subi	r16, 0xFE	; 254
 4d4:	1f 4f       	sbci	r17, 0xFF	; 255
 4d6:	a3 01       	movw	r20, r6
 4d8:	0e 94 68 06 	call	0xcd0	; 0xcd0 <__ultoa_invert>
 4dc:	88 2e       	mov	r8, r24
 4de:	86 18       	sub	r8, r6
 4e0:	fb 2d       	mov	r31, r11
 4e2:	ff 77       	andi	r31, 0x7F	; 127
 4e4:	3f 2e       	mov	r3, r31
 4e6:	36 fe       	sbrs	r3, 6
 4e8:	0d c0       	rjmp	.+26     	; 0x504 <__LOCK_REGION_LENGTH__+0x104>
 4ea:	23 2d       	mov	r18, r3
 4ec:	2e 7f       	andi	r18, 0xFE	; 254
 4ee:	a2 2e       	mov	r10, r18
 4f0:	89 14       	cp	r8, r9
 4f2:	58 f4       	brcc	.+22     	; 0x50a <__LOCK_REGION_LENGTH__+0x10a>
 4f4:	34 fe       	sbrs	r3, 4
 4f6:	0b c0       	rjmp	.+22     	; 0x50e <__LOCK_REGION_LENGTH__+0x10e>
 4f8:	32 fc       	sbrc	r3, 2
 4fa:	09 c0       	rjmp	.+18     	; 0x50e <__LOCK_REGION_LENGTH__+0x10e>
 4fc:	83 2d       	mov	r24, r3
 4fe:	8e 7e       	andi	r24, 0xEE	; 238
 500:	a8 2e       	mov	r10, r24
 502:	05 c0       	rjmp	.+10     	; 0x50e <__LOCK_REGION_LENGTH__+0x10e>
 504:	b8 2c       	mov	r11, r8
 506:	a3 2c       	mov	r10, r3
 508:	03 c0       	rjmp	.+6      	; 0x510 <__LOCK_REGION_LENGTH__+0x110>
 50a:	b8 2c       	mov	r11, r8
 50c:	01 c0       	rjmp	.+2      	; 0x510 <__LOCK_REGION_LENGTH__+0x110>
 50e:	b9 2c       	mov	r11, r9
 510:	a4 fe       	sbrs	r10, 4
 512:	0f c0       	rjmp	.+30     	; 0x532 <__LOCK_REGION_LENGTH__+0x132>
 514:	fe 01       	movw	r30, r28
 516:	e8 0d       	add	r30, r8
 518:	f1 1d       	adc	r31, r1
 51a:	80 81       	ld	r24, Z
 51c:	80 33       	cpi	r24, 0x30	; 48
 51e:	21 f4       	brne	.+8      	; 0x528 <__LOCK_REGION_LENGTH__+0x128>
 520:	9a 2d       	mov	r25, r10
 522:	99 7e       	andi	r25, 0xE9	; 233
 524:	a9 2e       	mov	r10, r25
 526:	09 c0       	rjmp	.+18     	; 0x53a <__LOCK_REGION_LENGTH__+0x13a>
 528:	a2 fe       	sbrs	r10, 2
 52a:	06 c0       	rjmp	.+12     	; 0x538 <__LOCK_REGION_LENGTH__+0x138>
 52c:	b3 94       	inc	r11
 52e:	b3 94       	inc	r11
 530:	04 c0       	rjmp	.+8      	; 0x53a <__LOCK_REGION_LENGTH__+0x13a>
 532:	8a 2d       	mov	r24, r10
 534:	86 78       	andi	r24, 0x86	; 134
 536:	09 f0       	breq	.+2      	; 0x53a <__LOCK_REGION_LENGTH__+0x13a>
 538:	b3 94       	inc	r11
 53a:	a3 fc       	sbrc	r10, 3
 53c:	11 c0       	rjmp	.+34     	; 0x560 <__LOCK_REGION_LENGTH__+0x160>
 53e:	a0 fe       	sbrs	r10, 0
 540:	06 c0       	rjmp	.+12     	; 0x54e <__LOCK_REGION_LENGTH__+0x14e>
 542:	b2 14       	cp	r11, r2
 544:	88 f4       	brcc	.+34     	; 0x568 <__LOCK_REGION_LENGTH__+0x168>
 546:	28 0c       	add	r2, r8
 548:	92 2c       	mov	r9, r2
 54a:	9b 18       	sub	r9, r11
 54c:	0e c0       	rjmp	.+28     	; 0x56a <__LOCK_REGION_LENGTH__+0x16a>
 54e:	b2 14       	cp	r11, r2
 550:	60 f4       	brcc	.+24     	; 0x56a <__LOCK_REGION_LENGTH__+0x16a>
 552:	b6 01       	movw	r22, r12
 554:	80 e2       	ldi	r24, 0x20	; 32
 556:	90 e0       	ldi	r25, 0x00	; 0
 558:	0e 94 13 06 	call	0xc26	; 0xc26 <fputc>
 55c:	b3 94       	inc	r11
 55e:	f7 cf       	rjmp	.-18     	; 0x54e <__LOCK_REGION_LENGTH__+0x14e>
 560:	b2 14       	cp	r11, r2
 562:	18 f4       	brcc	.+6      	; 0x56a <__LOCK_REGION_LENGTH__+0x16a>
 564:	2b 18       	sub	r2, r11
 566:	02 c0       	rjmp	.+4      	; 0x56c <__LOCK_REGION_LENGTH__+0x16c>
 568:	98 2c       	mov	r9, r8
 56a:	21 2c       	mov	r2, r1
 56c:	a4 fe       	sbrs	r10, 4
 56e:	10 c0       	rjmp	.+32     	; 0x590 <__LOCK_REGION_LENGTH__+0x190>
 570:	b6 01       	movw	r22, r12
 572:	80 e3       	ldi	r24, 0x30	; 48
 574:	90 e0       	ldi	r25, 0x00	; 0
 576:	0e 94 13 06 	call	0xc26	; 0xc26 <fputc>
 57a:	a2 fe       	sbrs	r10, 2
 57c:	17 c0       	rjmp	.+46     	; 0x5ac <__LOCK_REGION_LENGTH__+0x1ac>
 57e:	a1 fc       	sbrc	r10, 1
 580:	03 c0       	rjmp	.+6      	; 0x588 <__LOCK_REGION_LENGTH__+0x188>
 582:	88 e7       	ldi	r24, 0x78	; 120
 584:	90 e0       	ldi	r25, 0x00	; 0
 586:	02 c0       	rjmp	.+4      	; 0x58c <__LOCK_REGION_LENGTH__+0x18c>
 588:	88 e5       	ldi	r24, 0x58	; 88
 58a:	90 e0       	ldi	r25, 0x00	; 0
 58c:	b6 01       	movw	r22, r12
 58e:	0c c0       	rjmp	.+24     	; 0x5a8 <__LOCK_REGION_LENGTH__+0x1a8>
 590:	8a 2d       	mov	r24, r10
 592:	86 78       	andi	r24, 0x86	; 134
 594:	59 f0       	breq	.+22     	; 0x5ac <__LOCK_REGION_LENGTH__+0x1ac>
 596:	a1 fe       	sbrs	r10, 1
 598:	02 c0       	rjmp	.+4      	; 0x59e <__LOCK_REGION_LENGTH__+0x19e>
 59a:	8b e2       	ldi	r24, 0x2B	; 43
 59c:	01 c0       	rjmp	.+2      	; 0x5a0 <__LOCK_REGION_LENGTH__+0x1a0>
 59e:	80 e2       	ldi	r24, 0x20	; 32
 5a0:	a7 fc       	sbrc	r10, 7
 5a2:	8d e2       	ldi	r24, 0x2D	; 45
 5a4:	b6 01       	movw	r22, r12
 5a6:	90 e0       	ldi	r25, 0x00	; 0
 5a8:	0e 94 13 06 	call	0xc26	; 0xc26 <fputc>
 5ac:	89 14       	cp	r8, r9
 5ae:	38 f4       	brcc	.+14     	; 0x5be <__LOCK_REGION_LENGTH__+0x1be>
 5b0:	b6 01       	movw	r22, r12
 5b2:	80 e3       	ldi	r24, 0x30	; 48
 5b4:	90 e0       	ldi	r25, 0x00	; 0
 5b6:	0e 94 13 06 	call	0xc26	; 0xc26 <fputc>
 5ba:	9a 94       	dec	r9
 5bc:	f7 cf       	rjmp	.-18     	; 0x5ac <__LOCK_REGION_LENGTH__+0x1ac>
 5be:	8a 94       	dec	r8
 5c0:	f3 01       	movw	r30, r6
 5c2:	e8 0d       	add	r30, r8
 5c4:	f1 1d       	adc	r31, r1
 5c6:	80 81       	ld	r24, Z
 5c8:	b6 01       	movw	r22, r12
 5ca:	90 e0       	ldi	r25, 0x00	; 0
 5cc:	0e 94 13 06 	call	0xc26	; 0xc26 <fputc>
 5d0:	81 10       	cpse	r8, r1
 5d2:	f5 cf       	rjmp	.-22     	; 0x5be <__LOCK_REGION_LENGTH__+0x1be>
 5d4:	22 20       	and	r2, r2
 5d6:	09 f4       	brne	.+2      	; 0x5da <__LOCK_REGION_LENGTH__+0x1da>
 5d8:	42 ce       	rjmp	.-892    	; 0x25e <vfprintf+0x24>
 5da:	b6 01       	movw	r22, r12
 5dc:	80 e2       	ldi	r24, 0x20	; 32
 5de:	90 e0       	ldi	r25, 0x00	; 0
 5e0:	0e 94 13 06 	call	0xc26	; 0xc26 <fputc>
 5e4:	2a 94       	dec	r2
 5e6:	f6 cf       	rjmp	.-20     	; 0x5d4 <__LOCK_REGION_LENGTH__+0x1d4>
 5e8:	f6 01       	movw	r30, r12
 5ea:	86 81       	ldd	r24, Z+6	; 0x06
 5ec:	97 81       	ldd	r25, Z+7	; 0x07
 5ee:	02 c0       	rjmp	.+4      	; 0x5f4 <__LOCK_REGION_LENGTH__+0x1f4>
 5f0:	8f ef       	ldi	r24, 0xFF	; 255
 5f2:	9f ef       	ldi	r25, 0xFF	; 255
 5f4:	2b 96       	adiw	r28, 0x0b	; 11
 5f6:	e2 e1       	ldi	r30, 0x12	; 18
 5f8:	0c 94 e5 06 	jmp	0xdca	; 0xdca <__epilogue_restores__>

000005fc <putval>:
 5fc:	20 fd       	sbrc	r18, 0
 5fe:	09 c0       	rjmp	.+18     	; 0x612 <putval+0x16>
 600:	fc 01       	movw	r30, r24
 602:	23 fd       	sbrc	r18, 3
 604:	05 c0       	rjmp	.+10     	; 0x610 <putval+0x14>
 606:	22 ff       	sbrs	r18, 2
 608:	02 c0       	rjmp	.+4      	; 0x60e <putval+0x12>
 60a:	73 83       	std	Z+3, r23	; 0x03
 60c:	62 83       	std	Z+2, r22	; 0x02
 60e:	51 83       	std	Z+1, r21	; 0x01
 610:	40 83       	st	Z, r20
 612:	08 95       	ret

00000614 <mulacc>:
 614:	44 fd       	sbrc	r20, 4
 616:	17 c0       	rjmp	.+46     	; 0x646 <mulacc+0x32>
 618:	46 fd       	sbrc	r20, 6
 61a:	17 c0       	rjmp	.+46     	; 0x64a <mulacc+0x36>
 61c:	ab 01       	movw	r20, r22
 61e:	bc 01       	movw	r22, r24
 620:	da 01       	movw	r26, r20
 622:	fb 01       	movw	r30, r22
 624:	aa 0f       	add	r26, r26
 626:	bb 1f       	adc	r27, r27
 628:	ee 1f       	adc	r30, r30
 62a:	ff 1f       	adc	r31, r31
 62c:	10 94       	com	r1
 62e:	d1 f7       	brne	.-12     	; 0x624 <mulacc+0x10>
 630:	4a 0f       	add	r20, r26
 632:	5b 1f       	adc	r21, r27
 634:	6e 1f       	adc	r22, r30
 636:	7f 1f       	adc	r23, r31
 638:	cb 01       	movw	r24, r22
 63a:	ba 01       	movw	r22, r20
 63c:	66 0f       	add	r22, r22
 63e:	77 1f       	adc	r23, r23
 640:	88 1f       	adc	r24, r24
 642:	99 1f       	adc	r25, r25
 644:	09 c0       	rjmp	.+18     	; 0x658 <mulacc+0x44>
 646:	33 e0       	ldi	r19, 0x03	; 3
 648:	01 c0       	rjmp	.+2      	; 0x64c <mulacc+0x38>
 64a:	34 e0       	ldi	r19, 0x04	; 4
 64c:	66 0f       	add	r22, r22
 64e:	77 1f       	adc	r23, r23
 650:	88 1f       	adc	r24, r24
 652:	99 1f       	adc	r25, r25
 654:	31 50       	subi	r19, 0x01	; 1
 656:	d1 f7       	brne	.-12     	; 0x64c <mulacc+0x38>
 658:	62 0f       	add	r22, r18
 65a:	71 1d       	adc	r23, r1
 65c:	81 1d       	adc	r24, r1
 65e:	91 1d       	adc	r25, r1
 660:	08 95       	ret

00000662 <skip_spaces>:
 662:	0f 93       	push	r16
 664:	1f 93       	push	r17
 666:	cf 93       	push	r28
 668:	df 93       	push	r29
 66a:	8c 01       	movw	r16, r24
 66c:	c8 01       	movw	r24, r16
 66e:	0e 94 d5 05 	call	0xbaa	; 0xbaa <fgetc>
 672:	ec 01       	movw	r28, r24
 674:	97 fd       	sbrc	r25, 7
 676:	08 c0       	rjmp	.+16     	; 0x688 <skip_spaces+0x26>
 678:	0e 94 ab 05 	call	0xb56	; 0xb56 <isspace>
 67c:	89 2b       	or	r24, r25
 67e:	b1 f7       	brne	.-20     	; 0x66c <skip_spaces+0xa>
 680:	b8 01       	movw	r22, r16
 682:	ce 01       	movw	r24, r28
 684:	0e 94 4f 06 	call	0xc9e	; 0xc9e <ungetc>
 688:	ce 01       	movw	r24, r28
 68a:	df 91       	pop	r29
 68c:	cf 91       	pop	r28
 68e:	1f 91       	pop	r17
 690:	0f 91       	pop	r16
 692:	08 95       	ret

00000694 <conv_int>:
 694:	8f 92       	push	r8
 696:	9f 92       	push	r9
 698:	af 92       	push	r10
 69a:	bf 92       	push	r11
 69c:	ef 92       	push	r14
 69e:	ff 92       	push	r15
 6a0:	0f 93       	push	r16
 6a2:	1f 93       	push	r17
 6a4:	cf 93       	push	r28
 6a6:	df 93       	push	r29
 6a8:	8c 01       	movw	r16, r24
 6aa:	d6 2f       	mov	r29, r22
 6ac:	7a 01       	movw	r14, r20
 6ae:	b2 2e       	mov	r11, r18
 6b0:	0e 94 d5 05 	call	0xbaa	; 0xbaa <fgetc>
 6b4:	9c 01       	movw	r18, r24
 6b6:	33 27       	eor	r19, r19
 6b8:	2b 32       	cpi	r18, 0x2B	; 43
 6ba:	31 05       	cpc	r19, r1
 6bc:	31 f0       	breq	.+12     	; 0x6ca <conv_int+0x36>
 6be:	2d 32       	cpi	r18, 0x2D	; 45
 6c0:	31 05       	cpc	r19, r1
 6c2:	61 f4       	brne	.+24     	; 0x6dc <conv_int+0x48>
 6c4:	8b 2d       	mov	r24, r11
 6c6:	80 68       	ori	r24, 0x80	; 128
 6c8:	b8 2e       	mov	r11, r24
 6ca:	d1 50       	subi	r29, 0x01	; 1
 6cc:	11 f4       	brne	.+4      	; 0x6d2 <conv_int+0x3e>
 6ce:	80 e0       	ldi	r24, 0x00	; 0
 6d0:	68 c0       	rjmp	.+208    	; 0x7a2 <conv_int+0x10e>
 6d2:	c8 01       	movw	r24, r16
 6d4:	0e 94 d5 05 	call	0xbaa	; 0xbaa <fgetc>
 6d8:	97 fd       	sbrc	r25, 7
 6da:	f9 cf       	rjmp	.-14     	; 0x6ce <conv_int+0x3a>
 6dc:	cb 2d       	mov	r28, r11
 6de:	cd 7f       	andi	r28, 0xFD	; 253
 6e0:	2b 2d       	mov	r18, r11
 6e2:	20 73       	andi	r18, 0x30	; 48
 6e4:	09 f5       	brne	.+66     	; 0x728 <conv_int+0x94>
 6e6:	80 33       	cpi	r24, 0x30	; 48
 6e8:	f9 f4       	brne	.+62     	; 0x728 <conv_int+0x94>
 6ea:	aa 24       	eor	r10, r10
 6ec:	aa 94       	dec	r10
 6ee:	ad 0e       	add	r10, r29
 6f0:	09 f4       	brne	.+2      	; 0x6f4 <conv_int+0x60>
 6f2:	43 c0       	rjmp	.+134    	; 0x77a <conv_int+0xe6>
 6f4:	c8 01       	movw	r24, r16
 6f6:	0e 94 d5 05 	call	0xbaa	; 0xbaa <fgetc>
 6fa:	97 fd       	sbrc	r25, 7
 6fc:	3e c0       	rjmp	.+124    	; 0x77a <conv_int+0xe6>
 6fe:	9c 01       	movw	r18, r24
 700:	2f 7d       	andi	r18, 0xDF	; 223
 702:	33 27       	eor	r19, r19
 704:	28 35       	cpi	r18, 0x58	; 88
 706:	31 05       	cpc	r19, r1
 708:	49 f4       	brne	.+18     	; 0x71c <conv_int+0x88>
 70a:	c2 64       	ori	r28, 0x42	; 66
 70c:	d2 50       	subi	r29, 0x02	; 2
 70e:	a9 f1       	breq	.+106    	; 0x77a <conv_int+0xe6>
 710:	c8 01       	movw	r24, r16
 712:	0e 94 d5 05 	call	0xbaa	; 0xbaa <fgetc>
 716:	97 ff       	sbrs	r25, 7
 718:	07 c0       	rjmp	.+14     	; 0x728 <conv_int+0x94>
 71a:	2f c0       	rjmp	.+94     	; 0x77a <conv_int+0xe6>
 71c:	b6 fe       	sbrs	r11, 6
 71e:	02 c0       	rjmp	.+4      	; 0x724 <conv_int+0x90>
 720:	c2 60       	ori	r28, 0x02	; 2
 722:	01 c0       	rjmp	.+2      	; 0x726 <conv_int+0x92>
 724:	c2 61       	ori	r28, 0x12	; 18
 726:	da 2d       	mov	r29, r10
 728:	81 2c       	mov	r8, r1
 72a:	91 2c       	mov	r9, r1
 72c:	54 01       	movw	r10, r8
 72e:	20 ed       	ldi	r18, 0xD0	; 208
 730:	28 0f       	add	r18, r24
 732:	28 30       	cpi	r18, 0x08	; 8
 734:	80 f0       	brcs	.+32     	; 0x756 <conv_int+0xc2>
 736:	c4 ff       	sbrs	r28, 4
 738:	04 c0       	rjmp	.+8      	; 0x742 <conv_int+0xae>
 73a:	b8 01       	movw	r22, r16
 73c:	0e 94 4f 06 	call	0xc9e	; 0xc9e <ungetc>
 740:	19 c0       	rjmp	.+50     	; 0x774 <conv_int+0xe0>
 742:	2a 30       	cpi	r18, 0x0A	; 10
 744:	40 f0       	brcs	.+16     	; 0x756 <conv_int+0xc2>
 746:	c6 ff       	sbrs	r28, 6
 748:	f8 cf       	rjmp	.-16     	; 0x73a <conv_int+0xa6>
 74a:	2f 7d       	andi	r18, 0xDF	; 223
 74c:	3f ee       	ldi	r19, 0xEF	; 239
 74e:	32 0f       	add	r19, r18
 750:	36 30       	cpi	r19, 0x06	; 6
 752:	98 f7       	brcc	.-26     	; 0x73a <conv_int+0xa6>
 754:	27 50       	subi	r18, 0x07	; 7
 756:	4c 2f       	mov	r20, r28
 758:	c5 01       	movw	r24, r10
 75a:	b4 01       	movw	r22, r8
 75c:	0e 94 0a 03 	call	0x614	; 0x614 <mulacc>
 760:	4b 01       	movw	r8, r22
 762:	5c 01       	movw	r10, r24
 764:	c2 60       	ori	r28, 0x02	; 2
 766:	d1 50       	subi	r29, 0x01	; 1
 768:	59 f0       	breq	.+22     	; 0x780 <conv_int+0xec>
 76a:	c8 01       	movw	r24, r16
 76c:	0e 94 d5 05 	call	0xbaa	; 0xbaa <fgetc>
 770:	97 ff       	sbrs	r25, 7
 772:	dd cf       	rjmp	.-70     	; 0x72e <conv_int+0x9a>
 774:	c1 fd       	sbrc	r28, 1
 776:	04 c0       	rjmp	.+8      	; 0x780 <conv_int+0xec>
 778:	aa cf       	rjmp	.-172    	; 0x6ce <conv_int+0x3a>
 77a:	81 2c       	mov	r8, r1
 77c:	91 2c       	mov	r9, r1
 77e:	54 01       	movw	r10, r8
 780:	c7 ff       	sbrs	r28, 7
 782:	08 c0       	rjmp	.+16     	; 0x794 <conv_int+0x100>
 784:	b0 94       	com	r11
 786:	a0 94       	com	r10
 788:	90 94       	com	r9
 78a:	80 94       	com	r8
 78c:	81 1c       	adc	r8, r1
 78e:	91 1c       	adc	r9, r1
 790:	a1 1c       	adc	r10, r1
 792:	b1 1c       	adc	r11, r1
 794:	2c 2f       	mov	r18, r28
 796:	b5 01       	movw	r22, r10
 798:	a4 01       	movw	r20, r8
 79a:	c7 01       	movw	r24, r14
 79c:	0e 94 fe 02 	call	0x5fc	; 0x5fc <putval>
 7a0:	81 e0       	ldi	r24, 0x01	; 1
 7a2:	df 91       	pop	r29
 7a4:	cf 91       	pop	r28
 7a6:	1f 91       	pop	r17
 7a8:	0f 91       	pop	r16
 7aa:	ff 90       	pop	r15
 7ac:	ef 90       	pop	r14
 7ae:	bf 90       	pop	r11
 7b0:	af 90       	pop	r10
 7b2:	9f 90       	pop	r9
 7b4:	8f 90       	pop	r8
 7b6:	08 95       	ret

000007b8 <conv_brk>:
 7b8:	a0 e2       	ldi	r26, 0x20	; 32
 7ba:	b0 e0       	ldi	r27, 0x00	; 0
 7bc:	e2 ee       	ldi	r30, 0xE2	; 226
 7be:	f3 e0       	ldi	r31, 0x03	; 3
 7c0:	0c 94 cc 06 	jmp	0xd98	; 0xd98 <__prologue_saves__+0x6>
 7c4:	5c 01       	movw	r10, r24
 7c6:	96 2e       	mov	r9, r22
 7c8:	7a 01       	movw	r14, r20
 7ca:	f9 01       	movw	r30, r18
 7cc:	8e 01       	movw	r16, r28
 7ce:	0f 5f       	subi	r16, 0xFF	; 255
 7d0:	1f 4f       	sbci	r17, 0xFF	; 255
 7d2:	68 01       	movw	r12, r16
 7d4:	80 e2       	ldi	r24, 0x20	; 32
 7d6:	d8 01       	movw	r26, r16
 7d8:	1d 92       	st	X+, r1
 7da:	8a 95       	dec	r24
 7dc:	e9 f7       	brne	.-6      	; 0x7d8 <conv_brk+0x20>
 7de:	d5 01       	movw	r26, r10
 7e0:	13 96       	adiw	r26, 0x03	; 3
 7e2:	8c 90       	ld	r8, X
 7e4:	80 e0       	ldi	r24, 0x00	; 0
 7e6:	90 e0       	ldi	r25, 0x00	; 0
 7e8:	61 2c       	mov	r6, r1
 7ea:	71 2c       	mov	r7, r1
 7ec:	30 e0       	ldi	r19, 0x00	; 0
 7ee:	61 e0       	ldi	r22, 0x01	; 1
 7f0:	70 e0       	ldi	r23, 0x00	; 0
 7f2:	83 fc       	sbrc	r8, 3
 7f4:	25 91       	lpm	r18, Z+
 7f6:	83 fe       	sbrs	r8, 3
 7f8:	21 91       	ld	r18, Z+
 7fa:	8f 01       	movw	r16, r30
 7fc:	52 2e       	mov	r5, r18
 7fe:	21 11       	cpse	r18, r1
 800:	03 c0       	rjmp	.+6      	; 0x808 <conv_brk+0x50>
 802:	80 e0       	ldi	r24, 0x00	; 0
 804:	90 e0       	ldi	r25, 0x00	; 0
 806:	92 c0       	rjmp	.+292    	; 0x92c <__stack+0x2d>
 808:	2e 35       	cpi	r18, 0x5E	; 94
 80a:	11 f4       	brne	.+4      	; 0x810 <conv_brk+0x58>
 80c:	00 97       	sbiw	r24, 0x00	; 0
 80e:	51 f1       	breq	.+84     	; 0x864 <conv_brk+0xac>
 810:	43 2f       	mov	r20, r19
 812:	50 e0       	ldi	r21, 0x00	; 0
 814:	48 17       	cp	r20, r24
 816:	59 07       	cpc	r21, r25
 818:	3c f4       	brge	.+14     	; 0x828 <conv_brk+0x70>
 81a:	2d 35       	cpi	r18, 0x5D	; 93
 81c:	59 f1       	breq	.+86     	; 0x874 <conv_brk+0xbc>
 81e:	2d 32       	cpi	r18, 0x2D	; 45
 820:	19 f4       	brne	.+6      	; 0x828 <conv_brk+0x70>
 822:	77 20       	and	r7, r7
 824:	09 f1       	breq	.+66     	; 0x868 <conv_brk+0xb0>
 826:	03 c0       	rjmp	.+6      	; 0x82e <conv_brk+0x76>
 828:	77 20       	and	r7, r7
 82a:	09 f4       	brne	.+2      	; 0x82e <conv_brk+0x76>
 82c:	6a c0       	rjmp	.+212    	; 0x902 <__stack+0x3>
 82e:	45 2d       	mov	r20, r5
 830:	46 95       	lsr	r20
 832:	46 95       	lsr	r20
 834:	46 95       	lsr	r20
 836:	d6 01       	movw	r26, r12
 838:	a4 0f       	add	r26, r20
 83a:	b1 1d       	adc	r27, r1
 83c:	45 2d       	mov	r20, r5
 83e:	47 70       	andi	r20, 0x07	; 7
 840:	8b 01       	movw	r16, r22
 842:	02 c0       	rjmp	.+4      	; 0x848 <conv_brk+0x90>
 844:	00 0f       	add	r16, r16
 846:	11 1f       	adc	r17, r17
 848:	4a 95       	dec	r20
 84a:	e2 f7       	brpl	.-8      	; 0x844 <conv_brk+0x8c>
 84c:	a8 01       	movw	r20, r16
 84e:	5c 91       	ld	r21, X
 850:	45 2b       	or	r20, r21
 852:	4c 93       	st	X, r20
 854:	65 14       	cp	r6, r5
 856:	59 f0       	breq	.+22     	; 0x86e <conv_brk+0xb6>
 858:	56 14       	cp	r5, r6
 85a:	10 f4       	brcc	.+4      	; 0x860 <conv_brk+0xa8>
 85c:	53 94       	inc	r5
 85e:	e7 cf       	rjmp	.-50     	; 0x82e <conv_brk+0x76>
 860:	5a 94       	dec	r5
 862:	e5 cf       	rjmp	.-54     	; 0x82e <conv_brk+0x76>
 864:	31 e0       	ldi	r19, 0x01	; 1
 866:	04 c0       	rjmp	.+8      	; 0x870 <conv_brk+0xb8>
 868:	77 24       	eor	r7, r7
 86a:	73 94       	inc	r7
 86c:	01 c0       	rjmp	.+2      	; 0x870 <conv_brk+0xb8>
 86e:	71 2c       	mov	r7, r1
 870:	01 96       	adiw	r24, 0x01	; 1
 872:	bf cf       	rjmp	.-130    	; 0x7f2 <conv_brk+0x3a>
 874:	77 20       	and	r7, r7
 876:	19 f0       	breq	.+6      	; 0x87e <conv_brk+0xc6>
 878:	8e 81       	ldd	r24, Y+6	; 0x06
 87a:	80 62       	ori	r24, 0x20	; 32
 87c:	8e 83       	std	Y+6, r24	; 0x06
 87e:	31 11       	cpse	r19, r1
 880:	03 c0       	rjmp	.+6      	; 0x888 <conv_brk+0xd0>
 882:	88 24       	eor	r8, r8
 884:	83 94       	inc	r8
 886:	17 c0       	rjmp	.+46     	; 0x8b6 <conv_brk+0xfe>
 888:	f6 01       	movw	r30, r12
 88a:	9e 01       	movw	r18, r28
 88c:	2f 5d       	subi	r18, 0xDF	; 223
 88e:	3f 4f       	sbci	r19, 0xFF	; 255
 890:	80 81       	ld	r24, Z
 892:	80 95       	com	r24
 894:	81 93       	st	Z+, r24
 896:	2e 17       	cp	r18, r30
 898:	3f 07       	cpc	r19, r31
 89a:	d1 f7       	brne	.-12     	; 0x890 <conv_brk+0xd8>
 89c:	f2 cf       	rjmp	.-28     	; 0x882 <conv_brk+0xca>
 89e:	e1 14       	cp	r14, r1
 8a0:	f1 04       	cpc	r15, r1
 8a2:	29 f0       	breq	.+10     	; 0x8ae <conv_brk+0xf6>
 8a4:	d7 01       	movw	r26, r14
 8a6:	8c 93       	st	X, r24
 8a8:	f7 01       	movw	r30, r14
 8aa:	31 96       	adiw	r30, 0x01	; 1
 8ac:	7f 01       	movw	r14, r30
 8ae:	9a 94       	dec	r9
 8b0:	81 2c       	mov	r8, r1
 8b2:	99 20       	and	r9, r9
 8b4:	f9 f0       	breq	.+62     	; 0x8f4 <conv_brk+0x13c>
 8b6:	c5 01       	movw	r24, r10
 8b8:	0e 94 d5 05 	call	0xbaa	; 0xbaa <fgetc>
 8bc:	97 fd       	sbrc	r25, 7
 8be:	18 c0       	rjmp	.+48     	; 0x8f0 <conv_brk+0x138>
 8c0:	fc 01       	movw	r30, r24
 8c2:	ff 27       	eor	r31, r31
 8c4:	23 e0       	ldi	r18, 0x03	; 3
 8c6:	f5 95       	asr	r31
 8c8:	e7 95       	ror	r30
 8ca:	2a 95       	dec	r18
 8cc:	e1 f7       	brne	.-8      	; 0x8c6 <conv_brk+0x10e>
 8ce:	ec 0d       	add	r30, r12
 8d0:	fd 1d       	adc	r31, r13
 8d2:	20 81       	ld	r18, Z
 8d4:	30 e0       	ldi	r19, 0x00	; 0
 8d6:	ac 01       	movw	r20, r24
 8d8:	47 70       	andi	r20, 0x07	; 7
 8da:	55 27       	eor	r21, r21
 8dc:	02 c0       	rjmp	.+4      	; 0x8e2 <conv_brk+0x12a>
 8de:	35 95       	asr	r19
 8e0:	27 95       	ror	r18
 8e2:	4a 95       	dec	r20
 8e4:	e2 f7       	brpl	.-8      	; 0x8de <conv_brk+0x126>
 8e6:	20 fd       	sbrc	r18, 0
 8e8:	da cf       	rjmp	.-76     	; 0x89e <conv_brk+0xe6>
 8ea:	b5 01       	movw	r22, r10
 8ec:	0e 94 4f 06 	call	0xc9e	; 0xc9e <ungetc>
 8f0:	81 10       	cpse	r8, r1
 8f2:	87 cf       	rjmp	.-242    	; 0x802 <conv_brk+0x4a>
 8f4:	e1 14       	cp	r14, r1
 8f6:	f1 04       	cpc	r15, r1
 8f8:	11 f0       	breq	.+4      	; 0x8fe <conv_brk+0x146>
 8fa:	d7 01       	movw	r26, r14
 8fc:	1c 92       	st	X, r1
 8fe:	c8 01       	movw	r24, r16
 900:	15 c0       	rjmp	.+42     	; 0x92c <__stack+0x2d>
 902:	42 2f       	mov	r20, r18
 904:	46 95       	lsr	r20
 906:	46 95       	lsr	r20
 908:	46 95       	lsr	r20
 90a:	d6 01       	movw	r26, r12
 90c:	a4 0f       	add	r26, r20
 90e:	b1 1d       	adc	r27, r1
 910:	42 2f       	mov	r20, r18
 912:	47 70       	andi	r20, 0x07	; 7
 914:	8b 01       	movw	r16, r22
 916:	02 c0       	rjmp	.+4      	; 0x91c <__stack+0x1d>
 918:	00 0f       	add	r16, r16
 91a:	11 1f       	adc	r17, r17
 91c:	4a 95       	dec	r20
 91e:	e2 f7       	brpl	.-8      	; 0x918 <__stack+0x19>
 920:	a8 01       	movw	r20, r16
 922:	5c 91       	ld	r21, X
 924:	45 2b       	or	r20, r21
 926:	4c 93       	st	X, r20
 928:	62 2e       	mov	r6, r18
 92a:	a2 cf       	rjmp	.-188    	; 0x870 <conv_brk+0xb8>
 92c:	a0 96       	adiw	r28, 0x20	; 32
 92e:	ef e0       	ldi	r30, 0x0F	; 15
 930:	0c 94 e8 06 	jmp	0xdd0	; 0xdd0 <__epilogue_restores__+0x6>

00000934 <vfscanf>:
 934:	a0 e0       	ldi	r26, 0x00	; 0
 936:	b0 e0       	ldi	r27, 0x00	; 0
 938:	e0 ea       	ldi	r30, 0xA0	; 160
 93a:	f4 e0       	ldi	r31, 0x04	; 4
 93c:	0c 94 cc 06 	jmp	0xd98	; 0xd98 <__prologue_saves__+0x6>
 940:	6c 01       	movw	r12, r24
 942:	eb 01       	movw	r28, r22
 944:	5a 01       	movw	r10, r20
 946:	fc 01       	movw	r30, r24
 948:	17 82       	std	Z+7, r1	; 0x07
 94a:	16 82       	std	Z+6, r1	; 0x06
 94c:	51 2c       	mov	r5, r1
 94e:	f6 01       	movw	r30, r12
 950:	e3 80       	ldd	r14, Z+3	; 0x03
 952:	fe 01       	movw	r30, r28
 954:	e3 fc       	sbrc	r14, 3
 956:	85 91       	lpm	r24, Z+
 958:	e3 fe       	sbrs	r14, 3
 95a:	81 91       	ld	r24, Z+
 95c:	18 2f       	mov	r17, r24
 95e:	ef 01       	movw	r28, r30
 960:	88 23       	and	r24, r24
 962:	09 f4       	brne	.+2      	; 0x966 <vfscanf+0x32>
 964:	ee c0       	rjmp	.+476    	; 0xb42 <vfscanf+0x20e>
 966:	90 e0       	ldi	r25, 0x00	; 0
 968:	0e 94 ab 05 	call	0xb56	; 0xb56 <isspace>
 96c:	89 2b       	or	r24, r25
 96e:	21 f0       	breq	.+8      	; 0x978 <vfscanf+0x44>
 970:	c6 01       	movw	r24, r12
 972:	0e 94 31 03 	call	0x662	; 0x662 <skip_spaces>
 976:	eb cf       	rjmp	.-42     	; 0x94e <vfscanf+0x1a>
 978:	15 32       	cpi	r17, 0x25	; 37
 97a:	41 f4       	brne	.+16     	; 0x98c <vfscanf+0x58>
 97c:	fe 01       	movw	r30, r28
 97e:	e3 fc       	sbrc	r14, 3
 980:	15 91       	lpm	r17, Z+
 982:	e3 fe       	sbrs	r14, 3
 984:	11 91       	ld	r17, Z+
 986:	ef 01       	movw	r28, r30
 988:	15 32       	cpi	r17, 0x25	; 37
 98a:	81 f4       	brne	.+32     	; 0x9ac <vfscanf+0x78>
 98c:	c6 01       	movw	r24, r12
 98e:	0e 94 d5 05 	call	0xbaa	; 0xbaa <fgetc>
 992:	97 fd       	sbrc	r25, 7
 994:	d4 c0       	rjmp	.+424    	; 0xb3e <vfscanf+0x20a>
 996:	41 2f       	mov	r20, r17
 998:	50 e0       	ldi	r21, 0x00	; 0
 99a:	9c 01       	movw	r18, r24
 99c:	33 27       	eor	r19, r19
 99e:	24 17       	cp	r18, r20
 9a0:	35 07       	cpc	r19, r21
 9a2:	a9 f2       	breq	.-86     	; 0x94e <vfscanf+0x1a>
 9a4:	b6 01       	movw	r22, r12
 9a6:	0e 94 4f 06 	call	0xc9e	; 0xc9e <ungetc>
 9aa:	cb c0       	rjmp	.+406    	; 0xb42 <vfscanf+0x20e>
 9ac:	1a 32       	cpi	r17, 0x2A	; 42
 9ae:	39 f4       	brne	.+14     	; 0x9be <vfscanf+0x8a>
 9b0:	e3 fc       	sbrc	r14, 3
 9b2:	15 91       	lpm	r17, Z+
 9b4:	e3 fe       	sbrs	r14, 3
 9b6:	11 91       	ld	r17, Z+
 9b8:	ef 01       	movw	r28, r30
 9ba:	01 e0       	ldi	r16, 0x01	; 1
 9bc:	01 c0       	rjmp	.+2      	; 0x9c0 <vfscanf+0x8c>
 9be:	00 e0       	ldi	r16, 0x00	; 0
 9c0:	f1 2c       	mov	r15, r1
 9c2:	20 ed       	ldi	r18, 0xD0	; 208
 9c4:	21 0f       	add	r18, r17
 9c6:	2a 30       	cpi	r18, 0x0A	; 10
 9c8:	80 f4       	brcc	.+32     	; 0x9ea <vfscanf+0xb6>
 9ca:	02 60       	ori	r16, 0x02	; 2
 9cc:	6f 2d       	mov	r22, r15
 9ce:	70 e0       	ldi	r23, 0x00	; 0
 9d0:	80 e0       	ldi	r24, 0x00	; 0
 9d2:	90 e0       	ldi	r25, 0x00	; 0
 9d4:	40 e2       	ldi	r20, 0x20	; 32
 9d6:	0e 94 0a 03 	call	0x614	; 0x614 <mulacc>
 9da:	f6 2e       	mov	r15, r22
 9dc:	fe 01       	movw	r30, r28
 9de:	e3 fc       	sbrc	r14, 3
 9e0:	15 91       	lpm	r17, Z+
 9e2:	e3 fe       	sbrs	r14, 3
 9e4:	11 91       	ld	r17, Z+
 9e6:	ef 01       	movw	r28, r30
 9e8:	ec cf       	rjmp	.-40     	; 0x9c2 <vfscanf+0x8e>
 9ea:	01 ff       	sbrs	r16, 1
 9ec:	03 c0       	rjmp	.+6      	; 0x9f4 <vfscanf+0xc0>
 9ee:	f1 10       	cpse	r15, r1
 9f0:	03 c0       	rjmp	.+6      	; 0x9f8 <vfscanf+0xc4>
 9f2:	a7 c0       	rjmp	.+334    	; 0xb42 <vfscanf+0x20e>
 9f4:	ff 24       	eor	r15, r15
 9f6:	fa 94       	dec	r15
 9f8:	18 36       	cpi	r17, 0x68	; 104
 9fa:	19 f0       	breq	.+6      	; 0xa02 <vfscanf+0xce>
 9fc:	1c 36       	cpi	r17, 0x6C	; 108
 9fe:	51 f0       	breq	.+20     	; 0xa14 <vfscanf+0xe0>
 a00:	10 c0       	rjmp	.+32     	; 0xa22 <vfscanf+0xee>
 a02:	fe 01       	movw	r30, r28
 a04:	e3 fc       	sbrc	r14, 3
 a06:	15 91       	lpm	r17, Z+
 a08:	e3 fe       	sbrs	r14, 3
 a0a:	11 91       	ld	r17, Z+
 a0c:	ef 01       	movw	r28, r30
 a0e:	18 36       	cpi	r17, 0x68	; 104
 a10:	41 f4       	brne	.+16     	; 0xa22 <vfscanf+0xee>
 a12:	08 60       	ori	r16, 0x08	; 8
 a14:	04 60       	ori	r16, 0x04	; 4
 a16:	fe 01       	movw	r30, r28
 a18:	e3 fc       	sbrc	r14, 3
 a1a:	15 91       	lpm	r17, Z+
 a1c:	e3 fe       	sbrs	r14, 3
 a1e:	11 91       	ld	r17, Z+
 a20:	ef 01       	movw	r28, r30
 a22:	11 23       	and	r17, r17
 a24:	09 f4       	brne	.+2      	; 0xa28 <vfscanf+0xf4>
 a26:	8d c0       	rjmp	.+282    	; 0xb42 <vfscanf+0x20e>
 a28:	61 2f       	mov	r22, r17
 a2a:	70 e0       	ldi	r23, 0x00	; 0
 a2c:	88 e6       	ldi	r24, 0x68	; 104
 a2e:	90 e0       	ldi	r25, 0x00	; 0
 a30:	0e 94 b4 05 	call	0xb68	; 0xb68 <strchr_P>
 a34:	89 2b       	or	r24, r25
 a36:	09 f4       	brne	.+2      	; 0xa3a <vfscanf+0x106>
 a38:	84 c0       	rjmp	.+264    	; 0xb42 <vfscanf+0x20e>
 a3a:	00 fd       	sbrc	r16, 0
 a3c:	07 c0       	rjmp	.+14     	; 0xa4c <vfscanf+0x118>
 a3e:	f5 01       	movw	r30, r10
 a40:	80 80       	ld	r8, Z
 a42:	91 80       	ldd	r9, Z+1	; 0x01
 a44:	c5 01       	movw	r24, r10
 a46:	02 96       	adiw	r24, 0x02	; 2
 a48:	5c 01       	movw	r10, r24
 a4a:	02 c0       	rjmp	.+4      	; 0xa50 <vfscanf+0x11c>
 a4c:	81 2c       	mov	r8, r1
 a4e:	91 2c       	mov	r9, r1
 a50:	1e 36       	cpi	r17, 0x6E	; 110
 a52:	51 f4       	brne	.+20     	; 0xa68 <vfscanf+0x134>
 a54:	f6 01       	movw	r30, r12
 a56:	46 81       	ldd	r20, Z+6	; 0x06
 a58:	57 81       	ldd	r21, Z+7	; 0x07
 a5a:	60 e0       	ldi	r22, 0x00	; 0
 a5c:	70 e0       	ldi	r23, 0x00	; 0
 a5e:	20 2f       	mov	r18, r16
 a60:	c4 01       	movw	r24, r8
 a62:	0e 94 fe 02 	call	0x5fc	; 0x5fc <putval>
 a66:	73 cf       	rjmp	.-282    	; 0x94e <vfscanf+0x1a>
 a68:	13 36       	cpi	r17, 0x63	; 99
 a6a:	a9 f4       	brne	.+42     	; 0xa96 <vfscanf+0x162>
 a6c:	01 fd       	sbrc	r16, 1
 a6e:	02 c0       	rjmp	.+4      	; 0xa74 <vfscanf+0x140>
 a70:	ff 24       	eor	r15, r15
 a72:	f3 94       	inc	r15
 a74:	c6 01       	movw	r24, r12
 a76:	0e 94 d5 05 	call	0xbaa	; 0xbaa <fgetc>
 a7a:	97 fd       	sbrc	r25, 7
 a7c:	60 c0       	rjmp	.+192    	; 0xb3e <vfscanf+0x20a>
 a7e:	81 14       	cp	r8, r1
 a80:	91 04       	cpc	r9, r1
 a82:	29 f0       	breq	.+10     	; 0xa8e <vfscanf+0x15a>
 a84:	f4 01       	movw	r30, r8
 a86:	80 83       	st	Z, r24
 a88:	c4 01       	movw	r24, r8
 a8a:	01 96       	adiw	r24, 0x01	; 1
 a8c:	4c 01       	movw	r8, r24
 a8e:	fa 94       	dec	r15
 a90:	f1 10       	cpse	r15, r1
 a92:	f0 cf       	rjmp	.-32     	; 0xa74 <vfscanf+0x140>
 a94:	50 c0       	rjmp	.+160    	; 0xb36 <vfscanf+0x202>
 a96:	1b 35       	cpi	r17, 0x5B	; 91
 a98:	59 f4       	brne	.+22     	; 0xab0 <vfscanf+0x17c>
 a9a:	9e 01       	movw	r18, r28
 a9c:	a4 01       	movw	r20, r8
 a9e:	6f 2d       	mov	r22, r15
 aa0:	c6 01       	movw	r24, r12
 aa2:	0e 94 dc 03 	call	0x7b8	; 0x7b8 <conv_brk>
 aa6:	ec 01       	movw	r28, r24
 aa8:	89 2b       	or	r24, r25
 aaa:	09 f0       	breq	.+2      	; 0xaae <vfscanf+0x17a>
 aac:	44 c0       	rjmp	.+136    	; 0xb36 <vfscanf+0x202>
 aae:	3e c0       	rjmp	.+124    	; 0xb2c <vfscanf+0x1f8>
 ab0:	c6 01       	movw	r24, r12
 ab2:	0e 94 31 03 	call	0x662	; 0x662 <skip_spaces>
 ab6:	97 fd       	sbrc	r25, 7
 ab8:	42 c0       	rjmp	.+132    	; 0xb3e <vfscanf+0x20a>
 aba:	1f 36       	cpi	r17, 0x6F	; 111
 abc:	61 f1       	breq	.+88     	; 0xb16 <vfscanf+0x1e2>
 abe:	28 f4       	brcc	.+10     	; 0xaca <vfscanf+0x196>
 ac0:	14 36       	cpi	r17, 0x64	; 100
 ac2:	39 f1       	breq	.+78     	; 0xb12 <vfscanf+0x1de>
 ac4:	19 36       	cpi	r17, 0x69	; 105
 ac6:	51 f1       	breq	.+84     	; 0xb1c <vfscanf+0x1e8>
 ac8:	28 c0       	rjmp	.+80     	; 0xb1a <vfscanf+0x1e6>
 aca:	13 37       	cpi	r17, 0x73	; 115
 acc:	71 f0       	breq	.+28     	; 0xaea <vfscanf+0x1b6>
 ace:	15 37       	cpi	r17, 0x75	; 117
 ad0:	01 f1       	breq	.+64     	; 0xb12 <vfscanf+0x1de>
 ad2:	23 c0       	rjmp	.+70     	; 0xb1a <vfscanf+0x1e6>
 ad4:	81 14       	cp	r8, r1
 ad6:	91 04       	cpc	r9, r1
 ad8:	29 f0       	breq	.+10     	; 0xae4 <vfscanf+0x1b0>
 ada:	f4 01       	movw	r30, r8
 adc:	60 82       	st	Z, r6
 ade:	c4 01       	movw	r24, r8
 ae0:	01 96       	adiw	r24, 0x01	; 1
 ae2:	4c 01       	movw	r8, r24
 ae4:	fa 94       	dec	r15
 ae6:	ff 20       	and	r15, r15
 ae8:	71 f0       	breq	.+28     	; 0xb06 <vfscanf+0x1d2>
 aea:	c6 01       	movw	r24, r12
 aec:	0e 94 d5 05 	call	0xbaa	; 0xbaa <fgetc>
 af0:	3c 01       	movw	r6, r24
 af2:	97 fd       	sbrc	r25, 7
 af4:	08 c0       	rjmp	.+16     	; 0xb06 <vfscanf+0x1d2>
 af6:	0e 94 ab 05 	call	0xb56	; 0xb56 <isspace>
 afa:	89 2b       	or	r24, r25
 afc:	59 f3       	breq	.-42     	; 0xad4 <vfscanf+0x1a0>
 afe:	b6 01       	movw	r22, r12
 b00:	c3 01       	movw	r24, r6
 b02:	0e 94 4f 06 	call	0xc9e	; 0xc9e <ungetc>
 b06:	81 14       	cp	r8, r1
 b08:	91 04       	cpc	r9, r1
 b0a:	a9 f0       	breq	.+42     	; 0xb36 <vfscanf+0x202>
 b0c:	f4 01       	movw	r30, r8
 b0e:	10 82       	st	Z, r1
 b10:	12 c0       	rjmp	.+36     	; 0xb36 <vfscanf+0x202>
 b12:	00 62       	ori	r16, 0x20	; 32
 b14:	03 c0       	rjmp	.+6      	; 0xb1c <vfscanf+0x1e8>
 b16:	00 61       	ori	r16, 0x10	; 16
 b18:	01 c0       	rjmp	.+2      	; 0xb1c <vfscanf+0x1e8>
 b1a:	00 64       	ori	r16, 0x40	; 64
 b1c:	20 2f       	mov	r18, r16
 b1e:	a4 01       	movw	r20, r8
 b20:	6f 2d       	mov	r22, r15
 b22:	c6 01       	movw	r24, r12
 b24:	0e 94 4a 03 	call	0x694	; 0x694 <conv_int>
 b28:	81 11       	cpse	r24, r1
 b2a:	05 c0       	rjmp	.+10     	; 0xb36 <vfscanf+0x202>
 b2c:	f6 01       	movw	r30, r12
 b2e:	83 81       	ldd	r24, Z+3	; 0x03
 b30:	80 73       	andi	r24, 0x30	; 48
 b32:	29 f4       	brne	.+10     	; 0xb3e <vfscanf+0x20a>
 b34:	06 c0       	rjmp	.+12     	; 0xb42 <vfscanf+0x20e>
 b36:	00 fd       	sbrc	r16, 0
 b38:	0a cf       	rjmp	.-492    	; 0x94e <vfscanf+0x1a>
 b3a:	53 94       	inc	r5
 b3c:	08 cf       	rjmp	.-496    	; 0x94e <vfscanf+0x1a>
 b3e:	55 20       	and	r5, r5
 b40:	19 f0       	breq	.+6      	; 0xb48 <vfscanf+0x214>
 b42:	85 2d       	mov	r24, r5
 b44:	90 e0       	ldi	r25, 0x00	; 0
 b46:	02 c0       	rjmp	.+4      	; 0xb4c <vfscanf+0x218>
 b48:	8f ef       	ldi	r24, 0xFF	; 255
 b4a:	9f ef       	ldi	r25, 0xFF	; 255
 b4c:	cd b7       	in	r28, 0x3d	; 61
 b4e:	de b7       	in	r29, 0x3e	; 62
 b50:	ef e0       	ldi	r30, 0x0F	; 15
 b52:	0c 94 e8 06 	jmp	0xdd0	; 0xdd0 <__epilogue_restores__+0x6>

00000b56 <isspace>:
 b56:	91 11       	cpse	r25, r1
 b58:	0c 94 c6 06 	jmp	0xd8c	; 0xd8c <__ctype_isfalse>
 b5c:	80 32       	cpi	r24, 0x20	; 32
 b5e:	19 f0       	breq	.+6      	; 0xb66 <isspace+0x10>
 b60:	89 50       	subi	r24, 0x09	; 9
 b62:	85 50       	subi	r24, 0x05	; 5
 b64:	c8 f7       	brcc	.-14     	; 0xb58 <isspace+0x2>
 b66:	08 95       	ret

00000b68 <strchr_P>:
 b68:	fc 01       	movw	r30, r24
 b6a:	05 90       	lpm	r0, Z+
 b6c:	06 16       	cp	r0, r22
 b6e:	21 f0       	breq	.+8      	; 0xb78 <strchr_P+0x10>
 b70:	00 20       	and	r0, r0
 b72:	d9 f7       	brne	.-10     	; 0xb6a <strchr_P+0x2>
 b74:	c0 01       	movw	r24, r0
 b76:	08 95       	ret
 b78:	31 97       	sbiw	r30, 0x01	; 1
 b7a:	cf 01       	movw	r24, r30
 b7c:	08 95       	ret

00000b7e <strnlen_P>:
 b7e:	fc 01       	movw	r30, r24
 b80:	05 90       	lpm	r0, Z+
 b82:	61 50       	subi	r22, 0x01	; 1
 b84:	70 40       	sbci	r23, 0x00	; 0
 b86:	01 10       	cpse	r0, r1
 b88:	d8 f7       	brcc	.-10     	; 0xb80 <strnlen_P+0x2>
 b8a:	80 95       	com	r24
 b8c:	90 95       	com	r25
 b8e:	8e 0f       	add	r24, r30
 b90:	9f 1f       	adc	r25, r31
 b92:	08 95       	ret

00000b94 <strnlen>:
 b94:	fc 01       	movw	r30, r24
 b96:	61 50       	subi	r22, 0x01	; 1
 b98:	70 40       	sbci	r23, 0x00	; 0
 b9a:	01 90       	ld	r0, Z+
 b9c:	01 10       	cpse	r0, r1
 b9e:	d8 f7       	brcc	.-10     	; 0xb96 <strnlen+0x2>
 ba0:	80 95       	com	r24
 ba2:	90 95       	com	r25
 ba4:	8e 0f       	add	r24, r30
 ba6:	9f 1f       	adc	r25, r31
 ba8:	08 95       	ret

00000baa <fgetc>:
 baa:	cf 93       	push	r28
 bac:	df 93       	push	r29
 bae:	ec 01       	movw	r28, r24
 bb0:	2b 81       	ldd	r18, Y+3	; 0x03
 bb2:	20 ff       	sbrs	r18, 0
 bb4:	33 c0       	rjmp	.+102    	; 0xc1c <fgetc+0x72>
 bb6:	26 ff       	sbrs	r18, 6
 bb8:	0a c0       	rjmp	.+20     	; 0xbce <fgetc+0x24>
 bba:	2f 7b       	andi	r18, 0xBF	; 191
 bbc:	2b 83       	std	Y+3, r18	; 0x03
 bbe:	8e 81       	ldd	r24, Y+6	; 0x06
 bc0:	9f 81       	ldd	r25, Y+7	; 0x07
 bc2:	01 96       	adiw	r24, 0x01	; 1
 bc4:	9f 83       	std	Y+7, r25	; 0x07
 bc6:	8e 83       	std	Y+6, r24	; 0x06
 bc8:	8a 81       	ldd	r24, Y+2	; 0x02
 bca:	90 e0       	ldi	r25, 0x00	; 0
 bcc:	29 c0       	rjmp	.+82     	; 0xc20 <fgetc+0x76>
 bce:	22 ff       	sbrs	r18, 2
 bd0:	0f c0       	rjmp	.+30     	; 0xbf0 <fgetc+0x46>
 bd2:	e8 81       	ld	r30, Y
 bd4:	f9 81       	ldd	r31, Y+1	; 0x01
 bd6:	80 81       	ld	r24, Z
 bd8:	08 2e       	mov	r0, r24
 bda:	00 0c       	add	r0, r0
 bdc:	99 0b       	sbc	r25, r25
 bde:	00 97       	sbiw	r24, 0x00	; 0
 be0:	19 f4       	brne	.+6      	; 0xbe8 <fgetc+0x3e>
 be2:	20 62       	ori	r18, 0x20	; 32
 be4:	2b 83       	std	Y+3, r18	; 0x03
 be6:	1a c0       	rjmp	.+52     	; 0xc1c <fgetc+0x72>
 be8:	31 96       	adiw	r30, 0x01	; 1
 bea:	f9 83       	std	Y+1, r31	; 0x01
 bec:	e8 83       	st	Y, r30
 bee:	0e c0       	rjmp	.+28     	; 0xc0c <fgetc+0x62>
 bf0:	ea 85       	ldd	r30, Y+10	; 0x0a
 bf2:	fb 85       	ldd	r31, Y+11	; 0x0b
 bf4:	09 95       	icall
 bf6:	97 ff       	sbrs	r25, 7
 bf8:	09 c0       	rjmp	.+18     	; 0xc0c <fgetc+0x62>
 bfa:	2b 81       	ldd	r18, Y+3	; 0x03
 bfc:	01 96       	adiw	r24, 0x01	; 1
 bfe:	11 f0       	breq	.+4      	; 0xc04 <fgetc+0x5a>
 c00:	80 e2       	ldi	r24, 0x20	; 32
 c02:	01 c0       	rjmp	.+2      	; 0xc06 <fgetc+0x5c>
 c04:	80 e1       	ldi	r24, 0x10	; 16
 c06:	82 2b       	or	r24, r18
 c08:	8b 83       	std	Y+3, r24	; 0x03
 c0a:	08 c0       	rjmp	.+16     	; 0xc1c <fgetc+0x72>
 c0c:	2e 81       	ldd	r18, Y+6	; 0x06
 c0e:	3f 81       	ldd	r19, Y+7	; 0x07
 c10:	2f 5f       	subi	r18, 0xFF	; 255
 c12:	3f 4f       	sbci	r19, 0xFF	; 255
 c14:	3f 83       	std	Y+7, r19	; 0x07
 c16:	2e 83       	std	Y+6, r18	; 0x06
 c18:	99 27       	eor	r25, r25
 c1a:	02 c0       	rjmp	.+4      	; 0xc20 <fgetc+0x76>
 c1c:	8f ef       	ldi	r24, 0xFF	; 255
 c1e:	9f ef       	ldi	r25, 0xFF	; 255
 c20:	df 91       	pop	r29
 c22:	cf 91       	pop	r28
 c24:	08 95       	ret

00000c26 <fputc>:
 c26:	0f 93       	push	r16
 c28:	1f 93       	push	r17
 c2a:	cf 93       	push	r28
 c2c:	df 93       	push	r29
 c2e:	fb 01       	movw	r30, r22
 c30:	23 81       	ldd	r18, Z+3	; 0x03
 c32:	21 fd       	sbrc	r18, 1
 c34:	03 c0       	rjmp	.+6      	; 0xc3c <fputc+0x16>
 c36:	8f ef       	ldi	r24, 0xFF	; 255
 c38:	9f ef       	ldi	r25, 0xFF	; 255
 c3a:	2c c0       	rjmp	.+88     	; 0xc94 <fputc+0x6e>
 c3c:	22 ff       	sbrs	r18, 2
 c3e:	16 c0       	rjmp	.+44     	; 0xc6c <fputc+0x46>
 c40:	46 81       	ldd	r20, Z+6	; 0x06
 c42:	57 81       	ldd	r21, Z+7	; 0x07
 c44:	24 81       	ldd	r18, Z+4	; 0x04
 c46:	35 81       	ldd	r19, Z+5	; 0x05
 c48:	42 17       	cp	r20, r18
 c4a:	53 07       	cpc	r21, r19
 c4c:	44 f4       	brge	.+16     	; 0xc5e <fputc+0x38>
 c4e:	a0 81       	ld	r26, Z
 c50:	b1 81       	ldd	r27, Z+1	; 0x01
 c52:	9d 01       	movw	r18, r26
 c54:	2f 5f       	subi	r18, 0xFF	; 255
 c56:	3f 4f       	sbci	r19, 0xFF	; 255
 c58:	31 83       	std	Z+1, r19	; 0x01
 c5a:	20 83       	st	Z, r18
 c5c:	8c 93       	st	X, r24
 c5e:	26 81       	ldd	r18, Z+6	; 0x06
 c60:	37 81       	ldd	r19, Z+7	; 0x07
 c62:	2f 5f       	subi	r18, 0xFF	; 255
 c64:	3f 4f       	sbci	r19, 0xFF	; 255
 c66:	37 83       	std	Z+7, r19	; 0x07
 c68:	26 83       	std	Z+6, r18	; 0x06
 c6a:	14 c0       	rjmp	.+40     	; 0xc94 <fputc+0x6e>
 c6c:	8b 01       	movw	r16, r22
 c6e:	ec 01       	movw	r28, r24
 c70:	fb 01       	movw	r30, r22
 c72:	00 84       	ldd	r0, Z+8	; 0x08
 c74:	f1 85       	ldd	r31, Z+9	; 0x09
 c76:	e0 2d       	mov	r30, r0
 c78:	09 95       	icall
 c7a:	89 2b       	or	r24, r25
 c7c:	e1 f6       	brne	.-72     	; 0xc36 <fputc+0x10>
 c7e:	d8 01       	movw	r26, r16
 c80:	16 96       	adiw	r26, 0x06	; 6
 c82:	8d 91       	ld	r24, X+
 c84:	9c 91       	ld	r25, X
 c86:	17 97       	sbiw	r26, 0x07	; 7
 c88:	01 96       	adiw	r24, 0x01	; 1
 c8a:	17 96       	adiw	r26, 0x07	; 7
 c8c:	9c 93       	st	X, r25
 c8e:	8e 93       	st	-X, r24
 c90:	16 97       	sbiw	r26, 0x06	; 6
 c92:	ce 01       	movw	r24, r28
 c94:	df 91       	pop	r29
 c96:	cf 91       	pop	r28
 c98:	1f 91       	pop	r17
 c9a:	0f 91       	pop	r16
 c9c:	08 95       	ret

00000c9e <ungetc>:
 c9e:	fb 01       	movw	r30, r22
 ca0:	23 81       	ldd	r18, Z+3	; 0x03
 ca2:	20 ff       	sbrs	r18, 0
 ca4:	12 c0       	rjmp	.+36     	; 0xcca <ungetc+0x2c>
 ca6:	26 fd       	sbrc	r18, 6
 ca8:	10 c0       	rjmp	.+32     	; 0xcca <ungetc+0x2c>
 caa:	8f 3f       	cpi	r24, 0xFF	; 255
 cac:	3f ef       	ldi	r19, 0xFF	; 255
 cae:	93 07       	cpc	r25, r19
 cb0:	61 f0       	breq	.+24     	; 0xcca <ungetc+0x2c>
 cb2:	82 83       	std	Z+2, r24	; 0x02
 cb4:	2f 7d       	andi	r18, 0xDF	; 223
 cb6:	20 64       	ori	r18, 0x40	; 64
 cb8:	23 83       	std	Z+3, r18	; 0x03
 cba:	26 81       	ldd	r18, Z+6	; 0x06
 cbc:	37 81       	ldd	r19, Z+7	; 0x07
 cbe:	21 50       	subi	r18, 0x01	; 1
 cc0:	31 09       	sbc	r19, r1
 cc2:	37 83       	std	Z+7, r19	; 0x07
 cc4:	26 83       	std	Z+6, r18	; 0x06
 cc6:	99 27       	eor	r25, r25
 cc8:	08 95       	ret
 cca:	8f ef       	ldi	r24, 0xFF	; 255
 ccc:	9f ef       	ldi	r25, 0xFF	; 255
 cce:	08 95       	ret

00000cd0 <__ultoa_invert>:
 cd0:	fa 01       	movw	r30, r20
 cd2:	aa 27       	eor	r26, r26
 cd4:	28 30       	cpi	r18, 0x08	; 8
 cd6:	51 f1       	breq	.+84     	; 0xd2c <__ultoa_invert+0x5c>
 cd8:	20 31       	cpi	r18, 0x10	; 16
 cda:	81 f1       	breq	.+96     	; 0xd3c <__ultoa_invert+0x6c>
 cdc:	e8 94       	clt
 cde:	6f 93       	push	r22
 ce0:	6e 7f       	andi	r22, 0xFE	; 254
 ce2:	6e 5f       	subi	r22, 0xFE	; 254
 ce4:	7f 4f       	sbci	r23, 0xFF	; 255
 ce6:	8f 4f       	sbci	r24, 0xFF	; 255
 ce8:	9f 4f       	sbci	r25, 0xFF	; 255
 cea:	af 4f       	sbci	r26, 0xFF	; 255
 cec:	b1 e0       	ldi	r27, 0x01	; 1
 cee:	3e d0       	rcall	.+124    	; 0xd6c <__ultoa_invert+0x9c>
 cf0:	b4 e0       	ldi	r27, 0x04	; 4
 cf2:	3c d0       	rcall	.+120    	; 0xd6c <__ultoa_invert+0x9c>
 cf4:	67 0f       	add	r22, r23
 cf6:	78 1f       	adc	r23, r24
 cf8:	89 1f       	adc	r24, r25
 cfa:	9a 1f       	adc	r25, r26
 cfc:	a1 1d       	adc	r26, r1
 cfe:	68 0f       	add	r22, r24
 d00:	79 1f       	adc	r23, r25
 d02:	8a 1f       	adc	r24, r26
 d04:	91 1d       	adc	r25, r1
 d06:	a1 1d       	adc	r26, r1
 d08:	6a 0f       	add	r22, r26
 d0a:	71 1d       	adc	r23, r1
 d0c:	81 1d       	adc	r24, r1
 d0e:	91 1d       	adc	r25, r1
 d10:	a1 1d       	adc	r26, r1
 d12:	20 d0       	rcall	.+64     	; 0xd54 <__ultoa_invert+0x84>
 d14:	09 f4       	brne	.+2      	; 0xd18 <__ultoa_invert+0x48>
 d16:	68 94       	set
 d18:	3f 91       	pop	r19
 d1a:	2a e0       	ldi	r18, 0x0A	; 10
 d1c:	26 9f       	mul	r18, r22
 d1e:	11 24       	eor	r1, r1
 d20:	30 19       	sub	r19, r0
 d22:	30 5d       	subi	r19, 0xD0	; 208
 d24:	31 93       	st	Z+, r19
 d26:	de f6       	brtc	.-74     	; 0xcde <__ultoa_invert+0xe>
 d28:	cf 01       	movw	r24, r30
 d2a:	08 95       	ret
 d2c:	46 2f       	mov	r20, r22
 d2e:	47 70       	andi	r20, 0x07	; 7
 d30:	40 5d       	subi	r20, 0xD0	; 208
 d32:	41 93       	st	Z+, r20
 d34:	b3 e0       	ldi	r27, 0x03	; 3
 d36:	0f d0       	rcall	.+30     	; 0xd56 <__ultoa_invert+0x86>
 d38:	c9 f7       	brne	.-14     	; 0xd2c <__ultoa_invert+0x5c>
 d3a:	f6 cf       	rjmp	.-20     	; 0xd28 <__ultoa_invert+0x58>
 d3c:	46 2f       	mov	r20, r22
 d3e:	4f 70       	andi	r20, 0x0F	; 15
 d40:	40 5d       	subi	r20, 0xD0	; 208
 d42:	4a 33       	cpi	r20, 0x3A	; 58
 d44:	18 f0       	brcs	.+6      	; 0xd4c <__ultoa_invert+0x7c>
 d46:	49 5d       	subi	r20, 0xD9	; 217
 d48:	31 fd       	sbrc	r19, 1
 d4a:	40 52       	subi	r20, 0x20	; 32
 d4c:	41 93       	st	Z+, r20
 d4e:	02 d0       	rcall	.+4      	; 0xd54 <__ultoa_invert+0x84>
 d50:	a9 f7       	brne	.-22     	; 0xd3c <__ultoa_invert+0x6c>
 d52:	ea cf       	rjmp	.-44     	; 0xd28 <__ultoa_invert+0x58>
 d54:	b4 e0       	ldi	r27, 0x04	; 4
 d56:	a6 95       	lsr	r26
 d58:	97 95       	ror	r25
 d5a:	87 95       	ror	r24
 d5c:	77 95       	ror	r23
 d5e:	67 95       	ror	r22
 d60:	ba 95       	dec	r27
 d62:	c9 f7       	brne	.-14     	; 0xd56 <__ultoa_invert+0x86>
 d64:	00 97       	sbiw	r24, 0x00	; 0
 d66:	61 05       	cpc	r22, r1
 d68:	71 05       	cpc	r23, r1
 d6a:	08 95       	ret
 d6c:	9b 01       	movw	r18, r22
 d6e:	ac 01       	movw	r20, r24
 d70:	0a 2e       	mov	r0, r26
 d72:	06 94       	lsr	r0
 d74:	57 95       	ror	r21
 d76:	47 95       	ror	r20
 d78:	37 95       	ror	r19
 d7a:	27 95       	ror	r18
 d7c:	ba 95       	dec	r27
 d7e:	c9 f7       	brne	.-14     	; 0xd72 <__ultoa_invert+0xa2>
 d80:	62 0f       	add	r22, r18
 d82:	73 1f       	adc	r23, r19
 d84:	84 1f       	adc	r24, r20
 d86:	95 1f       	adc	r25, r21
 d88:	a0 1d       	adc	r26, r0
 d8a:	08 95       	ret

00000d8c <__ctype_isfalse>:
 d8c:	99 27       	eor	r25, r25
 d8e:	88 27       	eor	r24, r24

00000d90 <__ctype_istrue>:
 d90:	08 95       	ret

00000d92 <__prologue_saves__>:
 d92:	2f 92       	push	r2
 d94:	3f 92       	push	r3
 d96:	4f 92       	push	r4
 d98:	5f 92       	push	r5
 d9a:	6f 92       	push	r6
 d9c:	7f 92       	push	r7
 d9e:	8f 92       	push	r8
 da0:	9f 92       	push	r9
 da2:	af 92       	push	r10
 da4:	bf 92       	push	r11
 da6:	cf 92       	push	r12
 da8:	df 92       	push	r13
 daa:	ef 92       	push	r14
 dac:	ff 92       	push	r15
 dae:	0f 93       	push	r16
 db0:	1f 93       	push	r17
 db2:	cf 93       	push	r28
 db4:	df 93       	push	r29
 db6:	cd b7       	in	r28, 0x3d	; 61
 db8:	de b7       	in	r29, 0x3e	; 62
 dba:	ca 1b       	sub	r28, r26
 dbc:	db 0b       	sbc	r29, r27
 dbe:	0f b6       	in	r0, 0x3f	; 63
 dc0:	f8 94       	cli
 dc2:	de bf       	out	0x3e, r29	; 62
 dc4:	0f be       	out	0x3f, r0	; 63
 dc6:	cd bf       	out	0x3d, r28	; 61
 dc8:	09 94       	ijmp

00000dca <__epilogue_restores__>:
 dca:	2a 88       	ldd	r2, Y+18	; 0x12
 dcc:	39 88       	ldd	r3, Y+17	; 0x11
 dce:	48 88       	ldd	r4, Y+16	; 0x10
 dd0:	5f 84       	ldd	r5, Y+15	; 0x0f
 dd2:	6e 84       	ldd	r6, Y+14	; 0x0e
 dd4:	7d 84       	ldd	r7, Y+13	; 0x0d
 dd6:	8c 84       	ldd	r8, Y+12	; 0x0c
 dd8:	9b 84       	ldd	r9, Y+11	; 0x0b
 dda:	aa 84       	ldd	r10, Y+10	; 0x0a
 ddc:	b9 84       	ldd	r11, Y+9	; 0x09
 dde:	c8 84       	ldd	r12, Y+8	; 0x08
 de0:	df 80       	ldd	r13, Y+7	; 0x07
 de2:	ee 80       	ldd	r14, Y+6	; 0x06
 de4:	fd 80       	ldd	r15, Y+5	; 0x05
 de6:	0c 81       	ldd	r16, Y+4	; 0x04
 de8:	1b 81       	ldd	r17, Y+3	; 0x03
 dea:	aa 81       	ldd	r26, Y+2	; 0x02
 dec:	b9 81       	ldd	r27, Y+1	; 0x01
 dee:	ce 0f       	add	r28, r30
 df0:	d1 1d       	adc	r29, r1
 df2:	0f b6       	in	r0, 0x3f	; 63
 df4:	f8 94       	cli
 df6:	de bf       	out	0x3e, r29	; 62
 df8:	0f be       	out	0x3f, r0	; 63
 dfa:	cd bf       	out	0x3d, r28	; 61
 dfc:	ed 01       	movw	r28, r26
 dfe:	08 95       	ret

00000e00 <_exit>:
 e00:	f8 94       	cli

00000e02 <__stop_program>:
 e02:	ff cf       	rjmp	.-2      	; 0xe02 <__stop_program>
